Using atm_master_file: /Users/ahmetserdargeze/Desktop/selen/proje/outputs/weeklyavg_FIXED_end_20070225_atm_master.csv 2026-03-05 23:51:06.644075
Using edges_file     : /Users/ahmetserdargeze/Desktop/selen/proje/outputs/weeklyavg_FIXED_end_20070225_edges_dist_km.csv 2026-03-05 23:51:04.963497
Using r_file (DEMAND): /Users/ahmetserdargeze/Desktop/selen/proje/outputs/weeklyavg_Scenario1_end_20070715_r_nextweek.json 2026-03-07 02:19:15.215554
Using run_report_file: run_report_end_20070715.log
=== START OPTIMIZE ===
=== END OPTIMIZE ===

================= POST-SOLVE ANALYSIS =================
Status: TIME_LIMIT
Objective value: 40148.283519985045
Summary: total visits=26, total used-edges=30

-- Inventory/Shortage Summary --
Total inventory sum(I): 19768858.20
Max inventory: 274535.77 at ATM 9 t=3
Total shortage sum(S): 1977061.88
Shortage events count: 158
Max shortage: 40476.88 at ATM 3 t=2

================= SANITY CHECKS =================

-- Checking Inventory Balance --
Inventory balance checks: 294 checked, 0 failed

-- Checking Cassette Consistency (only when visited / q>0) --
Cassette checks: 30 checked, 0 failed

-- Checking Pickup Logic (only when visited / p>0) --
Pickup checks: 27 checked, 0 failed

-- Checking Degree Constraints --
Degree checks: 301 checked, 0 failed

========================================
All sanity checks PASSED.
========================================


================================================================================
FINAL SUMMARY
Status: 9 | SolCount: 10
Objective: 40148.283519985045
Sanity checks passed? True
================================================================================


================= SERVICE SUMMARY (COMPACT) =================
Objective (total cost): 40148.28
t=1 | ATM=Z0241002 | k=1 | y=1 | q=300000 | p=0 | w=1 | gamma=300000
t=1 | ATM=Z0241003 | k=1 | y=1 | q=300000 | p=0 | w=1 | gamma=300000
t=1 | ATM=Z0284001 | k=1 | y=1 | q=300000 | p=0 | w=1 | gamma=300000
t=1 | ATM=Z0386003 | k=1 | y=1 | q=300000 | p=0 | w=1 | gamma=300000
t=1 | ATM=Z0646001 | k=1 | y=1 | q=300000 | p=0 | w=1 | gamma=300000
t=1 | ATM=Z0899001 | k=1 | y=1 | q=300000 | p=0 | w=1 | gamma=300000
t=1 | ATM=Z0908001 | k=1 | y=1 | q=300000 | p=0 | w=1 | gamma=300000
t=1 | ATM=Z0951001 | k=1 | y=1 | q=300000 | p=0 | w=1 | gamma=300000
t=1 | ATM=Z0951002 | k=1 | y=1 | q=300000 | p=0 | w=1 | gamma=300000
t=1 | ATM=Z0972001 | k=1 | y=1 | q=300000 | p=0 | w=1 | gamma=300000
t=1 | ATM=Z1169001 | k=1 | y=1 | q=300000 | p=0 | w=1 | gamma=300000
t=1 | ATM=Z1367001 | k=1 | y=1 | q=300000 | p=0 | w=1 | gamma=300000
t=1 | ATM=Z1665001 | k=1 | y=1 | q=300000 | p=0 | w=1 | gamma=300000
t=1 | ATM=Z1769001 | k=1 | y=1 | q=300000 | p=0 | w=1 | gamma=300000
t=1 | ATM=Z2135001 | k=1 | y=1 | q=300000 | p=0 | w=1 | gamma=300000
t=1 | ATM=Z2135002 | k=1 | y=1 | q=300000 | p=0 | w=1 | gamma=300000
t=1 | used_edges=17
t=2 | ATM=Z0241004 | k=1 | y=1 | q=300000 | p=0 | w=1 | gamma=300000
t=2 | ATM=Z0276001 | k=1 | y=1 | q=300000 | p=0 | w=1 | gamma=300000
t=2 | ATM=Z0276002 | k=1 | y=1 | q=300000 | p=0 | w=1 | gamma=300000
t=2 | ATM=Z1367001 | k=1 | y=1 | q=300000 | p=219561 | w=1 | gamma=300000
t=2 | ATM=Z2135002 | k=1 | y=1 | q=300000 | p=239562 | w=1 | gamma=300000
t=2 | used_edges=6
t=3 | ATM=Z0241002 | k=1 | y=1 | q=300000 | p=223325 | w=1 | gamma=300000
t=3 | ATM=Z0241004 | k=1 | y=1 | q=300000 | p=267370 | w=1 | gamma=300000
t=3 | used_edges=3
t=4 | ATM=Z0284001 | k=1 | y=1 | q=400000 | p=100461 | w=2 | gamma=400000
t=4 | ATM=Z2135001 | k=1 | y=1 | q=300000 | p=177404 | w=1 | gamma=300000
t=4 | used_edges=3
t=5 | ATM=Z0241007 | k=1 | y=1 | q=300000 | p=0 | w=1 | gamma=300000
t=5 | used_edges=1
t=6: (no service)
t=7: (no service)
=============================================================


================= DAILY ROUTES =================

Day t=1, k=1:
  total_km   = 133.247 km
  route_cost = 333.119 €
  used edges:
    DEPOT -- Z0241003   (x=1, dist=1.579 km)
    DEPOT -- Z1169001   (x=1, dist=3.691 km)
    Z0241002 -- Z0241003   (x=1, dist=0.000 km)
    Z0241002 -- Z0284001   (x=1, dist=22.644 km)
    Z0284001 -- Z0951001   (x=1, dist=1.201 km)
    Z0386003 -- Z0951002   (x=1, dist=2.059 km)
    Z0386003 -- Z1367001   (x=1, dist=24.480 km)
    Z0646001 -- Z0899001   (x=1, dist=1.079 km)
    Z0646001 -- Z1169001   (x=1, dist=6.642 km)
    Z0899001 -- Z0908001   (x=1, dist=2.653 km)
    Z0908001 -- Z0972001   (x=1, dist=11.578 km)
    Z0951001 -- Z0951002   (x=1, dist=0.000 km)
    Z0972001 -- Z2135001   (x=1, dist=22.888 km)
    Z1367001 -- Z1665001   (x=1, dist=15.865 km)
    Z1665001 -- Z1769001   (x=1, dist=14.973 km)
    Z1769001 -- Z2135002   (x=1, dist=1.916 km)
    Z2135001 -- Z2135002   (x=1, dist=0.000 km)
  reconstructed tour: DEPOT -> Z0241003 -> Z0241002 -> Z0284001 -> Z0951001 -> Z0951002 -> Z0386003 -> Z1367001 -> Z1665001 -> Z1769001 -> Z2135002 -> Z2135001 -> Z0972001 -> Z0908001 -> Z0899001 -> Z0646001 -> Z1169001 -> DEPOT

Day t=2, k=1:
  total_km   = 43.568 km
  route_cost = 108.921 €
  used edges:
    DEPOT -- Z0241004   (x=1, dist=1.579 km)
    DEPOT -- Z2135002   (x=1, dist=7.077 km)
    Z0241004 -- Z0276002   (x=1, dist=11.386 km)
    Z0276001 -- Z0276002   (x=1, dist=0.000 km)
    Z0276001 -- Z1367001   (x=1, dist=13.637 km)
    Z1367001 -- Z2135002   (x=1, dist=9.890 km)
  reconstructed tour: DEPOT -> Z0241004 -> Z0276002 -> Z0276001 -> Z1367001 -> Z2135002 -> DEPOT

Day t=3, k=1:
  total_km   = 3.158 km
  route_cost = 7.895 €
  used edges:
    DEPOT -- Z0241002   (x=1, dist=1.579 km)
    DEPOT -- Z0241004   (x=1, dist=1.579 km)
    Z0241002 -- Z0241004   (x=1, dist=0.000 km)
  reconstructed tour: DEPOT -> Z0241002 -> Z0241004 -> DEPOT

Day t=4, k=1:
  total_km   = 60.391 km
  route_cost = 150.977 €
  used edges:
    DEPOT -- Z0284001   (x=1, dist=23.470 km)
    DEPOT -- Z2135001   (x=1, dist=7.077 km)
    Z0284001 -- Z2135001   (x=1, dist=29.843 km)
  reconstructed tour: DEPOT -> Z0284001 -> Z2135001 -> DEPOT

Day t=5, k=1:
  total_km   = 3.158 km
  route_cost = 7.895 €
  used edges:
    DEPOT -- Z0241007   (x=2, dist=1.579 km)
  reconstructed tour: DEPOT -> Z0241007 -> DEPOT

Day t=6, k=1: (no route)

Day t=7, k=1: (no route)
================================================


-- Optimality diagnostics --
Status: 9
SolCount: 10
ObjVal   : 40148.283520
ObjBound : 25311.643827
MIPGap   : 0.3695460526
AbsGap   : 14836.639693

================================================================================
FINAL SUMMARY
Status: 9 | SolCount: 10
Objective: 40148.283519985045

================= OBJECTIVE BREAKDOWN =================
inv_cost      = 19768.858202
stockout_cost = 19770.618772
route_cost    = 608.806546
sum(components)= 40148.283520
model.ObjVal   = 40148.283520
diff           = 2.182787e-11
=======================================================

Sanity checks passed? True
================================================================================

