Using atm_master_file: /Users/ahmetserdargeze/Desktop/selen/proje/outputs/weeklyavg_FIXED_end_20070225_atm_master.csv 2026-03-05 23:51:06.644075
Using edges_file     : /Users/ahmetserdargeze/Desktop/selen/proje/outputs/weeklyavg_FIXED_end_20070225_edges_dist_km.csv 2026-03-05 23:51:04.963497
Using r_file (DEMAND): /Users/ahmetserdargeze/Desktop/selen/proje/outputs/weeklyavg_Scenario1_end_20070318_r_nextweek.json 2026-03-06 16:55:16.596208
Using run_report_file: run_report_end_20070318.log
=== START OPTIMIZE ===
=== END OPTIMIZE ===

================= POST-SOLVE ANALYSIS =================
Status: TIME_LIMIT
Objective value: 37702.757271734634
Summary: total visits=27, total used-edges=33

-- Inventory/Shortage Summary --
Total inventory sum(I): 21735194.53
Max inventory: 284636.93 at ATM 30 t=5
Total shortage sum(S): 1536324.32
Shortage events count: 150
Max shortage: 43704.25 at ATM 28 t=6

================= SANITY CHECKS =================

-- Checking Inventory Balance --
Inventory balance checks: 294 checked, 0 failed

-- Checking Cassette Consistency (only when visited / q>0) --
Cassette checks: 33 checked, 0 failed

-- Checking Pickup Logic (only when visited / p>0) --
Pickup checks: 28 checked, 0 failed

-- Checking Degree Constraints --
Degree checks: 301 checked, 0 failed

========================================
All sanity checks PASSED.
========================================


================================================================================
FINAL SUMMARY
Status: 9 | SolCount: 10
Objective: 37702.757271734634
Sanity checks passed? True
================================================================================


================= SERVICE SUMMARY (COMPACT) =================
Objective (total cost): 37702.76
t=1 | ATM=Z0241006 | k=1 | y=1 | q=300000 | p=0 | w=1 | gamma=300000
t=1 | ATM=Z0284001 | k=1 | y=1 | q=300000 | p=0 | w=1 | gamma=300000
t=1 | ATM=Z0899001 | k=1 | y=1 | q=300000 | p=0 | w=1 | gamma=300000
t=1 | ATM=Z0908001 | k=1 | y=1 | q=300000 | p=0 | w=1 | gamma=300000
t=1 | ATM=Z0951001 | k=1 | y=1 | q=300000 | p=0 | w=1 | gamma=300000
t=1 | ATM=Z0951002 | k=1 | y=1 | q=300000 | p=0 | w=1 | gamma=300000
t=1 | ATM=Z1169001 | k=1 | y=1 | q=300000 | p=0 | w=1 | gamma=300000
t=1 | ATM=Z1367001 | k=1 | y=1 | q=300000 | p=0 | w=1 | gamma=300000
t=1 | ATM=Z1665001 | k=1 | y=1 | q=300000 | p=0 | w=1 | gamma=300000
t=1 | ATM=Z1769001 | k=1 | y=1 | q=300000 | p=0 | w=1 | gamma=300000
t=1 | ATM=Z2135001 | k=1 | y=1 | q=300000 | p=0 | w=1 | gamma=300000
t=1 | used_edges=12
t=2: (no service)
t=3 | ATM=Z0283001 | k=1 | y=1 | q=300000 | p=0 | w=1 | gamma=300000
t=3 | used_edges=1
t=4 | ATM=Z0241003 | k=1 | y=1 | q=300000 | p=0 | w=1 | gamma=300000
t=4 | ATM=Z0241004 | k=1 | y=1 | q=300000 | p=0 | w=1 | gamma=300000
t=4 | ATM=Z0276001 | k=1 | y=1 | q=300000 | p=0 | w=1 | gamma=300000
t=4 | ATM=Z0276002 | k=1 | y=1 | q=300000 | p=0 | w=1 | gamma=300000
t=4 | ATM=Z1031002 | k=1 | y=1 | q=300000 | p=0 | w=1 | gamma=300000
t=4 | used_edges=9
t=5 | ATM=Z0241002 | k=1 | y=1 | q=300000 | p=0 | w=1 | gamma=300000
t=5 | ATM=Z0386001 | k=1 | y=1 | q=300000 | p=0 | w=1 | gamma=300000
t=5 | ATM=Z0386002 | k=1 | y=1 | q=300000 | p=0 | w=1 | gamma=300000
t=5 | ATM=Z0386003 | k=1 | y=1 | q=300000 | p=0 | w=1 | gamma=300000
t=5 | ATM=Z0646001 | k=1 | y=1 | q=300000 | p=0 | w=1 | gamma=300000
t=5 | ATM=Z0646002 | k=1 | y=1 | q=300000 | p=0 | w=1 | gamma=300000
t=5 | ATM=Z0951001 | k=1 | y=1 | q=300000 | p=89578 | w=1 | gamma=300000
t=5 | ATM=Z1119001 | k=1 | y=1 | q=300000 | p=0 | w=1 | gamma=300000
t=5 | ATM=Z2135002 | k=1 | y=1 | q=300000 | p=0 | w=1 | gamma=300000
t=5 | used_edges=10
t=6 | ATM=Z1524001 | k=1 | y=1 | q=300000 | p=0 | w=1 | gamma=300000
t=6 | used_edges=1
t=7: (no service)
=============================================================


================= DAILY ROUTES =================

Day t=1, k=1:
  total_km   = 106.690 km
  route_cost = 266.725 €
  used edges:
    DEPOT -- Z0241006   (x=1, dist=1.579 km)
    DEPOT -- Z1169001   (x=1, dist=3.691 km)
    Z0241006 -- Z0284001   (x=1, dist=22.644 km)
    Z0284001 -- Z0951001   (x=1, dist=1.201 km)
    Z0899001 -- Z0908001   (x=1, dist=2.653 km)
    Z0899001 -- Z1169001   (x=1, dist=7.601 km)
    Z0908001 -- Z2135001   (x=1, dist=11.847 km)
    Z0951001 -- Z0951002   (x=1, dist=0.000 km)
    Z0951002 -- Z1367001   (x=1, dist=22.721 km)
    Z1367001 -- Z1665001   (x=1, dist=15.865 km)
    Z1665001 -- Z1769001   (x=1, dist=14.973 km)
    Z1769001 -- Z2135001   (x=1, dist=1.916 km)
  reconstructed tour: DEPOT -> Z0241006 -> Z0284001 -> Z0951001 -> Z0951002 -> Z1367001 -> Z1665001 -> Z1769001 -> Z2135001 -> Z0908001 -> Z0899001 -> Z1169001 -> DEPOT

Day t=2, k=1: (no route)

Day t=3, k=1:
  total_km   = 25.964 km
  route_cost = 64.909 €
  used edges:
    DEPOT -- Z0283001   (x=2, dist=12.982 km)
  reconstructed tour: DEPOT -> Z0283001 -> DEPOT

Day t=4, k=1:
  total_km   = 25.322 km
  route_cost = 63.304 €
  used edges:
    DEPOT -- Z0241004   (x=1, dist=1.579 km)
    DEPOT -- Z0276002   (x=1, dist=12.332 km)
    Z0241003 -- Z0241004   (x=1, dist=0.000 km)
    Z0241003 -- Z1031002   (x=1, dist=4.766 km)
    Z0276001 -- Z0276002   (x=1, dist=0.000 km)
    Z0276001 -- Z1031002   (x=1, dist=6.645 km)
  reconstructed tour: DEPOT -> Z0241004 -> Z0241003 -> Z1031002 -> Z0276001 -> Z0276002 -> DEPOT

Day t=5, k=1:
  total_km   = 76.493 km
  route_cost = 191.232 €
  used edges:
    DEPOT -- Z1119001   (x=1, dist=9.747 km)
    DEPOT -- Z2135002   (x=1, dist=7.077 km)
    Z0241002 -- Z0646001   (x=1, dist=8.867 km)
    Z0241002 -- Z0951001   (x=1, dist=23.360 km)
    Z0386001 -- Z0386002   (x=1, dist=0.000 km)
    Z0386001 -- Z0386003   (x=1, dist=0.000 km)
    Z0386002 -- Z0951001   (x=1, dist=2.059 km)
    Z0386003 -- Z1119001   (x=1, dist=16.438 km)
    Z0646001 -- Z0646002   (x=1, dist=0.000 km)
    Z0646002 -- Z2135002   (x=1, dist=8.944 km)
  reconstructed tour: DEPOT -> Z1119001 -> Z0386003 -> Z0386001 -> Z0386002 -> Z0951001 -> Z0241002 -> Z0646001 -> Z0646002 -> Z2135002 -> DEPOT

Day t=6, k=1:
  total_km   = 7.260 km
  route_cost = 18.149 €
  used edges:
    DEPOT -- Z1524001   (x=2, dist=3.630 km)
  reconstructed tour: DEPOT -> Z1524001 -> DEPOT

Day t=7, k=1: (no route)
================================================


-- Optimality diagnostics --
Status: 9
SolCount: 10
ObjVal   : 37702.757272
ObjBound : 22155.512558
MIPGap   : 0.4123635999
AbsGap   : 15547.244713

================================================================================
FINAL SUMMARY
Status: 9 | SolCount: 10
Objective: 37702.757271734634

================= OBJECTIVE BREAKDOWN =================
inv_cost      = 21735.194529
stockout_cost = 15363.243210
route_cost    = 604.319533
sum(components)= 37702.757272
model.ObjVal   = 37702.757272
diff           = 7.275958e-12
=======================================================

Sanity checks passed? True
================================================================================

