Using atm_master_file: /Users/ahmetserdargeze/Desktop/selen/proje/outputs/weeklyavg_FIXED_end_20070225_atm_master.csv 2026-03-05 23:51:06.644075
Using edges_file     : /Users/ahmetserdargeze/Desktop/selen/proje/outputs/weeklyavg_FIXED_end_20070225_edges_dist_km.csv 2026-03-05 23:51:04.963497
Using r_file (DEMAND): /Users/ahmetserdargeze/Desktop/selen/proje/outputs/weeklyavg_Scenario1_end_20070513_r_nextweek.json 2026-03-06 20:21:57.355716
Using run_report_file: run_report_end_20070513.log
=== START OPTIMIZE ===
=== END OPTIMIZE ===

================= POST-SOLVE ANALYSIS =================
Status: TIME_LIMIT
Objective value: 37892.910793800045
Summary: total visits=22, total used-edges=24

-- Inventory/Shortage Summary --
Total inventory sum(I): 15841507.13
Max inventory: 268632.86 at ATM 8 t=3
Total shortage sum(S): 2155524.84
Shortage events count: 165
Max shortage: 75628.13 at ATM 12 t=2

================= SANITY CHECKS =================

-- Checking Inventory Balance --
Inventory balance checks: 294 checked, 0 failed

-- Checking Cassette Consistency (only when visited / q>0) --
Cassette checks: 25 checked, 0 failed

-- Checking Pickup Logic (only when visited / p>0) --
Pickup checks: 22 checked, 0 failed

-- Checking Degree Constraints --
Degree checks: 301 checked, 0 failed

========================================
All sanity checks PASSED.
========================================


================================================================================
FINAL SUMMARY
Status: 9 | SolCount: 10
Objective: 37892.910793800045
Sanity checks passed? True
================================================================================


================= SERVICE SUMMARY (COMPACT) =================
Objective (total cost): 37892.91
t=1 | ATM=Z0241002 | k=1 | y=1 | q=300000 | p=0 | w=1 | gamma=300000
t=1 | ATM=Z0241004 | k=1 | y=1 | q=300000 | p=0 | w=1 | gamma=300000
t=1 | ATM=Z0646001 | k=1 | y=1 | q=300000 | p=0 | w=1 | gamma=300000
t=1 | ATM=Z0646002 | k=1 | y=1 | q=300000 | p=0 | w=1 | gamma=300000
t=1 | ATM=Z0899001 | k=1 | y=1 | q=300000 | p=0 | w=1 | gamma=300000
t=1 | ATM=Z0908001 | k=1 | y=1 | q=300000 | p=0 | w=1 | gamma=300000
t=1 | ATM=Z0951002 | k=1 | y=1 | q=300000 | p=0 | w=1 | gamma=300000
t=1 | ATM=Z0972001 | k=1 | y=1 | q=300000 | p=0 | w=1 | gamma=300000
t=1 | ATM=Z1119001 | k=1 | y=1 | q=300000 | p=0 | w=1 | gamma=300000
t=1 | ATM=Z1169001 | k=1 | y=1 | q=300000 | p=0 | w=1 | gamma=300000
t=1 | ATM=Z1367001 | k=1 | y=1 | q=400000 | p=0 | w=2 | gamma=400000
t=1 | ATM=Z1524001 | k=1 | y=1 | q=300000 | p=0 | w=1 | gamma=300000
t=1 | ATM=Z1665001 | k=1 | y=1 | q=300000 | p=0 | w=1 | gamma=300000
t=1 | ATM=Z1769001 | k=1 | y=1 | q=300000 | p=0 | w=1 | gamma=300000
t=1 | ATM=Z2135001 | k=1 | y=1 | q=300000 | p=0 | w=1 | gamma=300000
t=1 | ATM=Z2135002 | k=1 | y=1 | q=300000 | p=0 | w=1 | gamma=300000
t=1 | used_edges=17
t=2 | ATM=Z0241006 | k=1 | y=1 | q=300000 | p=0 | w=1 | gamma=300000
t=2 | ATM=Z0276001 | k=1 | y=1 | q=300000 | p=0 | w=1 | gamma=300000
t=2 | ATM=Z0284001 | k=1 | y=1 | q=300000 | p=0 | w=1 | gamma=300000
t=2 | ATM=Z0899001 | k=1 | y=1 | q=300000 | p=48601 | w=1 | gamma=300000
t=2 | ATM=Z0951001 | k=1 | y=1 | q=300000 | p=0 | w=1 | gamma=300000
t=2 | ATM=Z0951002 | k=1 | y=1 | q=300000 | p=206841 | w=1 | gamma=300000
t=2 | used_edges=7
t=3: (no service)
t=4: (no service)
t=5: (no service)
t=6: (no service)
t=7: (no service)
=============================================================


================= DAILY ROUTES =================

Day t=1, k=1:
  total_km   = 130.566 km
  route_cost = 326.415 €
  used edges:
    DEPOT -- Z0241002   (x=1, dist=1.579 km)
    DEPOT -- Z1169001   (x=1, dist=3.691 km)
    Z0241002 -- Z0241004   (x=1, dist=0.000 km)
    Z0241004 -- Z1119001   (x=1, dist=9.169 km)
    Z0646001 -- Z0646002   (x=1, dist=0.000 km)
    Z0646001 -- Z1524001   (x=1, dist=5.229 km)
    Z0646002 -- Z0899001   (x=1, dist=1.079 km)
    Z0899001 -- Z0908001   (x=1, dist=2.653 km)
    Z0908001 -- Z0972001   (x=1, dist=11.578 km)
    Z0951002 -- Z1119001   (x=1, dist=14.443 km)
    Z0951002 -- Z1367001   (x=1, dist=22.721 km)
    Z0972001 -- Z2135002   (x=1, dist=22.888 km)
    Z1169001 -- Z1524001   (x=1, dist=2.783 km)
    Z1367001 -- Z1665001   (x=1, dist=15.865 km)
    Z1665001 -- Z1769001   (x=1, dist=14.973 km)
    Z1769001 -- Z2135001   (x=1, dist=1.916 km)
    Z2135001 -- Z2135002   (x=1, dist=0.000 km)
  reconstructed tour: DEPOT -> Z0241002 -> Z0241004 -> Z1119001 -> Z0951002 -> Z1367001 -> Z1665001 -> Z1769001 -> Z2135001 -> Z2135002 -> Z0972001 -> Z0908001 -> Z0899001 -> Z0646002 -> Z0646001 -> Z1524001 -> Z1169001 -> DEPOT

Day t=2, k=1:
  total_km   = 67.896 km
  route_cost = 169.741 €
  used edges:
    DEPOT -- Z0899001   (x=1, dist=9.927 km)
    DEPOT -- Z0951001   (x=1, dist=24.129 km)
    Z0241006 -- Z0276001   (x=1, dist=11.386 km)
    Z0241006 -- Z0899001   (x=1, dist=9.945 km)
    Z0276001 -- Z0284001   (x=1, dist=11.309 km)
    Z0284001 -- Z0951002   (x=1, dist=1.201 km)
    Z0951001 -- Z0951002   (x=1, dist=0.000 km)
  reconstructed tour: DEPOT -> Z0899001 -> Z0241006 -> Z0276001 -> Z0284001 -> Z0951002 -> Z0951001 -> DEPOT

Day t=3, k=1: (no route)

Day t=4, k=1: (no route)

Day t=5, k=1: (no route)

Day t=6, k=1: (no route)

Day t=7, k=1: (no route)
================================================


-- Optimality diagnostics --
Status: 9
SolCount: 10
ObjVal   : 37892.910794
ObjBound : 27022.389145
MIPGap   : 0.2868748117
AbsGap   : 10870.521649

================================================================================
FINAL SUMMARY
Status: 9 | SolCount: 10
Objective: 37892.910793800045

================= OBJECTIVE BREAKDOWN =================
inv_cost      = 15841.507129
stockout_cost = 21555.248358
route_cost    = 496.155307
sum(components)= 37892.910794
model.ObjVal   = 37892.910794
diff           = 2.182787e-11
=======================================================

Sanity checks passed? True
================================================================================

