Using atm_master_file: /Users/ahmetserdargeze/Desktop/selen/proje/outputs/weeklyavg_FIXED_end_20070225_atm_master.csv 2026-03-05 23:51:06.644075
Using edges_file     : /Users/ahmetserdargeze/Desktop/selen/proje/outputs/weeklyavg_FIXED_end_20070225_edges_dist_km.csv 2026-03-05 23:51:04.963497
Using r_file (DEMAND): /Users/ahmetserdargeze/Desktop/selen/proje/outputs/weeklyavg_Scenario1_end_20070708_r_nextweek.json 2026-03-07 01:49:28.424966
Using run_report_file: run_report_end_20070708.log
=== START OPTIMIZE ===
=== END OPTIMIZE ===

================= POST-SOLVE ANALYSIS =================
Status: TIME_LIMIT
Objective value: 40412.514265059996
Summary: total visits=56, total used-edges=60

-- Inventory/Shortage Summary --
Total inventory sum(I): 22685127.55
Max inventory: 279636.90 at ATM 4 t=4
Total shortage sum(S): 1676574.57
Shortage events count: 102
Max shortage: 80258.03 at ATM 35 t=2

================= SANITY CHECKS =================

-- Checking Inventory Balance --
Inventory balance checks: 294 checked, 0 failed

-- Checking Cassette Consistency (only when visited / q>0) --
Cassette checks: 56 checked, 0 failed

-- Checking Pickup Logic (only when visited / p>0) --
Pickup checks: 56 checked, 0 failed

-- Checking Degree Constraints --
Degree checks: 301 checked, 0 failed

========================================
All sanity checks PASSED.
========================================


================================================================================
FINAL SUMMARY
Status: 9 | SolCount: 10
Objective: 40412.514265059996
Sanity checks passed? True
================================================================================


================= SERVICE SUMMARY (COMPACT) =================
Objective (total cost): 40412.51
t=1 | ATM=Z0241004 | k=1 | y=1 | q=300000 | p=0 | w=1 | gamma=300000
t=1 | ATM=Z0283001 | k=1 | y=1 | q=300000 | p=0 | w=1 | gamma=300000
t=1 | ATM=Z0284001 | k=1 | y=1 | q=300000 | p=0 | w=1 | gamma=300000
t=1 | ATM=Z0646001 | k=1 | y=1 | q=300000 | p=0 | w=1 | gamma=300000
t=1 | ATM=Z0646002 | k=1 | y=1 | q=300000 | p=0 | w=1 | gamma=300000
t=1 | ATM=Z0899001 | k=1 | y=1 | q=400000 | p=0 | w=2 | gamma=400000
t=1 | ATM=Z0908001 | k=1 | y=1 | q=300000 | p=0 | w=1 | gamma=300000
t=1 | ATM=Z0951001 | k=1 | y=1 | q=300000 | p=0 | w=1 | gamma=300000
t=1 | ATM=Z0951002 | k=1 | y=1 | q=300000 | p=0 | w=1 | gamma=300000
t=1 | ATM=Z0972001 | k=1 | y=1 | q=300000 | p=0 | w=1 | gamma=300000
t=1 | ATM=Z1169001 | k=1 | y=1 | q=300000 | p=0 | w=1 | gamma=300000
t=1 | ATM=Z1367001 | k=1 | y=1 | q=300000 | p=0 | w=1 | gamma=300000
t=1 | ATM=Z1524001 | k=1 | y=1 | q=300000 | p=0 | w=1 | gamma=300000
t=1 | ATM=Z1769001 | k=1 | y=1 | q=300000 | p=0 | w=1 | gamma=300000
t=1 | ATM=Z2135001 | k=1 | y=1 | q=300000 | p=0 | w=1 | gamma=300000
t=1 | ATM=Z2135002 | k=1 | y=1 | q=300000 | p=0 | w=1 | gamma=300000
t=1 | used_edges=17
t=2 | ATM=Z0241002 | k=1 | y=1 | q=300000 | p=0 | w=1 | gamma=300000
t=2 | ATM=Z0241003 | k=1 | y=1 | q=300000 | p=0 | w=1 | gamma=300000
t=2 | ATM=Z0276001 | k=1 | y=1 | q=300000 | p=0 | w=1 | gamma=300000
t=2 | ATM=Z0276002 | k=1 | y=1 | q=300000 | p=0 | w=1 | gamma=300000
t=2 | ATM=Z0284001 | k=1 | y=1 | q=300000 | p=95534 | w=1 | gamma=300000
t=2 | ATM=Z0386001 | k=1 | y=1 | q=300000 | p=0 | w=1 | gamma=300000
t=2 | ATM=Z0386002 | k=1 | y=1 | q=300000 | p=0 | w=1 | gamma=300000
t=2 | ATM=Z0386003 | k=1 | y=1 | q=300000 | p=0 | w=1 | gamma=300000
t=2 | ATM=Z0972001 | k=1 | y=1 | q=300000 | p=209766 | w=1 | gamma=300000
t=2 | ATM=Z1031002 | k=1 | y=1 | q=300000 | p=0 | w=1 | gamma=300000
t=2 | ATM=Z1119001 | k=1 | y=1 | q=300000 | p=0 | w=1 | gamma=300000
t=2 | ATM=Z1169001 | k=1 | y=1 | q=300000 | p=209975 | w=1 | gamma=300000
t=2 | ATM=Z1665001 | k=1 | y=1 | q=300000 | p=0 | w=1 | gamma=300000
t=2 | ATM=Z1899001 | k=1 | y=1 | q=300000 | p=0 | w=1 | gamma=300000
t=2 | ATM=Z1899002 | k=1 | y=1 | q=300000 | p=0 | w=1 | gamma=300000
t=2 | ATM=Z2011001 | k=1 | y=1 | q=300000 | p=0 | w=1 | gamma=300000
t=2 | used_edges=17
t=3 | ATM=Z0241002 | k=1 | y=1 | q=300000 | p=239348 | w=1 | gamma=300000
t=3 | ATM=Z0241005 | k=1 | y=1 | q=300000 | p=0 | w=1 | gamma=300000
t=3 | ATM=Z0241007 | k=1 | y=1 | q=300000 | p=0 | w=1 | gamma=300000
t=3 | ATM=Z0276001 | k=1 | y=1 | q=300000 | p=234219 | w=1 | gamma=300000
t=3 | ATM=Z0646001 | k=1 | y=1 | q=300000 | p=90506 | w=1 | gamma=300000
t=3 | ATM=Z0646002 | k=1 | y=1 | q=300000 | p=82217 | w=1 | gamma=300000
t=3 | ATM=Z0899001 | k=1 | y=1 | q=300000 | p=80390 | w=1 | gamma=300000
t=3 | ATM=Z1119001 | k=1 | y=1 | q=300000 | p=233001 | w=1 | gamma=300000
t=3 | ATM=Z1367001 | k=1 | y=1 | q=300000 | p=43944 | w=1 | gamma=300000
t=3 | ATM=Z1769001 | k=1 | y=1 | q=300000 | p=76139 | w=1 | gamma=300000
t=3 | used_edges=11
t=4 | ATM=Z0241004 | k=1 | y=1 | q=300000 | p=71523 | w=1 | gamma=300000
t=4 | ATM=Z0284001 | k=1 | y=1 | q=300000 | p=36324 | w=1 | gamma=300000
t=4 | ATM=Z0646001 | k=1 | y=1 | q=300000 | p=174043 | w=1 | gamma=300000
t=4 | ATM=Z0646002 | k=1 | y=1 | q=300000 | p=173446 | w=1 | gamma=300000
t=4 | ATM=Z0899001 | k=1 | y=1 | q=300000 | p=149087 | w=1 | gamma=300000
t=4 | ATM=Z0908001 | k=1 | y=1 | q=300000 | p=0 | w=1 | gamma=300000
t=4 | ATM=Z0951001 | k=1 | y=1 | q=300000 | p=60541 | w=1 | gamma=300000
t=4 | ATM=Z0951002 | k=1 | y=1 | q=300000 | p=60483 | w=1 | gamma=300000
t=4 | ATM=Z1031001 | k=1 | y=1 | q=300000 | p=0 | w=1 | gamma=300000
t=4 | ATM=Z1367001 | k=1 | y=1 | q=300000 | p=148409 | w=1 | gamma=300000
t=4 | ATM=Z1524001 | k=1 | y=1 | q=300000 | p=8959 | w=1 | gamma=300000
t=4 | ATM=Z1769001 | k=1 | y=1 | q=400000 | p=187503 | w=2 | gamma=400000
t=4 | ATM=Z2135001 | k=1 | y=1 | q=400000 | p=0 | w=2 | gamma=400000
t=4 | ATM=Z2135002 | k=1 | y=1 | q=300000 | p=48287 | w=1 | gamma=300000
t=4 | used_edges=15
t=5: (no service)
t=6: (no service)
t=7: (no service)
=============================================================


================= DAILY ROUTES =================

Day t=1, k=1:
  total_km   = 109.893 km
  route_cost = 274.732 €
  used edges:
    DEPOT -- Z0241004   (x=1, dist=1.579 km)
    DEPOT -- Z1169001   (x=1, dist=3.691 km)
    Z0241004 -- Z0284001   (x=1, dist=22.644 km)
    Z0283001 -- Z0972001   (x=1, dist=11.570 km)
    Z0283001 -- Z1769001   (x=1, dist=11.359 km)
    Z0284001 -- Z0951001   (x=1, dist=1.201 km)
    Z0646001 -- Z0646002   (x=1, dist=0.000 km)
    Z0646001 -- Z1524001   (x=1, dist=5.229 km)
    Z0646002 -- Z0899001   (x=1, dist=1.079 km)
    Z0899001 -- Z0908001   (x=1, dist=2.653 km)
    Z0908001 -- Z0972001   (x=1, dist=11.578 km)
    Z0951001 -- Z0951002   (x=1, dist=0.000 km)
    Z0951002 -- Z1367001   (x=1, dist=22.721 km)
    Z1169001 -- Z1524001   (x=1, dist=2.783 km)
    Z1367001 -- Z2135001   (x=1, dist=9.890 km)
    Z1769001 -- Z2135002   (x=1, dist=1.916 km)
    Z2135001 -- Z2135002   (x=1, dist=0.000 km)
  reconstructed tour: DEPOT -> Z0241004 -> Z0284001 -> Z0951001 -> Z0951002 -> Z1367001 -> Z2135001 -> Z2135002 -> Z1769001 -> Z0283001 -> Z0972001 -> Z0908001 -> Z0899001 -> Z0646002 -> Z0646001 -> Z1524001 -> Z1169001 -> DEPOT

Day t=2, k=1:
  total_km   = 132.241 km
  route_cost = 330.604 €
  used edges:
    DEPOT -- Z0241003   (x=1, dist=1.579 km)
    DEPOT -- Z1169001   (x=1, dist=3.691 km)
    Z0241002 -- Z0241003   (x=1, dist=0.000 km)
    Z0241002 -- Z1031002   (x=1, dist=4.766 km)
    Z0276001 -- Z0276002   (x=1, dist=0.000 km)
    Z0276001 -- Z1119001   (x=1, dist=3.712 km)
    Z0276002 -- Z0284001   (x=1, dist=11.309 km)
    Z0284001 -- Z0386002   (x=1, dist=3.043 km)
    Z0386001 -- Z0386002   (x=1, dist=0.000 km)
    Z0386001 -- Z0386003   (x=1, dist=0.000 km)
    Z0386003 -- Z1665001   (x=1, dist=39.242 km)
    Z0972001 -- Z1169001   (x=1, dist=21.754 km)
    Z0972001 -- Z2011001   (x=1, dist=23.414 km)
    Z1031002 -- Z1119001   (x=1, dist=5.034 km)
    Z1665001 -- Z1899001   (x=1, dist=14.632 km)
    Z1899001 -- Z1899002   (x=1, dist=0.000 km)
    Z1899002 -- Z2011001   (x=1, dist=0.066 km)
  reconstructed tour: DEPOT -> Z0241003 -> Z0241002 -> Z1031002 -> Z1119001 -> Z0276001 -> Z0276002 -> Z0284001 -> Z0386002 -> Z0386001 -> Z0386003 -> Z1665001 -> Z1899001 -> Z1899002 -> Z2011001 -> Z0972001 -> Z1169001 -> DEPOT

Day t=3, k=1:
  total_km   = 57.896 km
  route_cost = 144.741 €
  used edges:
    DEPOT -- Z0241002   (x=1, dist=1.579 km)
    DEPOT -- Z0646002   (x=1, dist=8.856 km)
    Z0241002 -- Z0241005   (x=1, dist=0.000 km)
    Z0241005 -- Z0241007   (x=1, dist=0.000 km)
    Z0241007 -- Z0276001   (x=1, dist=11.386 km)
    Z0276001 -- Z1119001   (x=1, dist=3.712 km)
    Z0646001 -- Z0646002   (x=1, dist=0.000 km)
    Z0646001 -- Z0899001   (x=1, dist=1.079 km)
    Z0899001 -- Z1769001   (x=1, dist=10.077 km)
    Z1119001 -- Z1367001   (x=1, dist=9.926 km)
    Z1367001 -- Z1769001   (x=1, dist=11.282 km)
  reconstructed tour: DEPOT -> Z0241002 -> Z0241005 -> Z0241007 -> Z0276001 -> Z1119001 -> Z1367001 -> Z1769001 -> Z0899001 -> Z0646001 -> Z0646002 -> DEPOT

Day t=4, k=1:
  total_km   = 84.626 km
  route_cost = 211.565 €
  used edges:
    DEPOT -- Z0241004   (x=1, dist=1.579 km)
    DEPOT -- Z1524001   (x=1, dist=3.630 km)
    Z0241004 -- Z1031001   (x=1, dist=4.766 km)
    Z0284001 -- Z0951002   (x=1, dist=1.201 km)
    Z0284001 -- Z1031001   (x=1, dist=17.942 km)
    Z0646001 -- Z0646002   (x=1, dist=0.000 km)
    Z0646001 -- Z0899001   (x=1, dist=1.079 km)
    Z0646002 -- Z1524001   (x=1, dist=5.229 km)
    Z0899001 -- Z0908001   (x=1, dist=2.653 km)
    Z0908001 -- Z1769001   (x=1, dist=12.020 km)
    Z0951001 -- Z0951002   (x=1, dist=0.000 km)
    Z0951001 -- Z1367001   (x=1, dist=22.721 km)
    Z1367001 -- Z2135001   (x=1, dist=9.890 km)
    Z1769001 -- Z2135002   (x=1, dist=1.916 km)
    Z2135001 -- Z2135002   (x=1, dist=0.000 km)
  reconstructed tour: DEPOT -> Z0241004 -> Z1031001 -> Z0284001 -> Z0951002 -> Z0951001 -> Z1367001 -> Z2135001 -> Z2135002 -> Z1769001 -> Z0908001 -> Z0899001 -> Z0646001 -> Z0646002 -> Z1524001 -> DEPOT

Day t=5, k=1: (no route)

Day t=6, k=1: (no route)

Day t=7, k=1: (no route)
================================================


-- Optimality diagnostics --
Status: 9
SolCount: 10
ObjVal   : 40412.514265
ObjBound : 30421.412637
MIPGap   : 0.2472279147
AbsGap   : 9991.101628

================================================================================
FINAL SUMMARY
Status: 9 | SolCount: 10
Objective: 40412.514265059996

================= OBJECTIVE BREAKDOWN =================
inv_cost      = 22685.127551
stockout_cost = 16765.745682
route_cost    = 961.641032
sum(components)= 40412.514265
model.ObjVal   = 40412.514265
diff           = 7.275958e-12
=======================================================

Sanity checks passed? True
================================================================================

