Using atm_master_file: /Users/ahmetserdargeze/Desktop/selen/proje/outputs/weeklyavg_FIXED_end_20070225_atm_master.csv 2026-03-05 23:51:06.644075
Using edges_file     : /Users/ahmetserdargeze/Desktop/selen/proje/outputs/weeklyavg_FIXED_end_20070225_edges_dist_km.csv 2026-03-05 23:51:04.963497
Using r_file (DEMAND): /Users/ahmetserdargeze/Desktop/selen/proje/outputs/weeklyavg_Scenario1_end_20070422_r_nextweek.json 2026-03-06 19:12:46.223217
Using run_report_file: run_report_end_20070422.log
=== START OPTIMIZE ===
=== END OPTIMIZE ===

================= POST-SOLVE ANALYSIS =================
Status: TIME_LIMIT
Objective value: 41284.91618486995
Summary: total visits=69, total used-edges=74

-- Inventory/Shortage Summary --
Total inventory sum(I): 26553300.64
Max inventory: 270591.02 at ATM 19 t=5
Total shortage sum(S): 1344754.71
Shortage events count: 85
Max shortage: 66823.76 at ATM 40 t=2

================= SANITY CHECKS =================

-- Checking Inventory Balance --
Inventory balance checks: 294 checked, 0 failed

-- Checking Cassette Consistency (only when visited / q>0) --
Cassette checks: 69 checked, 0 failed

-- Checking Pickup Logic (only when visited / p>0) --
Pickup checks: 69 checked, 0 failed

-- Checking Degree Constraints --
Degree checks: 301 checked, 0 failed

========================================
All sanity checks PASSED.
========================================


================================================================================
FINAL SUMMARY
Status: 9 | SolCount: 10
Objective: 41284.91618486995
Sanity checks passed? True
================================================================================


================= SERVICE SUMMARY (COMPACT) =================
Objective (total cost): 41284.92
t=1 | ATM=Z0241002 | k=1 | y=1 | q=300000 | p=0 | w=1 | gamma=300000
t=1 | ATM=Z0241004 | k=1 | y=1 | q=300000 | p=0 | w=1 | gamma=300000
t=1 | ATM=Z0241006 | k=1 | y=1 | q=300000 | p=0 | w=1 | gamma=300000
t=1 | ATM=Z0276001 | k=1 | y=1 | q=300000 | p=0 | w=1 | gamma=300000
t=1 | ATM=Z0276002 | k=1 | y=1 | q=300000 | p=0 | w=1 | gamma=300000
t=1 | ATM=Z0283001 | k=1 | y=1 | q=300000 | p=0 | w=1 | gamma=300000
t=1 | ATM=Z0284001 | k=1 | y=1 | q=300000 | p=0 | w=1 | gamma=300000
t=1 | ATM=Z0386002 | k=1 | y=1 | q=300000 | p=0 | w=1 | gamma=300000
t=1 | ATM=Z0899001 | k=1 | y=1 | q=300000 | p=0 | w=1 | gamma=300000
t=1 | ATM=Z0908001 | k=1 | y=1 | q=300000 | p=0 | w=1 | gamma=300000
t=1 | ATM=Z0951001 | k=1 | y=1 | q=300000 | p=0 | w=1 | gamma=300000
t=1 | ATM=Z0951002 | k=1 | y=1 | q=300000 | p=0 | w=1 | gamma=300000
t=1 | ATM=Z1119001 | k=1 | y=1 | q=300000 | p=0 | w=1 | gamma=300000
t=1 | ATM=Z1367001 | k=1 | y=1 | q=300000 | p=0 | w=1 | gamma=300000
t=1 | ATM=Z1899002 | k=1 | y=1 | q=300000 | p=0 | w=1 | gamma=300000
t=1 | ATM=Z2135002 | k=1 | y=1 | q=300000 | p=0 | w=1 | gamma=300000
t=1 | used_edges=17
t=2 | ATM=Z0241003 | k=1 | y=1 | q=300000 | p=0 | w=1 | gamma=300000
t=2 | ATM=Z0241005 | k=1 | y=1 | q=300000 | p=0 | w=1 | gamma=300000
t=2 | ATM=Z0284001 | k=1 | y=1 | q=400000 | p=156863 | w=2 | gamma=400000
t=2 | ATM=Z0386001 | k=1 | y=1 | q=300000 | p=0 | w=1 | gamma=300000
t=2 | ATM=Z0386003 | k=1 | y=1 | q=300000 | p=0 | w=1 | gamma=300000
t=2 | ATM=Z0646001 | k=1 | y=1 | q=300000 | p=0 | w=1 | gamma=300000
t=2 | ATM=Z0646002 | k=1 | y=1 | q=300000 | p=0 | w=1 | gamma=300000
t=2 | ATM=Z0972001 | k=1 | y=1 | q=300000 | p=0 | w=1 | gamma=300000
t=2 | ATM=Z1031002 | k=1 | y=1 | q=300000 | p=0 | w=1 | gamma=300000
t=2 | ATM=Z1169001 | k=1 | y=1 | q=300000 | p=0 | w=1 | gamma=300000
t=2 | ATM=Z1524001 | k=1 | y=1 | q=300000 | p=0 | w=1 | gamma=300000
t=2 | ATM=Z1665001 | k=1 | y=1 | q=300000 | p=0 | w=1 | gamma=300000
t=2 | ATM=Z1769001 | k=1 | y=1 | q=300000 | p=0 | w=1 | gamma=300000
t=2 | ATM=Z1899001 | k=1 | y=1 | q=300000 | p=0 | w=1 | gamma=300000
t=2 | ATM=Z2011001 | k=1 | y=1 | q=300000 | p=0 | w=1 | gamma=300000
t=2 | ATM=Z2135001 | k=1 | y=1 | q=300000 | p=0 | w=1 | gamma=300000
t=2 | used_edges=17
t=3 | ATM=Z0241007 | k=1 | y=1 | q=300000 | p=0 | w=1 | gamma=300000
t=3 | ATM=Z0899001 | k=1 | y=1 | q=300000 | p=55872 | w=1 | gamma=300000
t=3 | ATM=Z0908001 | k=1 | y=1 | q=300000 | p=76701 | w=1 | gamma=300000
t=3 | ATM=Z0972001 | k=1 | y=1 | q=300000 | p=223727 | w=1 | gamma=300000
t=3 | ATM=Z1031001 | k=1 | y=1 | q=300000 | p=0 | w=1 | gamma=300000
t=3 | ATM=Z1031002 | k=1 | y=1 | q=300000 | p=241107 | w=1 | gamma=300000
t=3 | ATM=Z1119001 | k=1 | y=1 | q=300000 | p=105412 | w=1 | gamma=300000
t=3 | ATM=Z1367001 | k=1 | y=1 | q=300000 | p=64937 | w=1 | gamma=300000
t=3 | used_edges=9
t=4 | ATM=Z0241003 | k=1 | y=1 | q=300000 | p=181814 | w=1 | gamma=300000
t=4 | ATM=Z0276001 | k=1 | y=1 | q=300000 | p=114158 | w=1 | gamma=300000
t=4 | ATM=Z0284001 | k=1 | y=1 | q=300000 | p=69949 | w=1 | gamma=300000
t=4 | ATM=Z0386001 | k=1 | y=1 | q=300000 | p=203845 | w=1 | gamma=300000
t=4 | ATM=Z0386007 | k=1 | y=1 | q=300000 | p=0 | w=1 | gamma=300000
t=4 | ATM=Z0899001 | k=1 | y=1 | q=300000 | p=145784 | w=1 | gamma=300000
t=4 | ATM=Z0908001 | k=1 | y=1 | q=300000 | p=192223 | w=1 | gamma=300000
t=4 | ATM=Z0951001 | k=1 | y=1 | q=300000 | p=28415 | w=1 | gamma=300000
t=4 | ATM=Z0951002 | k=1 | y=1 | q=300000 | p=52160 | w=1 | gamma=300000
t=4 | ATM=Z1119001 | k=1 | y=1 | q=300000 | p=107220 | w=1 | gamma=300000
t=4 | ATM=Z1169001 | k=1 | y=1 | q=300000 | p=88465 | w=1 | gamma=300000
t=4 | ATM=Z1367001 | k=1 | y=1 | q=300000 | p=85543 | w=1 | gamma=300000
t=4 | ATM=Z1665001 | k=1 | y=1 | q=300000 | p=113564 | w=1 | gamma=300000
t=4 | ATM=Z1769001 | k=1 | y=1 | q=300000 | p=34693 | w=1 | gamma=300000
t=4 | used_edges=15
t=5 | ATM=Z0241002 | k=1 | y=1 | q=300000 | p=47597 | w=1 | gamma=300000
t=5 | ATM=Z0241004 | k=1 | y=1 | q=300000 | p=39127 | w=1 | gamma=300000
t=5 | ATM=Z0386002 | k=1 | y=1 | q=300000 | p=78791 | w=1 | gamma=300000
t=5 | ATM=Z0386003 | k=1 | y=1 | q=300000 | p=88995 | w=1 | gamma=300000
t=5 | ATM=Z0646001 | k=1 | y=1 | q=400000 | p=2808 | w=2 | gamma=400000
t=5 | ATM=Z0646002 | k=1 | y=1 | q=300000 | p=14699 | w=1 | gamma=300000
t=5 | ATM=Z0899001 | k=1 | y=1 | q=300000 | p=42333 | w=1 | gamma=300000
t=5 | ATM=Z0951002 | k=1 | y=1 | q=300000 | p=164542 | w=1 | gamma=300000
t=5 | ATM=Z1119001 | k=1 | y=1 | q=300000 | p=106570 | w=1 | gamma=300000
t=5 | ATM=Z1367001 | k=1 | y=1 | q=300000 | p=66687 | w=1 | gamma=300000
t=5 | ATM=Z1524001 | k=1 | y=1 | q=300000 | p=82159 | w=1 | gamma=300000
t=5 | ATM=Z1899002 | k=1 | y=1 | q=300000 | p=62846 | w=1 | gamma=300000
t=5 | ATM=Z2135001 | k=1 | y=1 | q=300000 | p=11859 | w=1 | gamma=300000
t=5 | ATM=Z2135002 | k=1 | y=1 | q=300000 | p=0 | w=1 | gamma=300000
t=5 | used_edges=15
t=6 | ATM=Z1119001 | k=1 | y=1 | q=400000 | p=21381 | w=2 | gamma=400000
t=6 | used_edges=1
t=7: (no service)
=============================================================


================= DAILY ROUTES =================

Day t=1, k=1:
  total_km   = 90.584 km
  route_cost = 226.459 €
  used edges:
    DEPOT -- Z0241006   (x=1, dist=1.579 km)
    DEPOT -- Z0899001   (x=1, dist=9.927 km)
    Z0241002 -- Z0241004   (x=1, dist=0.000 km)
    Z0241002 -- Z0241006   (x=1, dist=0.000 km)
    Z0241004 -- Z1119001   (x=1, dist=9.169 km)
    Z0276001 -- Z0276002   (x=1, dist=0.000 km)
    Z0276001 -- Z0284001   (x=1, dist=11.309 km)
    Z0276002 -- Z1119001   (x=1, dist=3.712 km)
    Z0283001 -- Z0908001   (x=1, dist=1.478 km)
    Z0283001 -- Z2135002   (x=1, dist=11.410 km)
    Z0284001 -- Z0951001   (x=1, dist=1.201 km)
    Z0386002 -- Z0951002   (x=1, dist=2.059 km)
    Z0386002 -- Z1367001   (x=1, dist=24.480 km)
    Z0899001 -- Z0908001   (x=1, dist=2.653 km)
    Z0951001 -- Z0951002   (x=1, dist=0.000 km)
    Z1367001 -- Z1899002   (x=1, dist=10.238 km)
    Z1899002 -- Z2135002   (x=1, dist=1.367 km)
  reconstructed tour: DEPOT -> Z0241006 -> Z0241002 -> Z0241004 -> Z1119001 -> Z0276002 -> Z0276001 -> Z0284001 -> Z0951001 -> Z0951002 -> Z0386002 -> Z1367001 -> Z1899002 -> Z2135002 -> Z0283001 -> Z0908001 -> Z0899001 -> DEPOT

Day t=2, k=1:
  total_km   = 133.827 km
  route_cost = 334.568 €
  used edges:
    DEPOT -- Z0241003   (x=1, dist=1.579 km)
    DEPOT -- Z1169001   (x=1, dist=3.691 km)
    Z0241003 -- Z0241005   (x=1, dist=0.000 km)
    Z0241005 -- Z1031002   (x=1, dist=4.766 km)
    Z0284001 -- Z0386001   (x=1, dist=3.043 km)
    Z0284001 -- Z1031002   (x=1, dist=17.942 km)
    Z0386001 -- Z0386003   (x=1, dist=0.000 km)
    Z0386003 -- Z1665001   (x=1, dist=39.242 km)
    Z0646001 -- Z0646002   (x=1, dist=0.000 km)
    Z0646001 -- Z1524001   (x=1, dist=5.229 km)
    Z0646002 -- Z0972001   (x=1, dist=15.267 km)
    Z0972001 -- Z2135001   (x=1, dist=22.888 km)
    Z1169001 -- Z1524001   (x=1, dist=2.783 km)
    Z1665001 -- Z1769001   (x=1, dist=14.973 km)
    Z1769001 -- Z1899001   (x=1, dist=1.046 km)
    Z1899001 -- Z2011001   (x=1, dist=0.066 km)
    Z2011001 -- Z2135001   (x=1, dist=1.315 km)
  reconstructed tour: DEPOT -> Z0241003 -> Z0241005 -> Z1031002 -> Z0284001 -> Z0386001 -> Z0386003 -> Z1665001 -> Z1769001 -> Z1899001 -> Z2011001 -> Z2135001 -> Z0972001 -> Z0646002 -> Z0646001 -> Z1524001 -> Z1169001 -> DEPOT

Day t=3, k=1:
  total_km   = 76.519 km
  route_cost = 191.299 €
  used edges:
    DEPOT -- Z0972001   (x=1, dist=24.076 km)
    DEPOT -- Z1367001   (x=1, dist=8.541 km)
    Z0241007 -- Z0899001   (x=1, dist=9.945 km)
    Z0241007 -- Z1031001   (x=1, dist=4.766 km)
    Z0899001 -- Z0908001   (x=1, dist=2.653 km)
    Z0908001 -- Z0972001   (x=1, dist=11.578 km)
    Z1031001 -- Z1031002   (x=1, dist=0.000 km)
    Z1031002 -- Z1119001   (x=1, dist=5.034 km)
    Z1119001 -- Z1367001   (x=1, dist=9.926 km)
  reconstructed tour: DEPOT -> Z0972001 -> Z0908001 -> Z0899001 -> Z0241007 -> Z1031001 -> Z1031002 -> Z1119001 -> Z1367001 -> DEPOT

Day t=4, k=1:
  total_km   = 110.312 km
  route_cost = 275.781 €
  used edges:
    DEPOT -- Z0241003   (x=1, dist=1.579 km)
    DEPOT -- Z1169001   (x=1, dist=3.691 km)
    Z0241003 -- Z1119001   (x=1, dist=9.169 km)
    Z0276001 -- Z0284001   (x=1, dist=11.309 km)
    Z0276001 -- Z1119001   (x=1, dist=3.712 km)
    Z0284001 -- Z0951001   (x=1, dist=1.201 km)
    Z0386001 -- Z0386007   (x=1, dist=0.000 km)
    Z0386001 -- Z0951002   (x=1, dist=2.059 km)
    Z0386007 -- Z1367001   (x=1, dist=24.480 km)
    Z0899001 -- Z0908001   (x=1, dist=2.653 km)
    Z0899001 -- Z1169001   (x=1, dist=7.601 km)
    Z0908001 -- Z1769001   (x=1, dist=12.020 km)
    Z0951001 -- Z0951002   (x=1, dist=0.000 km)
    Z1367001 -- Z1665001   (x=1, dist=15.865 km)
    Z1665001 -- Z1769001   (x=1, dist=14.973 km)
  reconstructed tour: DEPOT -> Z0241003 -> Z1119001 -> Z0276001 -> Z0284001 -> Z0951001 -> Z0951002 -> Z0386001 -> Z0386007 -> Z1367001 -> Z1665001 -> Z1769001 -> Z0908001 -> Z0899001 -> Z1169001 -> DEPOT

Day t=5, k=1:
  total_km   = 82.891 km
  route_cost = 207.228 €
  used edges:
    DEPOT -- Z0241004   (x=1, dist=1.579 km)
    DEPOT -- Z1524001   (x=1, dist=3.630 km)
    Z0241002 -- Z0241004   (x=1, dist=0.000 km)
    Z0241002 -- Z1119001   (x=1, dist=9.169 km)
    Z0386002 -- Z0386003   (x=1, dist=0.000 km)
    Z0386002 -- Z1367001   (x=1, dist=24.480 km)
    Z0386003 -- Z0951002   (x=1, dist=2.059 km)
    Z0646001 -- Z0646002   (x=1, dist=0.000 km)
    Z0646001 -- Z1524001   (x=1, dist=5.229 km)
    Z0646002 -- Z0899001   (x=1, dist=1.079 km)
    Z0899001 -- Z2135002   (x=1, dist=9.619 km)
    Z0951002 -- Z1119001   (x=1, dist=14.443 km)
    Z1367001 -- Z1899002   (x=1, dist=10.238 km)
    Z1899002 -- Z2135001   (x=1, dist=1.367 km)
    Z2135001 -- Z2135002   (x=1, dist=0.000 km)
  reconstructed tour: DEPOT -> Z0241004 -> Z0241002 -> Z1119001 -> Z0951002 -> Z0386003 -> Z0386002 -> Z1367001 -> Z1899002 -> Z2135001 -> Z2135002 -> Z0899001 -> Z0646002 -> Z0646001 -> Z1524001 -> DEPOT

Day t=6, k=1:
  total_km   = 19.493 km
  route_cost = 48.733 €
  used edges:
    DEPOT -- Z1119001   (x=2, dist=9.747 km)
  reconstructed tour: DEPOT -> Z1119001 -> DEPOT

Day t=7, k=1: (no route)
================================================


-- Optimality diagnostics --
Status: 9
SolCount: 10
ObjVal   : 41284.916185
ObjBound : 30527.435955
MIPGap   : 0.2605668419
AbsGap   : 10757.480230

================================================================================
FINAL SUMMARY
Status: 9 | SolCount: 10
Objective: 41284.91618486995

================= OBJECTIVE BREAKDOWN =================
inv_cost      = 26553.300643
stockout_cost = 13447.547081
route_cost    = 1284.068461
sum(components)= 41284.916185
model.ObjVal   = 41284.916185
diff           = 3.637979e-11
=======================================================

Sanity checks passed? True
================================================================================

