Using atm_master_file: /Users/ahmetserdargeze/Desktop/selen/proje/outputs/weeklyavg_FIXED_end_20070225_atm_master.csv 2026-03-05 23:51:06.644075
Using edges_file     : /Users/ahmetserdargeze/Desktop/selen/proje/outputs/weeklyavg_FIXED_end_20070225_edges_dist_km.csv 2026-03-05 23:51:04.963497
Using r_file (DEMAND): /Users/ahmetserdargeze/Desktop/selen/proje/outputs/weeklyavg_Scenario1_end_20070506_r_nextweek.json 2026-03-06 20:00:31.192494
Using run_report_file: run_report_end_20070506.log
=== START OPTIMIZE ===
=== END OPTIMIZE ===

================= POST-SOLVE ANALYSIS =================
Status: TIME_LIMIT
Objective value: 40603.32846877801
Summary: total visits=62, total used-edges=67

-- Inventory/Shortage Summary --
Total inventory sum(I): 29392890.48
Max inventory: 354429.30 at ATM 25 t=2
Total shortage sum(S): 1002623.04
Shortage events count: 88
Max shortage: 43015.39 at ATM 1 t=2

================= SANITY CHECKS =================

-- Checking Inventory Balance --
Inventory balance checks: 294 checked, 0 failed

-- Checking Cassette Consistency (only when visited / q>0) --
Cassette checks: 69 checked, 0 failed

-- Checking Pickup Logic (only when visited / p>0) --
Pickup checks: 66 checked, 0 failed

-- Checking Degree Constraints --
Degree checks: 301 checked, 0 failed

========================================
All sanity checks PASSED.
========================================


================================================================================
FINAL SUMMARY
Status: 9 | SolCount: 10
Objective: 40603.32846877801
Sanity checks passed? True
================================================================================


================= SERVICE SUMMARY (COMPACT) =================
Objective (total cost): 40603.33
t=1 | ATM=Z0241006 | k=1 | y=1 | q=300000 | p=0 | w=1 | gamma=300000
t=1 | ATM=Z0284001 | k=1 | y=1 | q=300000 | p=0 | w=1 | gamma=300000
t=1 | ATM=Z0646001 | k=1 | y=1 | q=300000 | p=0 | w=1 | gamma=300000
t=1 | ATM=Z0646002 | k=1 | y=1 | q=300000 | p=0 | w=1 | gamma=300000
t=1 | ATM=Z0899001 | k=1 | y=1 | q=300000 | p=0 | w=1 | gamma=300000
t=1 | ATM=Z0908001 | k=1 | y=1 | q=400000 | p=0 | w=2 | gamma=400000
t=1 | ATM=Z0951001 | k=1 | y=1 | q=300000 | p=0 | w=1 | gamma=300000
t=1 | ATM=Z0951002 | k=1 | y=1 | q=300000 | p=0 | w=1 | gamma=300000
t=1 | ATM=Z0972001 | k=1 | y=1 | q=300000 | p=0 | w=1 | gamma=300000
t=1 | ATM=Z1031002 | k=1 | y=1 | q=300000 | p=0 | w=1 | gamma=300000
t=1 | ATM=Z1119001 | k=1 | y=1 | q=300000 | p=0 | w=1 | gamma=300000
t=1 | ATM=Z1169001 | k=1 | y=1 | q=300000 | p=0 | w=1 | gamma=300000
t=1 | ATM=Z1367001 | k=1 | y=1 | q=300000 | p=0 | w=1 | gamma=300000
t=1 | ATM=Z1769001 | k=1 | y=1 | q=300000 | p=0 | w=1 | gamma=300000
t=1 | ATM=Z2135001 | k=1 | y=1 | q=300000 | p=0 | w=1 | gamma=300000
t=1 | ATM=Z2135002 | k=1 | y=1 | q=300000 | p=0 | w=1 | gamma=300000
t=1 | used_edges=17
t=2 | ATM=Z0241002 | k=1 | y=1 | q=300000 | p=0 | w=1 | gamma=300000
t=2 | ATM=Z0241003 | k=1 | y=1 | q=300000 | p=0 | w=1 | gamma=300000
t=2 | ATM=Z0241004 | k=1 | y=1 | q=300000 | p=0 | w=1 | gamma=300000
t=2 | ATM=Z0241005 | k=1 | y=1 | q=300000 | p=0 | w=1 | gamma=300000
t=2 | ATM=Z0241007 | k=1 | y=1 | q=300000 | p=0 | w=1 | gamma=300000
t=2 | ATM=Z0276001 | k=1 | y=1 | q=300000 | p=0 | w=1 | gamma=300000
t=2 | ATM=Z0276002 | k=1 | y=1 | q=300000 | p=0 | w=1 | gamma=300000
t=2 | ATM=Z0283001 | k=1 | y=1 | q=300000 | p=0 | w=1 | gamma=300000
t=2 | ATM=Z0386001 | k=1 | y=1 | q=300000 | p=0 | w=1 | gamma=300000
t=2 | ATM=Z0386002 | k=1 | y=1 | q=300000 | p=0 | w=1 | gamma=300000
t=2 | ATM=Z0386003 | k=1 | y=1 | q=300000 | p=0 | w=1 | gamma=300000
t=2 | ATM=Z1524001 | k=1 | y=1 | q=300000 | p=0 | w=1 | gamma=300000
t=2 | ATM=Z1665001 | k=1 | y=1 | q=300000 | p=0 | w=1 | gamma=300000
t=2 | ATM=Z1899001 | k=1 | y=1 | q=300000 | p=0 | w=1 | gamma=300000
t=2 | ATM=Z1899002 | k=1 | y=1 | q=300000 | p=0 | w=1 | gamma=300000
t=2 | ATM=Z2011001 | k=1 | y=1 | q=300000 | p=0 | w=1 | gamma=300000
t=2 | used_edges=17
t=3 | ATM=Z0241003 | k=1 | y=1 | q=300000 | p=242087 | w=1 | gamma=300000
t=3 | ATM=Z0276002 | k=1 | y=1 | q=300000 | p=223933 | w=1 | gamma=300000
t=3 | ATM=Z0276003 | k=1 | y=1 | q=300000 | p=0 | w=1 | gamma=300000
t=3 | ATM=Z0284001 | k=1 | y=1 | q=300000 | p=132934 | w=1 | gamma=300000
t=3 | ATM=Z0386001 | k=1 | y=1 | q=300000 | p=251473 | w=1 | gamma=300000
t=3 | ATM=Z0386007 | k=1 | y=1 | q=300000 | p=0 | w=1 | gamma=300000
t=3 | ATM=Z0899001 | k=1 | y=1 | q=300000 | p=96774 | w=1 | gamma=300000
t=3 | ATM=Z0972001 | k=1 | y=1 | q=300000 | p=178321 | w=1 | gamma=300000
t=3 | ATM=Z1031001 | k=1 | y=1 | q=300000 | p=0 | w=1 | gamma=300000
t=3 | ATM=Z1119001 | k=1 | y=1 | q=300000 | p=164553 | w=1 | gamma=300000
t=3 | ATM=Z1665001 | k=1 | y=1 | q=300000 | p=220431 | w=1 | gamma=300000
t=3 | ATM=Z1899001 | k=1 | y=1 | q=300000 | p=225466 | w=1 | gamma=300000
t=3 | ATM=Z2135001 | k=1 | y=1 | q=300000 | p=165139 | w=1 | gamma=300000
t=3 | used_edges=14
t=4 | ATM=Z0276001 | k=1 | y=1 | q=300000 | p=160083 | w=1 | gamma=300000
t=4 | ATM=Z0386003 | k=1 | y=1 | q=300000 | p=158744 | w=1 | gamma=300000
t=4 | ATM=Z0646001 | k=1 | y=1 | q=300000 | p=77647 | w=1 | gamma=300000
t=4 | ATM=Z0646002 | k=1 | y=1 | q=300000 | p=30905 | w=1 | gamma=300000
t=4 | ATM=Z0899001 | k=1 | y=1 | q=300000 | p=147590 | w=1 | gamma=300000
t=4 | ATM=Z0951001 | k=1 | y=1 | q=400000 | p=1998 | w=2 | gamma=400000
t=4 | ATM=Z0951002 | k=1 | y=1 | q=300000 | p=22214 | w=1 | gamma=300000
t=4 | ATM=Z1367001 | k=1 | y=1 | q=300000 | p=22271 | w=1 | gamma=300000
t=4 | ATM=Z1769001 | k=1 | y=1 | q=300000 | p=33294 | w=1 | gamma=300000
t=4 | ATM=Z1899002 | k=1 | y=1 | q=300000 | p=138187 | w=1 | gamma=300000
t=4 | used_edges=11
t=5 | ATM=Z0241002 | k=1 | y=1 | q=300000 | p=24397 | w=1 | gamma=300000
t=5 | ATM=Z0241004 | k=1 | y=1 | q=300000 | p=23938 | w=1 | gamma=300000
t=5 | ATM=Z0646002 | k=1 | y=1 | q=400000 | p=140100 | w=2 | gamma=400000
t=5 | ATM=Z1524001 | k=1 | y=1 | q=300000 | p=27650 | w=1 | gamma=300000
t=5 | ATM=Z2135001 | k=1 | y=1 | q=400000 | p=7236 | w=2 | gamma=400000
t=5 | ATM=Z2135002 | k=1 | y=1 | q=300000 | p=0 | w=1 | gamma=300000
t=5 | used_edges=7
t=6 | ATM=Z0646001 | k=1 | y=1 | q=300000 | p=1374 | w=1 | gamma=300000
t=6 | used_edges=1
t=7: (no service)
=============================================================


================= DAILY ROUTES =================

Day t=1, k=1:
  total_km   = 109.193 km
  route_cost = 272.981 €
  used edges:
    DEPOT -- Z0241006   (x=1, dist=1.579 km)
    DEPOT -- Z1169001   (x=1, dist=3.691 km)
    Z0241006 -- Z1031002   (x=1, dist=4.766 km)
    Z0284001 -- Z0951002   (x=1, dist=1.201 km)
    Z0284001 -- Z1119001   (x=1, dist=13.861 km)
    Z0646001 -- Z0646002   (x=1, dist=0.000 km)
    Z0646001 -- Z1169001   (x=1, dist=6.642 km)
    Z0646002 -- Z0899001   (x=1, dist=1.079 km)
    Z0899001 -- Z0908001   (x=1, dist=2.653 km)
    Z0908001 -- Z0972001   (x=1, dist=11.578 km)
    Z0951001 -- Z0951002   (x=1, dist=0.000 km)
    Z0951001 -- Z1367001   (x=1, dist=22.721 km)
    Z0972001 -- Z1769001   (x=1, dist=22.582 km)
    Z1031002 -- Z1119001   (x=1, dist=5.034 km)
    Z1367001 -- Z2135001   (x=1, dist=9.890 km)
    Z1769001 -- Z2135002   (x=1, dist=1.916 km)
    Z2135001 -- Z2135002   (x=1, dist=0.000 km)
  reconstructed tour: DEPOT -> Z0241006 -> Z1031002 -> Z1119001 -> Z0284001 -> Z0951002 -> Z0951001 -> Z1367001 -> Z2135001 -> Z2135002 -> Z1769001 -> Z0972001 -> Z0908001 -> Z0899001 -> Z0646002 -> Z0646001 -> Z1169001 -> DEPOT

Day t=2, k=1:
  total_km   = 106.164 km
  route_cost = 265.410 €
  used edges:
    DEPOT -- Z0241007   (x=1, dist=1.579 km)
    DEPOT -- Z1524001   (x=1, dist=3.630 km)
    Z0241002 -- Z0241003   (x=1, dist=0.000 km)
    Z0241002 -- Z0241004   (x=1, dist=0.000 km)
    Z0241003 -- Z0241007   (x=1, dist=0.000 km)
    Z0241004 -- Z0241005   (x=1, dist=0.000 km)
    Z0241005 -- Z0276001   (x=1, dist=11.386 km)
    Z0276001 -- Z0276002   (x=1, dist=0.000 km)
    Z0276002 -- Z0386003   (x=1, dist=14.161 km)
    Z0283001 -- Z1524001   (x=1, dist=9.399 km)
    Z0283001 -- Z2011001   (x=1, dist=12.070 km)
    Z0386001 -- Z0386002   (x=1, dist=0.000 km)
    Z0386001 -- Z1665001   (x=1, dist=39.242 km)
    Z0386002 -- Z0386003   (x=1, dist=0.000 km)
    Z1665001 -- Z1899001   (x=1, dist=14.632 km)
    Z1899001 -- Z1899002   (x=1, dist=0.000 km)
    Z1899002 -- Z2011001   (x=1, dist=0.066 km)
  reconstructed tour: DEPOT -> Z0241007 -> Z0241003 -> Z0241002 -> Z0241004 -> Z0241005 -> Z0276001 -> Z0276002 -> Z0386003 -> Z0386002 -> Z0386001 -> Z1665001 -> Z1899001 -> Z1899002 -> Z2011001 -> Z0283001 -> Z1524001 -> DEPOT

Day t=3, k=1:
  total_km   = 131.723 km
  route_cost = 329.308 €
  used edges:
    DEPOT -- Z0241003   (x=1, dist=1.579 km)
    DEPOT -- Z0899001   (x=1, dist=9.927 km)
    Z0241003 -- Z1031001   (x=1, dist=4.766 km)
    Z0276002 -- Z0276003   (x=1, dist=0.000 km)
    Z0276002 -- Z1119001   (x=1, dist=3.712 km)
    Z0276003 -- Z0284001   (x=1, dist=11.309 km)
    Z0284001 -- Z0386007   (x=1, dist=3.043 km)
    Z0386001 -- Z0386007   (x=1, dist=0.000 km)
    Z0386001 -- Z1665001   (x=1, dist=39.242 km)
    Z0899001 -- Z0972001   (x=1, dist=14.225 km)
    Z0972001 -- Z2135001   (x=1, dist=22.888 km)
    Z1031001 -- Z1119001   (x=1, dist=5.034 km)
    Z1665001 -- Z1899001   (x=1, dist=14.632 km)
    Z1899001 -- Z2135001   (x=1, dist=1.367 km)
  reconstructed tour: DEPOT -> Z0241003 -> Z1031001 -> Z1119001 -> Z0276002 -> Z0276003 -> Z0284001 -> Z0386007 -> Z0386001 -> Z1665001 -> Z1899001 -> Z2135001 -> Z0972001 -> Z0899001 -> DEPOT

Day t=4, k=1:
  total_km   = 82.271 km
  route_cost = 205.678 €
  used edges:
    DEPOT -- Z0276001   (x=1, dist=12.332 km)
    DEPOT -- Z0646002   (x=1, dist=8.856 km)
    Z0276001 -- Z0951002   (x=1, dist=12.104 km)
    Z0386003 -- Z0951001   (x=1, dist=2.059 km)
    Z0386003 -- Z1367001   (x=1, dist=24.480 km)
    Z0646001 -- Z0646002   (x=1, dist=0.000 km)
    Z0646001 -- Z0899001   (x=1, dist=1.079 km)
    Z0899001 -- Z1769001   (x=1, dist=10.077 km)
    Z0951001 -- Z0951002   (x=1, dist=0.000 km)
    Z1367001 -- Z1899002   (x=1, dist=10.238 km)
    Z1769001 -- Z1899002   (x=1, dist=1.046 km)
  reconstructed tour: DEPOT -> Z0276001 -> Z0951002 -> Z0951001 -> Z0386003 -> Z1367001 -> Z1899002 -> Z1769001 -> Z0899001 -> Z0646001 -> Z0646002 -> DEPOT

Day t=5, k=1:
  total_km   = 26.620 km
  route_cost = 66.550 €
  used edges:
    DEPOT -- Z0241002   (x=1, dist=1.579 km)
    DEPOT -- Z2135002   (x=1, dist=7.077 km)
    Z0241002 -- Z0241004   (x=1, dist=0.000 km)
    Z0241004 -- Z1524001   (x=1, dist=3.790 km)
    Z0646002 -- Z1524001   (x=1, dist=5.229 km)
    Z0646002 -- Z2135001   (x=1, dist=8.944 km)
    Z2135001 -- Z2135002   (x=1, dist=0.000 km)
  reconstructed tour: DEPOT -> Z0241002 -> Z0241004 -> Z1524001 -> Z0646002 -> Z2135001 -> Z2135002 -> DEPOT

Day t=6, k=1:
  total_km   = 17.712 km
  route_cost = 44.280 €
  used edges:
    DEPOT -- Z0646001   (x=2, dist=8.856 km)
  reconstructed tour: DEPOT -> Z0646001 -> DEPOT

Day t=7, k=1: (no route)
================================================


-- Optimality diagnostics --
Status: 9
SolCount: 10
ObjVal   : 40603.328469
ObjBound : 28323.210777
MIPGap   : 0.3024411583
AbsGap   : 12280.117692

================================================================================
FINAL SUMMARY
Status: 9 | SolCount: 10
Objective: 40603.32846877801

================= OBJECTIVE BREAKDOWN =================
inv_cost      = 29392.890481
stockout_cost = 10026.230411
route_cost    = 1184.207576
sum(components)= 40603.328469
model.ObjVal   = 40603.328469
diff           = 7.275958e-12
=======================================================

Sanity checks passed? True
================================================================================

