Using atm_master_file: /Users/ahmetserdargeze/Desktop/selen/proje/outputs/weeklyavg_FIXED_end_20070225_atm_master.csv 2026-03-05 23:51:06.644075
Using edges_file     : /Users/ahmetserdargeze/Desktop/selen/proje/outputs/weeklyavg_FIXED_end_20070225_edges_dist_km.csv 2026-03-05 23:51:04.963497
Using r_file (DEMAND): /Users/ahmetserdargeze/Desktop/selen/proje/outputs/weeklyavg_Scenario1_end_20070415_r_nextweek.json 2026-03-06 18:46:22.251749
Using run_report_file: run_report_end_20070415.log
=== START OPTIMIZE ===
=== END OPTIMIZE ===

================= POST-SOLVE ANALYSIS =================
Status: TIME_LIMIT
Objective value: 41144.190774523886
Summary: total visits=23, total used-edges=27

-- Inventory/Shortage Summary --
Total inventory sum(I): 23412568.71
Max inventory: 277369.18 at ATM 12 t=2
Total shortage sum(S): 1725372.50
Shortage events count: 144
Max shortage: 46854.86 at ATM 15 t=2

================= SANITY CHECKS =================

-- Checking Inventory Balance --
Inventory balance checks: 294 checked, 0 failed

-- Checking Cassette Consistency (only when visited / q>0) --
Cassette checks: 30 checked, 0 failed

-- Checking Pickup Logic (only when visited / p>0) --
Pickup checks: 24 checked, 0 failed

-- Checking Degree Constraints --
Degree checks: 301 checked, 0 failed

========================================
All sanity checks PASSED.
========================================


================================================================================
FINAL SUMMARY
Status: 9 | SolCount: 10
Objective: 41144.190774523886
Sanity checks passed? True
================================================================================


================= SERVICE SUMMARY (COMPACT) =================
Objective (total cost): 41144.19
t=1 | ATM=Z0241004 | k=1 | y=1 | q=300000 | p=0 | w=1 | gamma=300000
t=1 | ATM=Z0276001 | k=1 | y=1 | q=300000 | p=0 | w=1 | gamma=300000
t=1 | ATM=Z0284001 | k=1 | y=1 | q=400000 | p=0 | w=2 | gamma=400000
t=1 | ATM=Z0899001 | k=1 | y=1 | q=300000 | p=0 | w=1 | gamma=300000
t=1 | ATM=Z0908001 | k=1 | y=1 | q=300000 | p=0 | w=1 | gamma=300000
t=1 | ATM=Z0951001 | k=1 | y=1 | q=300000 | p=0 | w=1 | gamma=300000
t=1 | ATM=Z0951002 | k=1 | y=1 | q=300000 | p=0 | w=1 | gamma=300000
t=1 | ATM=Z0972001 | k=1 | y=1 | q=300000 | p=0 | w=1 | gamma=300000
t=1 | ATM=Z1169001 | k=1 | y=1 | q=300000 | p=0 | w=1 | gamma=300000
t=1 | ATM=Z1367001 | k=1 | y=1 | q=300000 | p=0 | w=1 | gamma=300000
t=1 | ATM=Z1665001 | k=1 | y=1 | q=300000 | p=0 | w=1 | gamma=300000
t=1 | ATM=Z1769001 | k=1 | y=1 | q=300000 | p=0 | w=1 | gamma=300000
t=1 | ATM=Z1899001 | k=1 | y=1 | q=300000 | p=0 | w=1 | gamma=300000
t=1 | ATM=Z1899002 | k=1 | y=1 | q=300000 | p=0 | w=1 | gamma=300000
t=1 | ATM=Z2135001 | k=1 | y=1 | q=300000 | p=0 | w=1 | gamma=300000
t=1 | ATM=Z2135002 | k=1 | y=1 | q=300000 | p=0 | w=1 | gamma=300000
t=1 | used_edges=17
t=2 | ATM=Z0241002 | k=1 | y=1 | q=300000 | p=0 | w=1 | gamma=300000
t=2 | ATM=Z0241003 | k=1 | y=1 | q=300000 | p=0 | w=1 | gamma=300000
t=2 | ATM=Z0241006 | k=1 | y=1 | q=300000 | p=0 | w=1 | gamma=300000
t=2 | ATM=Z0646001 | k=1 | y=1 | q=300000 | p=0 | w=1 | gamma=300000
t=2 | ATM=Z0646002 | k=1 | y=1 | q=300000 | p=0 | w=1 | gamma=300000
t=2 | ATM=Z1119001 | k=1 | y=1 | q=300000 | p=0 | w=1 | gamma=300000
t=2 | used_edges=7
t=3: (no service)
t=4: (no service)
t=5: (no service)
t=6: (no service)
t=7 | ATM=Z0276002 | k=1 | y=1 | q=300000 | p=0 | w=1 | gamma=300000
t=7 | used_edges=2
=============================================================


================= DAILY ROUTES =================

Day t=1, k=1:
  total_km   = 129.856 km
  route_cost = 324.641 €
  used edges:
    DEPOT -- Z0241004   (x=1, dist=1.579 km)
    DEPOT -- Z1169001   (x=1, dist=3.691 km)
    Z0241004 -- Z0276001   (x=1, dist=11.386 km)
    Z0276001 -- Z0284001   (x=1, dist=11.309 km)
    Z0284001 -- Z0951002   (x=1, dist=1.201 km)
    Z0899001 -- Z0908001   (x=1, dist=2.653 km)
    Z0899001 -- Z1169001   (x=1, dist=7.601 km)
    Z0908001 -- Z0972001   (x=1, dist=11.578 km)
    Z0951001 -- Z0951002   (x=1, dist=0.000 km)
    Z0951001 -- Z1367001   (x=1, dist=22.721 km)
    Z0972001 -- Z2135002   (x=1, dist=22.888 km)
    Z1367001 -- Z1665001   (x=1, dist=15.865 km)
    Z1665001 -- Z1769001   (x=1, dist=14.973 km)
    Z1769001 -- Z1899002   (x=1, dist=1.046 km)
    Z1899001 -- Z1899002   (x=1, dist=0.000 km)
    Z1899001 -- Z2135001   (x=1, dist=1.367 km)
    Z2135001 -- Z2135002   (x=1, dist=0.000 km)
  reconstructed tour: DEPOT -> Z0241004 -> Z0276001 -> Z0284001 -> Z0951002 -> Z0951001 -> Z1367001 -> Z1665001 -> Z1769001 -> Z1899002 -> Z1899001 -> Z2135001 -> Z2135002 -> Z0972001 -> Z0908001 -> Z0899001 -> Z1169001 -> DEPOT

Day t=2, k=1:
  total_km   = 36.639 km
  route_cost = 91.598 €
  used edges:
    DEPOT -- Z0646001   (x=1, dist=8.856 km)
    DEPOT -- Z1119001   (x=1, dist=9.747 km)
    Z0241002 -- Z0241006   (x=1, dist=0.000 km)
    Z0241002 -- Z1119001   (x=1, dist=9.169 km)
    Z0241003 -- Z0241006   (x=1, dist=0.000 km)
    Z0241003 -- Z0646002   (x=1, dist=8.867 km)
    Z0646001 -- Z0646002   (x=1, dist=0.000 km)
  reconstructed tour: DEPOT -> Z0646001 -> Z0646002 -> Z0241003 -> Z0241006 -> Z0241002 -> Z1119001 -> DEPOT

Day t=3, k=1: (no route)

Day t=4, k=1: (no route)

Day t=5, k=1: (no route)

Day t=6, k=1: (no route)

Day t=7, k=1:
  total_km   = 24.663 km
  route_cost = 61.658 €
  used edges:
    DEPOT -- Z0276002   (x=2, dist=12.332 km)
  reconstructed tour: DEPOT -> Z0276002 -> DEPOT
================================================


-- Optimality diagnostics --
Status: 9
SolCount: 10
ObjVal   : 41144.190775
ObjBound : 23314.017463
MIPGap   : 0.4333582208
AbsGap   : 17830.173311

================================================================================
FINAL SUMMARY
Status: 9 | SolCount: 10
Objective: 41144.190774523886

================= OBJECTIVE BREAKDOWN =================
inv_cost      = 23412.568713
stockout_cost = 17253.724971
route_cost    = 477.897091
sum(components)= 41144.190775
model.ObjVal   = 41144.190775
diff           = 6.548362e-11
=======================================================

Sanity checks passed? True
================================================================================

