Using atm_master_file: /Users/ahmetserdargeze/Desktop/selen/proje/outputs/weeklyavg_FIXED_end_20070225_atm_master.csv 2026-03-05 23:51:06.644075
Using edges_file     : /Users/ahmetserdargeze/Desktop/selen/proje/outputs/weeklyavg_FIXED_end_20070225_edges_dist_km.csv 2026-03-05 23:51:04.963497
Using r_file (DEMAND): /Users/ahmetserdargeze/Desktop/selen/proje/outputs/weeklyavg_Scenario1_end_20070429_r_nextweek.json 2026-03-06 19:38:29.302587
Using run_report_file: run_report_end_20070429.log
=== START OPTIMIZE ===
=== END OPTIMIZE ===

================= POST-SOLVE ANALYSIS =================
Status: TIME_LIMIT
Objective value: 33096.49473648608
Summary: total visits=63, total used-edges=67

-- Inventory/Shortage Summary --
Total inventory sum(I): 23500138.69
Max inventory: 300000.00 at ATM 33 t=2
Total shortage sum(S): 847817.69
Shortage events count: 84
Max shortage: 43179.09 at ATM 41 t=4

================= SANITY CHECKS =================

-- Checking Inventory Balance --
Inventory balance checks: 294 checked, 0 failed

-- Checking Cassette Consistency (only when visited / q>0) --
Cassette checks: 63 checked, 0 failed

-- Checking Pickup Logic (only when visited / p>0) --
Pickup checks: 63 checked, 0 failed

-- Checking Degree Constraints --
Degree checks: 301 checked, 0 failed

========================================
All sanity checks PASSED.
========================================


================================================================================
FINAL SUMMARY
Status: 9 | SolCount: 10
Objective: 33096.49473648608
Sanity checks passed? True
================================================================================


================= SERVICE SUMMARY (COMPACT) =================
Objective (total cost): 33096.49
t=1 | ATM=Z0241002 | k=1 | y=1 | q=300000 | p=0 | w=1 | gamma=300000
t=1 | ATM=Z0241003 | k=1 | y=1 | q=300000 | p=0 | w=1 | gamma=300000
t=1 | ATM=Z0241004 | k=1 | y=1 | q=300000 | p=0 | w=1 | gamma=300000
t=1 | ATM=Z0241005 | k=1 | y=1 | q=300000 | p=0 | w=1 | gamma=300000
t=1 | ATM=Z0241007 | k=1 | y=1 | q=300000 | p=0 | w=1 | gamma=300000
t=1 | ATM=Z0276002 | k=1 | y=1 | q=300000 | p=0 | w=1 | gamma=300000
t=1 | ATM=Z0646001 | k=1 | y=1 | q=300000 | p=0 | w=1 | gamma=300000
t=1 | ATM=Z0646002 | k=1 | y=1 | q=300000 | p=0 | w=1 | gamma=300000
t=1 | ATM=Z1031001 | k=1 | y=1 | q=300000 | p=0 | w=1 | gamma=300000
t=1 | ATM=Z1031002 | k=1 | y=1 | q=300000 | p=0 | w=1 | gamma=300000
t=1 | ATM=Z1119001 | k=1 | y=1 | q=300000 | p=0 | w=1 | gamma=300000
t=1 | ATM=Z1367001 | k=1 | y=1 | q=300000 | p=0 | w=1 | gamma=300000
t=1 | ATM=Z1524001 | k=1 | y=1 | q=300000 | p=0 | w=1 | gamma=300000
t=1 | ATM=Z1899001 | k=1 | y=1 | q=300000 | p=0 | w=1 | gamma=300000
t=1 | ATM=Z1899002 | k=1 | y=1 | q=300000 | p=0 | w=1 | gamma=300000
t=1 | ATM=Z2135001 | k=1 | y=1 | q=300000 | p=0 | w=1 | gamma=300000
t=1 | used_edges=17
t=2 | ATM=Z0276001 | k=1 | y=1 | q=300000 | p=0 | w=1 | gamma=300000
t=2 | ATM=Z0283001 | k=1 | y=1 | q=300000 | p=0 | w=1 | gamma=300000
t=2 | ATM=Z0284001 | k=1 | y=1 | q=300000 | p=0 | w=1 | gamma=300000
t=2 | ATM=Z0386001 | k=1 | y=1 | q=300000 | p=0 | w=1 | gamma=300000
t=2 | ATM=Z0386002 | k=1 | y=1 | q=300000 | p=0 | w=1 | gamma=300000
t=2 | ATM=Z0386003 | k=1 | y=1 | q=300000 | p=0 | w=1 | gamma=300000
t=2 | ATM=Z0386007 | k=1 | y=1 | q=300000 | p=0 | w=1 | gamma=300000
t=2 | ATM=Z0899001 | k=1 | y=1 | q=300000 | p=0 | w=1 | gamma=300000
t=2 | ATM=Z0908001 | k=1 | y=1 | q=300000 | p=0 | w=1 | gamma=300000
t=2 | ATM=Z0951001 | k=1 | y=1 | q=300000 | p=0 | w=1 | gamma=300000
t=2 | ATM=Z0951002 | k=1 | y=1 | q=300000 | p=0 | w=1 | gamma=300000
t=2 | ATM=Z0972001 | k=1 | y=1 | q=300000 | p=0 | w=1 | gamma=300000
t=2 | ATM=Z1169001 | k=1 | y=1 | q=300000 | p=0 | w=1 | gamma=300000
t=2 | ATM=Z1665001 | k=1 | y=1 | q=300000 | p=0 | w=1 | gamma=300000
t=2 | ATM=Z1769001 | k=1 | y=1 | q=300000 | p=0 | w=1 | gamma=300000
t=2 | ATM=Z2011001 | k=1 | y=1 | q=300000 | p=0 | w=1 | gamma=300000
t=2 | used_edges=17
t=3 | ATM=Z0284001 | k=1 | y=1 | q=300000 | p=160476 | w=1 | gamma=300000
t=3 | ATM=Z0386003 | k=1 | y=1 | q=400000 | p=219454 | w=2 | gamma=400000
t=3 | ATM=Z0646001 | k=1 | y=1 | q=300000 | p=145027 | w=1 | gamma=300000
t=3 | ATM=Z0646002 | k=1 | y=1 | q=300000 | p=155073 | w=1 | gamma=300000
t=3 | ATM=Z0899001 | k=1 | y=1 | q=300000 | p=45516 | w=1 | gamma=300000
t=3 | ATM=Z0908001 | k=1 | y=1 | q=400000 | p=88771 | w=2 | gamma=400000
t=3 | ATM=Z0972001 | k=1 | y=1 | q=300000 | p=151222 | w=1 | gamma=300000
t=3 | ATM=Z1031002 | k=1 | y=1 | q=300000 | p=207870 | w=1 | gamma=300000
t=3 | ATM=Z1119001 | k=1 | y=1 | q=300000 | p=49650 | w=1 | gamma=300000
t=3 | ATM=Z1367001 | k=1 | y=1 | q=300000 | p=15054 | w=1 | gamma=300000
t=3 | ATM=Z1524001 | k=1 | y=1 | q=300000 | p=196446 | w=1 | gamma=300000
t=3 | ATM=Z1665001 | k=1 | y=1 | q=300000 | p=143230 | w=1 | gamma=300000
t=3 | ATM=Z1769001 | k=1 | y=1 | q=400000 | p=132131 | w=2 | gamma=400000
t=3 | ATM=Z1899002 | k=1 | y=1 | q=300000 | p=212598 | w=1 | gamma=300000
t=3 | ATM=Z2011001 | k=1 | y=1 | q=300000 | p=192280 | w=1 | gamma=300000
t=3 | used_edges=16
t=4 | ATM=Z0241002 | k=1 | y=1 | q=300000 | p=48958 | w=1 | gamma=300000
t=4 | ATM=Z0241003 | k=1 | y=1 | q=300000 | p=61281 | w=1 | gamma=300000
t=4 | ATM=Z0241004 | k=1 | y=1 | q=300000 | p=16167 | w=1 | gamma=300000
t=4 | ATM=Z0284001 | k=1 | y=1 | q=400000 | p=0 | w=2 | gamma=400000
t=4 | ATM=Z0386001 | k=1 | y=1 | q=300000 | p=96073 | w=1 | gamma=300000
t=4 | ATM=Z0386002 | k=1 | y=1 | q=300000 | p=86097 | w=1 | gamma=300000
t=4 | ATM=Z0646001 | k=1 | y=1 | q=300000 | p=123401 | w=1 | gamma=300000
t=4 | ATM=Z0646002 | k=1 | y=1 | q=300000 | p=125148 | w=1 | gamma=300000
t=4 | ATM=Z0899001 | k=1 | y=1 | q=500000 | p=40815 | w=3 | gamma=500000
t=4 | ATM=Z0951001 | k=1 | y=1 | q=300000 | p=62808 | w=1 | gamma=300000
t=4 | ATM=Z0951002 | k=1 | y=1 | q=300000 | p=35368 | w=1 | gamma=300000
t=4 | ATM=Z1119001 | k=1 | y=1 | q=400000 | p=63023 | w=2 | gamma=400000
t=4 | ATM=Z1169001 | k=1 | y=1 | q=300000 | p=0 | w=1 | gamma=300000
t=4 | ATM=Z1367001 | k=1 | y=1 | q=400000 | p=64579 | w=2 | gamma=400000
t=4 | ATM=Z2135001 | k=1 | y=1 | q=300000 | p=9834 | w=1 | gamma=300000
t=4 | used_edges=16
t=5 | ATM=Z0284001 | k=1 | y=1 | q=300000 | p=58839 | w=1 | gamma=300000
t=5 | used_edges=1
t=6: (no service)
t=7: (no service)
=============================================================


================= DAILY ROUTES =================

Day t=1, k=1:
  total_km   = 56.036 km
  route_cost = 140.091 €
  used edges:
    DEPOT -- Z0241005   (x=1, dist=1.579 km)
    DEPOT -- Z1524001   (x=1, dist=3.630 km)
    Z0241002 -- Z0241003   (x=1, dist=0.000 km)
    Z0241002 -- Z0241004   (x=1, dist=0.000 km)
    Z0241003 -- Z0241005   (x=1, dist=0.000 km)
    Z0241004 -- Z0241007   (x=1, dist=0.000 km)
    Z0241007 -- Z1031001   (x=1, dist=4.766 km)
    Z0276002 -- Z1031002   (x=1, dist=6.645 km)
    Z0276002 -- Z1119001   (x=1, dist=3.712 km)
    Z0646001 -- Z0646002   (x=1, dist=0.000 km)
    Z0646001 -- Z1524001   (x=1, dist=5.229 km)
    Z0646002 -- Z2135001   (x=1, dist=8.944 km)
    Z1031001 -- Z1031002   (x=1, dist=0.000 km)
    Z1119001 -- Z1367001   (x=1, dist=9.926 km)
    Z1367001 -- Z1899001   (x=1, dist=10.238 km)
    Z1899001 -- Z1899002   (x=1, dist=0.000 km)
    Z1899002 -- Z2135001   (x=1, dist=1.367 km)
  reconstructed tour: DEPOT -> Z0241005 -> Z0241003 -> Z0241002 -> Z0241004 -> Z0241007 -> Z1031001 -> Z1031002 -> Z0276002 -> Z1119001 -> Z1367001 -> Z1899001 -> Z1899002 -> Z2135001 -> Z0646002 -> Z0646001 -> Z1524001 -> DEPOT

Day t=2, k=1:
  total_km   = 130.349 km
  route_cost = 325.872 €
  used edges:
    DEPOT -- Z0276001   (x=1, dist=12.332 km)
    DEPOT -- Z1169001   (x=1, dist=3.691 km)
    Z0276001 -- Z0284001   (x=1, dist=11.309 km)
    Z0283001 -- Z0972001   (x=1, dist=11.570 km)
    Z0283001 -- Z1769001   (x=1, dist=11.359 km)
    Z0284001 -- Z0951002   (x=1, dist=1.201 km)
    Z0386001 -- Z0386002   (x=1, dist=0.000 km)
    Z0386001 -- Z0386003   (x=1, dist=0.000 km)
    Z0386002 -- Z0386007   (x=1, dist=0.000 km)
    Z0386003 -- Z1665001   (x=1, dist=39.242 km)
    Z0386007 -- Z0951001   (x=1, dist=2.059 km)
    Z0899001 -- Z0908001   (x=1, dist=2.653 km)
    Z0899001 -- Z1169001   (x=1, dist=7.601 km)
    Z0908001 -- Z0972001   (x=1, dist=11.578 km)
    Z0951001 -- Z0951002   (x=1, dist=0.000 km)
    Z1665001 -- Z2011001   (x=1, dist=14.656 km)
    Z1769001 -- Z2011001   (x=1, dist=1.099 km)
  reconstructed tour: DEPOT -> Z0276001 -> Z0284001 -> Z0951002 -> Z0951001 -> Z0386007 -> Z0386002 -> Z0386001 -> Z0386003 -> Z1665001 -> Z2011001 -> Z1769001 -> Z0283001 -> Z0972001 -> Z0908001 -> Z0899001 -> Z1169001 -> DEPOT

Day t=3, k=1:
  total_km   = 130.677 km
  route_cost = 326.693 €
  used edges:
    DEPOT -- Z1031002   (x=1, dist=5.875 km)
    DEPOT -- Z1524001   (x=1, dist=3.630 km)
    Z0284001 -- Z0386003   (x=1, dist=3.043 km)
    Z0284001 -- Z1119001   (x=1, dist=13.861 km)
    Z0386003 -- Z1367001   (x=1, dist=24.480 km)
    Z0646001 -- Z0646002   (x=1, dist=0.000 km)
    Z0646001 -- Z1524001   (x=1, dist=5.229 km)
    Z0646002 -- Z0899001   (x=1, dist=1.079 km)
    Z0899001 -- Z0908001   (x=1, dist=2.653 km)
    Z0908001 -- Z0972001   (x=1, dist=11.578 km)
    Z0972001 -- Z1769001   (x=1, dist=22.582 km)
    Z1031002 -- Z1119001   (x=1, dist=5.034 km)
    Z1367001 -- Z1665001   (x=1, dist=15.865 km)
    Z1665001 -- Z2011001   (x=1, dist=14.656 km)
    Z1769001 -- Z1899002   (x=1, dist=1.046 km)
    Z1899002 -- Z2011001   (x=1, dist=0.066 km)
  reconstructed tour: DEPOT -> Z1031002 -> Z1119001 -> Z0284001 -> Z0386003 -> Z1367001 -> Z1665001 -> Z2011001 -> Z1899002 -> Z1769001 -> Z0972001 -> Z0908001 -> Z0899001 -> Z0646002 -> Z0646001 -> Z1524001 -> DEPOT

Day t=4, k=1:
  total_km   = 83.268 km
  route_cost = 208.171 €
  used edges:
    DEPOT -- Z0241002   (x=1, dist=1.579 km)
    DEPOT -- Z1169001   (x=1, dist=3.691 km)
    Z0241002 -- Z0241003   (x=1, dist=0.000 km)
    Z0241003 -- Z0241004   (x=1, dist=0.000 km)
    Z0241004 -- Z1119001   (x=1, dist=9.169 km)
    Z0284001 -- Z0951002   (x=1, dist=1.201 km)
    Z0284001 -- Z1119001   (x=1, dist=13.861 km)
    Z0386001 -- Z0386002   (x=1, dist=0.000 km)
    Z0386001 -- Z0951001   (x=1, dist=2.059 km)
    Z0386002 -- Z1367001   (x=1, dist=24.480 km)
    Z0646001 -- Z0646002   (x=1, dist=0.000 km)
    Z0646001 -- Z1169001   (x=1, dist=6.642 km)
    Z0646002 -- Z0899001   (x=1, dist=1.079 km)
    Z0899001 -- Z2135001   (x=1, dist=9.619 km)
    Z0951001 -- Z0951002   (x=1, dist=0.000 km)
    Z1367001 -- Z2135001   (x=1, dist=9.890 km)
  reconstructed tour: DEPOT -> Z0241002 -> Z0241003 -> Z0241004 -> Z1119001 -> Z0284001 -> Z0951002 -> Z0951001 -> Z0386001 -> Z0386002 -> Z1367001 -> Z2135001 -> Z0899001 -> Z0646002 -> Z0646001 -> Z1169001 -> DEPOT

Day t=5, k=1:
  total_km   = 46.941 km
  route_cost = 117.352 €
  used edges:
    DEPOT -- Z0284001   (x=2, dist=23.470 km)
  reconstructed tour: DEPOT -> Z0284001 -> DEPOT

Day t=6, k=1: (no route)

Day t=7, k=1: (no route)
================================================


-- Optimality diagnostics --
Status: 9
SolCount: 10
ObjVal   : 33096.494736
ObjBound : 22646.498868
MIPGap   : 0.3157432819
AbsGap   : 10449.995868

================================================================================
FINAL SUMMARY
Status: 9 | SolCount: 10
Objective: 33096.49473648608

================= OBJECTIVE BREAKDOWN =================
inv_cost      = 23500.138689
stockout_cost = 8478.176942
route_cost    = 1118.179106
sum(components)= 33096.494736
model.ObjVal   = 33096.494736
diff           = 0.000000e+00
=======================================================

Sanity checks passed? True
================================================================================

