Using atm_master_file: /Users/ahmetserdargeze/Desktop/selen/proje/outputs/weeklyavg_FIXED_end_20070225_atm_master.csv 2026-03-05 23:51:06.644075
Using edges_file     : /Users/ahmetserdargeze/Desktop/selen/proje/outputs/weeklyavg_FIXED_end_20070225_edges_dist_km.csv 2026-03-05 23:51:04.963497
Using r_file (DEMAND): /Users/ahmetserdargeze/Desktop/selen/proje/outputs/weeklyavg_Scenario1_end_20070819_r_nextweek.json 2026-03-07 13:54:19.557768
Using run_report_file: run_report_end_20070819.log
=== START OPTIMIZE ===
=== END OPTIMIZE ===

================= POST-SOLVE ANALYSIS =================
Status: TIME_LIMIT
Objective value: 40564.77496653069
Summary: total visits=38, total used-edges=43

-- Inventory/Shortage Summary --
Total inventory sum(I): 27868369.39
Max inventory: 283934.60 at ATM 11 t=2
Total shortage sum(S): 1184507.84
Shortage events count: 111
Max shortage: 33471.07 at ATM 4 t=6

================= SANITY CHECKS =================

-- Checking Inventory Balance --
Inventory balance checks: 294 checked, 0 failed

-- Checking Cassette Consistency (only when visited / q>0) --
Cassette checks: 39 checked, 0 failed

-- Checking Pickup Logic (only when visited / p>0) --
Pickup checks: 39 checked, 0 failed

-- Checking Degree Constraints --
Degree checks: 301 checked, 0 failed

========================================
All sanity checks PASSED.
========================================


================================================================================
FINAL SUMMARY
Status: 9 | SolCount: 10
Objective: 40564.77496653069
Sanity checks passed? True
================================================================================


================= SERVICE SUMMARY (COMPACT) =================
Objective (total cost): 40564.77
t=1 | ATM=Z0283001 | k=1 | y=1 | q=300000 | p=0 | w=1 | gamma=300000
t=1 | ATM=Z0284001 | k=1 | y=1 | q=300000 | p=0 | w=1 | gamma=300000
t=1 | ATM=Z0386001 | k=1 | y=1 | q=300000 | p=0 | w=1 | gamma=300000
t=1 | ATM=Z0386003 | k=1 | y=1 | q=300000 | p=0 | w=1 | gamma=300000
t=1 | ATM=Z0646001 | k=1 | y=1 | q=300000 | p=0 | w=1 | gamma=300000
t=1 | ATM=Z0646002 | k=1 | y=1 | q=300000 | p=0 | w=1 | gamma=300000
t=1 | ATM=Z0899001 | k=1 | y=1 | q=300000 | p=0 | w=1 | gamma=300000
t=1 | ATM=Z0908001 | k=1 | y=1 | q=300000 | p=0 | w=1 | gamma=300000
t=1 | ATM=Z0951002 | k=1 | y=1 | q=300000 | p=0 | w=1 | gamma=300000
t=1 | ATM=Z0972001 | k=1 | y=1 | q=300000 | p=0 | w=1 | gamma=300000
t=1 | ATM=Z1169001 | k=1 | y=1 | q=300000 | p=0 | w=1 | gamma=300000
t=1 | ATM=Z1367001 | k=1 | y=1 | q=300000 | p=0 | w=1 | gamma=300000
t=1 | ATM=Z1665001 | k=1 | y=1 | q=300000 | p=0 | w=1 | gamma=300000
t=1 | ATM=Z1769001 | k=1 | y=1 | q=300000 | p=0 | w=1 | gamma=300000
t=1 | ATM=Z2011001 | k=1 | y=1 | q=300000 | p=0 | w=1 | gamma=300000
t=1 | ATM=Z2135001 | k=1 | y=1 | q=300000 | p=0 | w=1 | gamma=300000
t=1 | used_edges=17
t=2 | ATM=Z0241004 | k=1 | y=1 | q=300000 | p=0 | w=1 | gamma=300000
t=2 | ATM=Z0276002 | k=1 | y=1 | q=300000 | p=0 | w=1 | gamma=300000
t=2 | ATM=Z0386002 | k=1 | y=1 | q=300000 | p=0 | w=1 | gamma=300000
t=2 | ATM=Z0951001 | k=1 | y=1 | q=300000 | p=0 | w=1 | gamma=300000
t=2 | used_edges=5
t=3 | ATM=Z0241002 | k=1 | y=1 | q=300000 | p=0 | w=1 | gamma=300000
t=3 | ATM=Z0241003 | k=1 | y=1 | q=300000 | p=0 | w=1 | gamma=300000
t=3 | ATM=Z0276001 | k=1 | y=1 | q=300000 | p=0 | w=1 | gamma=300000
t=3 | ATM=Z0646001 | k=1 | y=1 | q=300000 | p=235903 | w=1 | gamma=300000
t=3 | ATM=Z1031002 | k=1 | y=1 | q=300000 | p=0 | w=1 | gamma=300000
t=3 | ATM=Z1119001 | k=1 | y=1 | q=300000 | p=0 | w=1 | gamma=300000
t=3 | ATM=Z1169001 | k=1 | y=1 | q=300000 | p=225635 | w=1 | gamma=300000
t=3 | ATM=Z1524001 | k=1 | y=1 | q=300000 | p=0 | w=1 | gamma=300000
t=3 | ATM=Z1899002 | k=1 | y=1 | q=300000 | p=0 | w=1 | gamma=300000
t=3 | ATM=Z2135002 | k=1 | y=1 | q=300000 | p=0 | w=1 | gamma=300000
t=3 | used_edges=11
t=4 | ATM=Z1119001 | k=1 | y=1 | q=300000 | p=266612 | w=1 | gamma=300000
t=4 | used_edges=2
t=5 | ATM=Z0284001 | k=1 | y=1 | q=300000 | p=69043 | w=1 | gamma=300000
t=5 | ATM=Z0899001 | k=1 | y=1 | q=300000 | p=28108 | w=1 | gamma=300000
t=5 | ATM=Z0908001 | k=1 | y=1 | q=300000 | p=36286 | w=1 | gamma=300000
t=5 | ATM=Z1031001 | k=1 | y=1 | q=300000 | p=0 | w=1 | gamma=300000
t=5 | ATM=Z1367001 | k=1 | y=1 | q=300000 | p=0 | w=1 | gamma=300000
t=5 | ATM=Z1899001 | k=1 | y=1 | q=300000 | p=0 | w=1 | gamma=300000
t=5 | ATM=Z2136001 | k=1 | y=1 | q=300000 | p=0 | w=1 | gamma=300000
t=5 | used_edges=8
t=6: (no service)
t=7: (no service)
=============================================================


================= DAILY ROUTES =================

Day t=1, k=1:
  total_km   = 133.085 km
  route_cost = 332.712 €
  used edges:
    DEPOT -- Z0284001   (x=1, dist=23.470 km)
    DEPOT -- Z1169001   (x=1, dist=3.691 km)
    Z0283001 -- Z0972001   (x=1, dist=11.570 km)
    Z0283001 -- Z2135001   (x=1, dist=11.410 km)
    Z0284001 -- Z0951002   (x=1, dist=1.201 km)
    Z0386001 -- Z0386003   (x=1, dist=0.000 km)
    Z0386001 -- Z1367001   (x=1, dist=24.480 km)
    Z0386003 -- Z0951002   (x=1, dist=2.059 km)
    Z0646001 -- Z0646002   (x=1, dist=0.000 km)
    Z0646001 -- Z1169001   (x=1, dist=6.642 km)
    Z0646002 -- Z0899001   (x=1, dist=1.079 km)
    Z0899001 -- Z0908001   (x=1, dist=2.653 km)
    Z0908001 -- Z0972001   (x=1, dist=11.578 km)
    Z1367001 -- Z1665001   (x=1, dist=15.865 km)
    Z1665001 -- Z1769001   (x=1, dist=14.973 km)
    Z1769001 -- Z2011001   (x=1, dist=1.099 km)
    Z2011001 -- Z2135001   (x=1, dist=1.315 km)
  reconstructed tour: DEPOT -> Z0284001 -> Z0951002 -> Z0386003 -> Z0386001 -> Z1367001 -> Z1665001 -> Z1769001 -> Z2011001 -> Z2135001 -> Z0283001 -> Z0972001 -> Z0908001 -> Z0899001 -> Z0646002 -> Z0646001 -> Z1169001 -> DEPOT

Day t=2, k=1:
  total_km   = 53.275 km
  route_cost = 133.187 €
  used edges:
    DEPOT -- Z0241004   (x=1, dist=1.579 km)
    DEPOT -- Z0386002   (x=1, dist=26.147 km)
    Z0241004 -- Z0276002   (x=1, dist=11.386 km)
    Z0276002 -- Z0951001   (x=1, dist=12.104 km)
    Z0386002 -- Z0951001   (x=1, dist=2.059 km)
  reconstructed tour: DEPOT -> Z0241004 -> Z0276002 -> Z0951001 -> Z0386002 -> DEPOT

Day t=3, k=1:
  total_km   = 52.928 km
  route_cost = 132.320 €
  used edges:
    DEPOT -- Z1119001   (x=1, dist=9.747 km)
    DEPOT -- Z1169001   (x=1, dist=3.691 km)
    Z0241002 -- Z0241003   (x=1, dist=0.000 km)
    Z0241002 -- Z1031002   (x=1, dist=4.766 km)
    Z0241003 -- Z1524001   (x=1, dist=3.790 km)
    Z0276001 -- Z1031002   (x=1, dist=6.645 km)
    Z0276001 -- Z1119001   (x=1, dist=3.712 km)
    Z0646001 -- Z1524001   (x=1, dist=5.229 km)
    Z0646001 -- Z1899002   (x=1, dist=9.965 km)
    Z1169001 -- Z2135002   (x=1, dist=4.017 km)
    Z1899002 -- Z2135002   (x=1, dist=1.367 km)
  reconstructed tour: DEPOT -> Z1119001 -> Z0276001 -> Z1031002 -> Z0241002 -> Z0241003 -> Z1524001 -> Z0646001 -> Z1899002 -> Z2135002 -> Z1169001 -> DEPOT

Day t=4, k=1:
  total_km   = 19.493 km
  route_cost = 48.733 €
  used edges:
    DEPOT -- Z1119001   (x=2, dist=9.747 km)
  reconstructed tour: DEPOT -> Z1119001 -> DEPOT

Day t=5, k=1:
  total_km   = 81.750 km
  route_cost = 204.375 €
  used edges:
    DEPOT -- Z0899001   (x=1, dist=9.927 km)
    DEPOT -- Z1031001   (x=1, dist=5.875 km)
    Z0284001 -- Z1031001   (x=1, dist=17.942 km)
    Z0284001 -- Z1367001   (x=1, dist=22.466 km)
    Z0899001 -- Z0908001   (x=1, dist=2.653 km)
    Z0908001 -- Z2136001   (x=1, dist=9.606 km)
    Z1367001 -- Z1899001   (x=1, dist=10.238 km)
    Z1899001 -- Z2136001   (x=1, dist=3.042 km)
  reconstructed tour: DEPOT -> Z0899001 -> Z0908001 -> Z2136001 -> Z1899001 -> Z1367001 -> Z0284001 -> Z1031001 -> DEPOT

Day t=6, k=1: (no route)

Day t=7, k=1: (no route)
================================================


-- Optimality diagnostics --
Status: 9
SolCount: 10
ObjVal   : 40564.774967
ObjBound : 24584.758167
MIPGap   : 0.3939382583
AbsGap   : 15980.016799

================================================================================
FINAL SUMMARY
Status: 9 | SolCount: 10
Objective: 40564.77496653069

================= OBJECTIVE BREAKDOWN =================
inv_cost      = 27868.369395
stockout_cost = 11845.078350
route_cost    = 851.327221
sum(components)= 40564.774967
model.ObjVal   = 40564.774967
diff           = 1.455192e-11
=======================================================

Sanity checks passed? True
================================================================================

