Using atm_master_file: /Users/ahmetserdargeze/Desktop/selen/proje/outputs/weeklyavg_FIXED_end_20070225_atm_master.csv 2026-03-05 23:51:06.644075
Using edges_file     : /Users/ahmetserdargeze/Desktop/selen/proje/outputs/weeklyavg_FIXED_end_20070225_edges_dist_km.csv 2026-03-05 23:51:04.963497
Using r_file (DEMAND): /Users/ahmetserdargeze/Desktop/selen/proje/outputs/weeklyavg_Scenario1_end_20070520_r_nextweek.json 2026-03-06 20:45:49.005651
Using run_report_file: run_report_end_20070520.log
=== START OPTIMIZE ===
=== END OPTIMIZE ===

================= POST-SOLVE ANALYSIS =================
Status: TIME_LIMIT
Objective value: 40244.34541633727
Summary: total visits=51, total used-edges=56

-- Inventory/Shortage Summary --
Total inventory sum(I): 29632461.94
Max inventory: 279440.64 at ATM 29 t=4
Total shortage sum(S): 965172.37
Shortage events count: 87
Max shortage: 28712.93 at ATM 8 t=2

================= SANITY CHECKS =================

-- Checking Inventory Balance --
Inventory balance checks: 294 checked, 0 failed

-- Checking Cassette Consistency (only when visited / q>0) --
Cassette checks: 53 checked, 0 failed

-- Checking Pickup Logic (only when visited / p>0) --
Pickup checks: 53 checked, 0 failed

-- Checking Degree Constraints --
Degree checks: 301 checked, 0 failed

========================================
All sanity checks PASSED.
========================================


================================================================================
FINAL SUMMARY
Status: 9 | SolCount: 10
Objective: 40244.34541633727
Sanity checks passed? True
================================================================================


================= SERVICE SUMMARY (COMPACT) =================
Objective (total cost): 40244.35
t=1 | ATM=Z0241004 | k=1 | y=1 | q=300000 | p=0 | w=1 | gamma=300000
t=1 | ATM=Z0241006 | k=1 | y=1 | q=300000 | p=0 | w=1 | gamma=300000
t=1 | ATM=Z0283001 | k=1 | y=1 | q=300000 | p=0 | w=1 | gamma=300000
t=1 | ATM=Z0284001 | k=1 | y=1 | q=300000 | p=0 | w=1 | gamma=300000
t=1 | ATM=Z0899001 | k=1 | y=1 | q=300000 | p=0 | w=1 | gamma=300000
t=1 | ATM=Z0908001 | k=1 | y=1 | q=300000 | p=0 | w=1 | gamma=300000
t=1 | ATM=Z0951001 | k=1 | y=1 | q=300000 | p=0 | w=1 | gamma=300000
t=1 | ATM=Z0951002 | k=1 | y=1 | q=300000 | p=0 | w=1 | gamma=300000
t=1 | ATM=Z0972001 | k=1 | y=1 | q=300000 | p=0 | w=1 | gamma=300000
t=1 | ATM=Z1119001 | k=1 | y=1 | q=300000 | p=0 | w=1 | gamma=300000
t=1 | ATM=Z1169001 | k=1 | y=1 | q=300000 | p=0 | w=1 | gamma=300000
t=1 | ATM=Z1367001 | k=1 | y=1 | q=300000 | p=0 | w=1 | gamma=300000
t=1 | ATM=Z1665001 | k=1 | y=1 | q=300000 | p=0 | w=1 | gamma=300000
t=1 | ATM=Z1769001 | k=1 | y=1 | q=300000 | p=0 | w=1 | gamma=300000
t=1 | ATM=Z2135001 | k=1 | y=1 | q=300000 | p=0 | w=1 | gamma=300000
t=1 | ATM=Z2135002 | k=1 | y=1 | q=300000 | p=0 | w=1 | gamma=300000
t=1 | used_edges=17
t=2 | ATM=Z0241002 | k=1 | y=1 | q=300000 | p=0 | w=1 | gamma=300000
t=2 | ATM=Z0241003 | k=1 | y=1 | q=300000 | p=0 | w=1 | gamma=300000
t=2 | ATM=Z0241005 | k=1 | y=1 | q=300000 | p=0 | w=1 | gamma=300000
t=2 | ATM=Z0276001 | k=1 | y=1 | q=300000 | p=0 | w=1 | gamma=300000
t=2 | ATM=Z0276002 | k=1 | y=1 | q=300000 | p=0 | w=1 | gamma=300000
t=2 | ATM=Z0386001 | k=1 | y=1 | q=300000 | p=0 | w=1 | gamma=300000
t=2 | ATM=Z0386002 | k=1 | y=1 | q=300000 | p=0 | w=1 | gamma=300000
t=2 | ATM=Z0386003 | k=1 | y=1 | q=300000 | p=0 | w=1 | gamma=300000
t=2 | ATM=Z0646001 | k=1 | y=1 | q=300000 | p=0 | w=1 | gamma=300000
t=2 | ATM=Z0646002 | k=1 | y=1 | q=300000 | p=0 | w=1 | gamma=300000
t=2 | ATM=Z1031002 | k=1 | y=1 | q=300000 | p=0 | w=1 | gamma=300000
t=2 | ATM=Z1169001 | k=1 | y=1 | q=300000 | p=255181 | w=1 | gamma=300000
t=2 | ATM=Z1524001 | k=1 | y=1 | q=300000 | p=0 | w=1 | gamma=300000
t=2 | ATM=Z1899001 | k=1 | y=1 | q=300000 | p=0 | w=1 | gamma=300000
t=2 | ATM=Z1899002 | k=1 | y=1 | q=300000 | p=0 | w=1 | gamma=300000
t=2 | ATM=Z2135002 | k=1 | y=1 | q=300000 | p=239006 | w=1 | gamma=300000
t=2 | used_edges=17
t=3 | ATM=Z0241007 | k=1 | y=1 | q=300000 | p=0 | w=1 | gamma=300000
t=3 | ATM=Z0276001 | k=1 | y=1 | q=300000 | p=242059 | w=1 | gamma=300000
t=3 | ATM=Z1031001 | k=1 | y=1 | q=300000 | p=0 | w=1 | gamma=300000
t=3 | used_edges=4
t=4 | ATM=Z0241002 | k=1 | y=1 | q=300000 | p=197960 | w=1 | gamma=300000
t=4 | ATM=Z0241003 | k=1 | y=1 | q=300000 | p=202119 | w=1 | gamma=300000
t=4 | ATM=Z0241004 | k=1 | y=1 | q=300000 | p=162380 | w=1 | gamma=300000
t=4 | ATM=Z0284001 | k=1 | y=1 | q=300000 | p=90250 | w=1 | gamma=300000
t=4 | ATM=Z0386007 | k=1 | y=1 | q=300000 | p=0 | w=1 | gamma=300000
t=4 | ATM=Z0646001 | k=1 | y=1 | q=300000 | p=209232 | w=1 | gamma=300000
t=4 | ATM=Z0646002 | k=1 | y=1 | q=300000 | p=219794 | w=1 | gamma=300000
t=4 | ATM=Z0899001 | k=1 | y=1 | q=400000 | p=122439 | w=2 | gamma=400000
t=4 | ATM=Z0908001 | k=1 | y=1 | q=400000 | p=151134 | w=2 | gamma=400000
t=4 | ATM=Z1119001 | k=1 | y=1 | q=300000 | p=77666 | w=1 | gamma=300000
t=4 | ATM=Z1367001 | k=1 | y=1 | q=400000 | p=92100 | w=2 | gamma=400000
t=4 | ATM=Z2011001 | k=1 | y=1 | q=300000 | p=0 | w=1 | gamma=300000
t=4 | used_edges=13
t=5 | ATM=Z0951001 | k=1 | y=1 | q=300000 | p=14744 | w=1 | gamma=300000
t=5 | ATM=Z0951002 | k=1 | y=1 | q=300000 | p=0 | w=1 | gamma=300000
t=5 | ATM=Z1119001 | k=1 | y=1 | q=400000 | p=122869 | w=2 | gamma=400000
t=5 | ATM=Z2135001 | k=1 | y=1 | q=300000 | p=48411 | w=1 | gamma=300000
t=5 | used_edges=5
t=6: (no service)
t=7: (no service)
=============================================================


================= DAILY ROUTES =================

Day t=1, k=1:
  total_km   = 129.788 km
  route_cost = 324.470 €
  used edges:
    DEPOT -- Z0241006   (x=1, dist=1.579 km)
    DEPOT -- Z1169001   (x=1, dist=3.691 km)
    Z0241004 -- Z0241006   (x=1, dist=0.000 km)
    Z0241004 -- Z1119001   (x=1, dist=9.169 km)
    Z0283001 -- Z0972001   (x=1, dist=11.570 km)
    Z0283001 -- Z2135001   (x=1, dist=11.410 km)
    Z0284001 -- Z0951002   (x=1, dist=1.201 km)
    Z0284001 -- Z1119001   (x=1, dist=13.861 km)
    Z0899001 -- Z0908001   (x=1, dist=2.653 km)
    Z0899001 -- Z1169001   (x=1, dist=7.601 km)
    Z0908001 -- Z0972001   (x=1, dist=11.578 km)
    Z0951001 -- Z0951002   (x=1, dist=0.000 km)
    Z0951001 -- Z1367001   (x=1, dist=22.721 km)
    Z1367001 -- Z1665001   (x=1, dist=15.865 km)
    Z1665001 -- Z1769001   (x=1, dist=14.973 km)
    Z1769001 -- Z2135002   (x=1, dist=1.916 km)
    Z2135001 -- Z2135002   (x=1, dist=0.000 km)
  reconstructed tour: DEPOT -> Z0241006 -> Z0241004 -> Z1119001 -> Z0284001 -> Z0951002 -> Z0951001 -> Z1367001 -> Z1665001 -> Z1769001 -> Z2135002 -> Z2135001 -> Z0283001 -> Z0972001 -> Z0908001 -> Z0899001 -> Z1169001 -> DEPOT

Day t=2, k=1:
  total_km   = 79.777 km
  route_cost = 199.443 €
  used edges:
    DEPOT -- Z0386001   (x=1, dist=26.147 km)
    DEPOT -- Z1169001   (x=1, dist=3.691 km)
    Z0241002 -- Z0241003   (x=1, dist=0.000 km)
    Z0241002 -- Z0241005   (x=1, dist=0.000 km)
    Z0241003 -- Z1031002   (x=1, dist=4.766 km)
    Z0241005 -- Z1524001   (x=1, dist=3.790 km)
    Z0276001 -- Z0276002   (x=1, dist=0.000 km)
    Z0276001 -- Z1031002   (x=1, dist=6.645 km)
    Z0276002 -- Z0386003   (x=1, dist=14.161 km)
    Z0386001 -- Z0386002   (x=1, dist=0.000 km)
    Z0386002 -- Z0386003   (x=1, dist=0.000 km)
    Z0646001 -- Z0646002   (x=1, dist=0.000 km)
    Z0646001 -- Z1524001   (x=1, dist=5.229 km)
    Z0646002 -- Z1899002   (x=1, dist=9.965 km)
    Z1169001 -- Z2135002   (x=1, dist=4.017 km)
    Z1899001 -- Z1899002   (x=1, dist=0.000 km)
    Z1899001 -- Z2135002   (x=1, dist=1.367 km)
  reconstructed tour: DEPOT -> Z0386001 -> Z0386002 -> Z0386003 -> Z0276002 -> Z0276001 -> Z1031002 -> Z0241003 -> Z0241002 -> Z0241005 -> Z1524001 -> Z0646001 -> Z0646002 -> Z1899002 -> Z1899001 -> Z2135002 -> Z1169001 -> DEPOT

Day t=3, k=1:
  total_km   = 25.322 km
  route_cost = 63.304 €
  used edges:
    DEPOT -- Z0241007   (x=1, dist=1.579 km)
    DEPOT -- Z0276001   (x=1, dist=12.332 km)
    Z0241007 -- Z1031001   (x=1, dist=4.766 km)
    Z0276001 -- Z1031001   (x=1, dist=6.645 km)
  reconstructed tour: DEPOT -> Z0241007 -> Z1031001 -> Z0276001 -> DEPOT

Day t=4, k=1:
  total_km   = 87.537 km
  route_cost = 218.843 €
  used edges:
    DEPOT -- Z0241003   (x=1, dist=1.579 km)
    DEPOT -- Z0646002   (x=1, dist=8.856 km)
    Z0241002 -- Z0241004   (x=1, dist=0.000 km)
    Z0241002 -- Z1119001   (x=1, dist=9.169 km)
    Z0241003 -- Z0241004   (x=1, dist=0.000 km)
    Z0284001 -- Z0386007   (x=1, dist=3.043 km)
    Z0284001 -- Z1119001   (x=1, dist=13.861 km)
    Z0386007 -- Z1367001   (x=1, dist=24.480 km)
    Z0646001 -- Z0646002   (x=1, dist=0.000 km)
    Z0646001 -- Z0899001   (x=1, dist=1.079 km)
    Z0899001 -- Z0908001   (x=1, dist=2.653 km)
    Z0908001 -- Z2011001   (x=1, dist=12.634 km)
    Z1367001 -- Z2011001   (x=1, dist=10.184 km)
  reconstructed tour: DEPOT -> Z0241003 -> Z0241004 -> Z0241002 -> Z1119001 -> Z0284001 -> Z0386007 -> Z1367001 -> Z2011001 -> Z0908001 -> Z0899001 -> Z0646001 -> Z0646002 -> DEPOT

Day t=5, k=1:
  total_km   = 61.640 km
  route_cost = 154.100 €
  used edges:
    DEPOT -- Z0951001   (x=1, dist=24.129 km)
    DEPOT -- Z2135001   (x=1, dist=7.077 km)
    Z0951001 -- Z0951002   (x=1, dist=0.000 km)
    Z0951002 -- Z1119001   (x=1, dist=14.443 km)
    Z1119001 -- Z2135001   (x=1, dist=15.991 km)
  reconstructed tour: DEPOT -> Z0951001 -> Z0951002 -> Z1119001 -> Z2135001 -> DEPOT

Day t=6, k=1: (no route)

Day t=7, k=1: (no route)
================================================


-- Optimality diagnostics --
Status: 9
SolCount: 10
ObjVal   : 40244.345416
ObjBound : 28009.809437
MIPGap   : 0.3040063356
AbsGap   : 12234.535980

================================================================================
FINAL SUMMARY
Status: 9 | SolCount: 10
Objective: 40244.34541633727

================= OBJECTIVE BREAKDOWN =================
inv_cost      = 29632.461941
stockout_cost = 9651.723719
route_cost    = 960.159757
sum(components)= 40244.345416
model.ObjVal   = 40244.345416
diff           = 7.275958e-12
=======================================================

Sanity checks passed? True
================================================================================

