Set parameter Username
Set parameter LicenseID to value 2787991
Academic license - for non-commercial use only - expires 2027-03-05
Using atm_master_file: /Users/ahmetserdargeze/Desktop/selen/proje/outputs/weeklyavg_FIXED_end_20070225_atm_master.csv 2026-03-05 23:51:06.644075
Using edges_file     : /Users/ahmetserdargeze/Desktop/selen/proje/outputs/weeklyavg_FIXED_end_20070225_edges_dist_km.csv 2026-03-05 23:51:04.963497
Using r_file (DEMAND): /Users/ahmetserdargeze/Desktop/selen/proje/outputs/weeklyavg_Scenario1_end_20070311_r_nextweek.json 2026-03-06 13:33:43.291994
=== START OPTIMIZE ===
=== END OPTIMIZE ===

================= POST-SOLVE ANALYSIS =================
Status: TIME_LIMIT
Objective value: 41045.7304674662
Summary: total visits=30, total used-edges=36

-- Inventory/Shortage Summary --
Total inventory sum(I): 17391690.36
Max inventory: 269620.10 at ATM 36 t=3
Total shortage sum(S): 2309163.27
Shortage events count: 110
Max shortage: 123364.66 at ATM 20 t=2

================= SANITY CHECKS =================

-- Checking Inventory Balance --
Inventory balance checks: 294 checked, 0 failed

-- Checking Cassette Consistency (only when visited / q>0) --
✗ ATM 22, k=1, t=4 cassette mismatch: q=0.157641 vs rhs=0.165844
Cassette checks: 41 checked, 1 failed

-- Checking Pickup Logic (only when visited / p>0) --
Pickup checks: 30 checked, 0 failed

-- Checking Degree Constraints --
Degree checks: 301 checked, 0 failed

========================================
Some sanity checks FAILED.
========================================


================================================================================
FINAL SUMMARY
Status: 9 | SolCount: 10
Objective: 41045.7304674662
Sanity checks passed? False
================================================================================


================= SERVICE SUMMARY (COMPACT) =================
Objective (total cost): 41045.73
t=1 | ATM=Z0241002 | k=1 | y=1 | q=300000 | p=0 | w=1 | gamma=300000
t=1 | ATM=Z0241003 | k=1 | y=1 | q=300000 | p=0 | w=1 | gamma=300000
t=1 | ATM=Z0241004 | k=1 | y=1 | q=300000 | p=0 | w=1 | gamma=300000
t=1 | ATM=Z0276001 | k=1 | y=1 | q=300000 | p=0 | w=1 | gamma=300000
t=1 | ATM=Z0276002 | k=1 | y=1 | q=300000 | p=0 | w=1 | gamma=300000
t=1 | ATM=Z0284001 | k=1 | y=1 | q=300000 | p=0 | w=1 | gamma=300000
t=1 | ATM=Z0899001 | k=1 | y=1 | q=300000 | p=0 | w=1 | gamma=300000
t=1 | ATM=Z0908001 | k=1 | y=1 | q=400000 | p=0 | w=2 | gamma=400000
t=1 | ATM=Z0972001 | k=1 | y=1 | q=300000 | p=0 | w=1 | gamma=300000
t=1 | ATM=Z1119001 | k=1 | y=1 | q=300000 | p=0 | w=1 | gamma=300000
t=1 | ATM=Z1367001 | k=1 | y=1 | q=300000 | p=0 | w=1 | gamma=300000
t=1 | ATM=Z1524001 | k=1 | y=1 | q=300000 | p=0 | w=1 | gamma=300000
t=1 | ATM=Z1769001 | k=1 | y=1 | q=300000 | p=0 | w=1 | gamma=300000
t=1 | ATM=Z1899002 | k=1 | y=1 | q=300000 | p=0 | w=1 | gamma=300000
t=1 | ATM=Z2135001 | k=1 | y=1 | q=300000 | p=0 | w=1 | gamma=300000
t=1 | ATM=Z2135002 | k=1 | y=1 | q=400000 | p=0 | w=2 | gamma=400000
t=1 | used_edges=18
t=2 | ATM=Z0386001 | k=1 | y=1 | q=300000 | p=0 | w=1 | gamma=300000
t=2 | ATM=Z0386002 | k=1 | y=1 | q=300000 | p=0 | w=1 | gamma=300000
t=2 | ATM=Z0386003 | k=1 | y=1 | q=300000 | p=0 | w=1 | gamma=300000
t=2 | ATM=Z0646001 | k=1 | y=1 | q=300000 | p=0 | w=1 | gamma=300000
t=2 | ATM=Z0646002 | k=1 | y=1 | q=300000 | p=0 | w=1 | gamma=300000
t=2 | ATM=Z0899001 | k=1 | y=1 | q=300000 | p=96497 | w=1 | gamma=300000
t=2 | ATM=Z0951001 | k=1 | y=1 | q=300000 | p=0 | w=1 | gamma=300000
t=2 | ATM=Z0951002 | k=1 | y=1 | q=300000 | p=0 | w=1 | gamma=300000
t=2 | ATM=Z1169001 | k=1 | y=1 | q=300000 | p=0 | w=1 | gamma=300000
t=2 | ATM=Z1367001 | k=1 | y=1 | q=300000 | p=93436 | w=1 | gamma=300000
t=2 | ATM=Z1665001 | k=1 | y=1 | q=300000 | p=0 | w=1 | gamma=300000
t=2 | ATM=Z1769001 | k=1 | y=1 | q=400000 | p=45610 | w=2 | gamma=400000
t=2 | ATM=Z1899001 | k=1 | y=1 | q=300000 | p=0 | w=1 | gamma=300000
t=2 | used_edges=14
t=3 | ATM=Z2135001 | k=1 | y=1 | q=300000 | p=72887 | w=1 | gamma=300000
t=3 | used_edges=1
t=4: (no service)
t=5: (no service)
t=6: (no service)
t=7: (no service)
=============================================================


================= DAILY ROUTES =================

Day t=1, k=1:
  total_km   = 107.110 km
  route_cost = 267.774 €
  used edges:
    DEPOT -- Z0241002   (x=1, dist=1.579 km)
    DEPOT -- Z1524001   (x=1, dist=3.630 km)
    Z0241002 -- Z0241004   (x=1, dist=0.000 km)
    Z0241003 -- Z0241004   (x=1, dist=0.000 km)
    Z0241003 -- Z0276001   (x=1, dist=11.386 km)
    Z0276001 -- Z0276002   (x=1, dist=0.000 km)
    Z0276002 -- Z0284001   (x=1, dist=11.309 km)
    Z0284001 -- Z1119001   (x=1, dist=13.861 km)
    Z0899001 -- Z0908001   (x=1, dist=2.653 km)
    Z0899001 -- Z1524001   (x=1, dist=6.303 km)
    Z0908001 -- Z0972001   (x=1, dist=11.578 km)
    Z0972001 -- Z1769001   (x=1, dist=22.582 km)
    Z1119001 -- Z1367001   (x=1, dist=9.926 km)
    Z1367001 -- Z2135001   (x=1, dist=9.890 km)
    Z1769001 -- Z1899002   (x=1, dist=1.046 km)
    Z1899002 -- Z2135002   (x=1, dist=1.367 km)
    Z2135001 -- Z2135002   (x=1, dist=0.000 km)
  reconstructed tour: DEPOT -> Z0241002 -> Z0241004 -> Z0241003 -> Z0276001 -> Z0276002 -> Z0284001 -> Z1119001 -> Z1367001 -> Z2135001 -> Z2135002 -> Z1899002 -> Z1769001 -> Z0972001 -> Z0908001 -> Z0899001 -> Z1524001 -> DEPOT

Day t=2, k=1:
  total_km   = 103.699 km
  route_cost = 259.247 €
  used edges:
    DEPOT -- Z0951001   (x=1, dist=24.129 km)
    DEPOT -- Z1169001   (x=1, dist=3.691 km)
    Z0386001 -- Z0386002   (x=1, dist=0.000 km)
    Z0386001 -- Z1367001   (x=1, dist=24.480 km)
    Z0386002 -- Z0386003   (x=1, dist=0.000 km)
    Z0386003 -- Z0951002   (x=1, dist=2.059 km)
    Z0646001 -- Z0646002   (x=1, dist=0.000 km)
    Z0646001 -- Z0899001   (x=1, dist=1.079 km)
    Z0646002 -- Z1169001   (x=1, dist=6.642 km)
    Z0899001 -- Z1769001   (x=1, dist=10.077 km)
    Z0951001 -- Z0951002   (x=1, dist=0.000 km)
    Z1367001 -- Z1665001   (x=1, dist=15.865 km)
    Z1665001 -- Z1899001   (x=1, dist=14.632 km)
    Z1769001 -- Z1899001   (x=1, dist=1.046 km)
  reconstructed tour: DEPOT -> Z0951001 -> Z0951002 -> Z0386003 -> Z0386002 -> Z0386001 -> Z1367001 -> Z1665001 -> Z1899001 -> Z1769001 -> Z0899001 -> Z0646001 -> Z0646002 -> Z1169001 -> DEPOT

Day t=3, k=1:
  total_km   = 14.155 km
  route_cost = 35.387 €
  used edges:
    DEPOT -- Z2135001   (x=2, dist=7.077 km)
  reconstructed tour: DEPOT -> Z2135001 -> DEPOT

Day t=4, k=1: (no route)

Day t=5, k=1: (no route)

Day t=6, k=1: (no route)

Day t=7, k=1: (no route)
================================================


-- Optimality diagnostics --
Status: 9
SolCount: 10
ObjVal   : 41045.730467
ObjBound : 31695.678437
MIPGap   : 0.2277959711
AbsGap   : 9350.052031

================================================================================
FINAL SUMMARY
Status: 9 | SolCount: 10
Objective: 41045.7304674662

================= OBJECTIVE BREAKDOWN =================
inv_cost      = 17391.690356
stockout_cost = 23091.632691
route_cost    = 562.407421
sum(components)= 41045.730467
model.ObjVal   = 41045.730467
diff           = 2.182787e-11
=======================================================

Sanity checks passed? False
================================================================================

