Using atm_master_file: /Users/ahmetserdargeze/Desktop/selen/proje/outputs/weeklyavg_FIXED_end_20070225_atm_master.csv 2026-03-05 23:51:06.644075
Using edges_file     : /Users/ahmetserdargeze/Desktop/selen/proje/outputs/weeklyavg_FIXED_end_20070225_edges_dist_km.csv 2026-03-05 23:51:04.963497
Using r_file (DEMAND): /Users/ahmetserdargeze/Desktop/selen/proje/outputs/weeklyavg_Scenario1_end_20070408_r_nextweek.json 2026-03-06 18:19:28.608530
Using run_report_file: run_report_end_20070408.log
=== START OPTIMIZE ===
=== END OPTIMIZE ===

================= POST-SOLVE ANALYSIS =================
Status: TIME_LIMIT
Objective value: 38038.09751555698
Summary: total visits=52, total used-edges=59

-- Inventory/Shortage Summary --
Total inventory sum(I): 21864941.84
Max inventory: 275606.11 at ATM 38 t=3
Total shortage sum(S): 1511184.72
Shortage events count: 107
Max shortage: 65144.36 at ATM 8 t=2

================= SANITY CHECKS =================

-- Checking Inventory Balance --
Inventory balance checks: 294 checked, 0 failed

-- Checking Cassette Consistency (only when visited / q>0) --
Cassette checks: 54 checked, 0 failed

-- Checking Pickup Logic (only when visited / p>0) --
Pickup checks: 53 checked, 0 failed

-- Checking Degree Constraints --
Degree checks: 301 checked, 0 failed

========================================
All sanity checks PASSED.
========================================


================================================================================
FINAL SUMMARY
Status: 9 | SolCount: 10
Objective: 38038.09751555698
Sanity checks passed? True
================================================================================


================= SERVICE SUMMARY (COMPACT) =================
Objective (total cost): 38038.10
t=1 | ATM=Z0241002 | k=1 | y=1 | q=300000 | p=0 | w=1 | gamma=300000
t=1 | ATM=Z0284001 | k=1 | y=1 | q=300000 | p=0 | w=1 | gamma=300000
t=1 | ATM=Z0386001 | k=1 | y=1 | q=300000 | p=0 | w=1 | gamma=300000
t=1 | ATM=Z0646001 | k=1 | y=1 | q=300000 | p=0 | w=1 | gamma=300000
t=1 | ATM=Z0646002 | k=1 | y=1 | q=300000 | p=0 | w=1 | gamma=300000
t=1 | ATM=Z0899001 | k=1 | y=1 | q=300000 | p=0 | w=1 | gamma=300000
t=1 | ATM=Z0908001 | k=1 | y=1 | q=300000 | p=0 | w=1 | gamma=300000
t=1 | ATM=Z0951001 | k=1 | y=1 | q=300000 | p=0 | w=1 | gamma=300000
t=1 | ATM=Z0951002 | k=1 | y=1 | q=300000 | p=0 | w=1 | gamma=300000
t=1 | ATM=Z0972001 | k=1 | y=1 | q=300000 | p=0 | w=1 | gamma=300000
t=1 | ATM=Z1119001 | k=1 | y=1 | q=300000 | p=0 | w=1 | gamma=300000
t=1 | ATM=Z1169001 | k=1 | y=1 | q=300000 | p=0 | w=1 | gamma=300000
t=1 | ATM=Z1367001 | k=1 | y=1 | q=300000 | p=0 | w=1 | gamma=300000
t=1 | ATM=Z1524001 | k=1 | y=1 | q=300000 | p=0 | w=1 | gamma=300000
t=1 | ATM=Z1665001 | k=1 | y=1 | q=300000 | p=0 | w=1 | gamma=300000
t=1 | ATM=Z1769001 | k=1 | y=1 | q=300000 | p=0 | w=1 | gamma=300000
t=1 | used_edges=17
t=2 | ATM=Z0241003 | k=1 | y=1 | q=300000 | p=0 | w=1 | gamma=300000
t=2 | ATM=Z0241004 | k=1 | y=1 | q=300000 | p=0 | w=1 | gamma=300000
t=2 | ATM=Z0241007 | k=1 | y=1 | q=300000 | p=0 | w=1 | gamma=300000
t=2 | ATM=Z0276001 | k=1 | y=1 | q=300000 | p=0 | w=1 | gamma=300000
t=2 | ATM=Z0276002 | k=1 | y=1 | q=300000 | p=0 | w=1 | gamma=300000
t=2 | ATM=Z0283001 | k=1 | y=1 | q=300000 | p=0 | w=1 | gamma=300000
t=2 | ATM=Z0386002 | k=1 | y=1 | q=300000 | p=0 | w=1 | gamma=300000
t=2 | ATM=Z0386003 | k=1 | y=1 | q=300000 | p=0 | w=1 | gamma=300000
t=2 | ATM=Z0646002 | k=1 | y=1 | q=300000 | p=210872 | w=1 | gamma=300000
t=2 | ATM=Z0972001 | k=1 | y=1 | q=300000 | p=179107 | w=1 | gamma=300000
t=2 | ATM=Z1031002 | k=1 | y=1 | q=300000 | p=0 | w=1 | gamma=300000
t=2 | ATM=Z1169001 | k=1 | y=1 | q=300000 | p=211014 | w=1 | gamma=300000
t=2 | ATM=Z1899001 | k=1 | y=1 | q=300000 | p=0 | w=1 | gamma=300000
t=2 | ATM=Z1899002 | k=1 | y=1 | q=300000 | p=0 | w=1 | gamma=300000
t=2 | ATM=Z2135001 | k=1 | y=1 | q=300000 | p=0 | w=1 | gamma=300000
t=2 | ATM=Z2135002 | k=1 | y=1 | q=300000 | p=0 | w=1 | gamma=300000
t=2 | used_edges=17
t=3 | ATM=Z0241002 | k=1 | y=1 | q=300000 | p=160123 | w=1 | gamma=300000
t=3 | ATM=Z0241003 | k=1 | y=1 | q=300000 | p=246379 | w=1 | gamma=300000
t=3 | ATM=Z0241004 | k=1 | y=1 | q=300000 | p=240005 | w=1 | gamma=300000
t=3 | ATM=Z0284001 | k=1 | y=1 | q=300000 | p=0 | w=1 | gamma=300000
t=3 | ATM=Z0899001 | k=1 | y=1 | q=300000 | p=22290 | w=1 | gamma=300000
t=3 | ATM=Z0908001 | k=1 | y=1 | q=300000 | p=141209 | w=1 | gamma=300000
t=3 | ATM=Z0951001 | k=1 | y=1 | q=300000 | p=150170 | w=1 | gamma=300000
t=3 | ATM=Z1119001 | k=1 | y=1 | q=300000 | p=173248 | w=1 | gamma=300000
t=3 | ATM=Z1367001 | k=1 | y=1 | q=300000 | p=10932 | w=1 | gamma=300000
t=3 | ATM=Z1665001 | k=1 | y=1 | q=300000 | p=151013 | w=1 | gamma=300000
t=3 | ATM=Z1769001 | k=1 | y=1 | q=300000 | p=45724 | w=1 | gamma=300000
t=3 | used_edges=15
t=4 | ATM=Z0284001 | k=1 | y=1 | q=300000 | p=124634 | w=1 | gamma=300000
t=4 | ATM=Z0646001 | k=1 | y=1 | q=300000 | p=13110 | w=1 | gamma=300000
t=4 | ATM=Z0646002 | k=1 | y=1 | q=300000 | p=48340 | w=1 | gamma=300000
t=4 | ATM=Z0899001 | k=1 | y=1 | q=300000 | p=192731 | w=1 | gamma=300000
t=4 | ATM=Z0951002 | k=1 | y=1 | q=300000 | p=94364 | w=1 | gamma=300000
t=4 | ATM=Z1367001 | k=1 | y=1 | q=300000 | p=181304 | w=1 | gamma=300000
t=4 | ATM=Z1524001 | k=1 | y=1 | q=300000 | p=28498 | w=1 | gamma=300000
t=4 | ATM=Z1769001 | k=1 | y=1 | q=400000 | p=143045 | w=2 | gamma=400000
t=4 | ATM=Z2135001 | k=1 | y=1 | q=300000 | p=187693 | w=1 | gamma=300000
t=4 | used_edges=10
t=5: (no service)
t=6: (no service)
t=7: (no service)
=============================================================


================= DAILY ROUTES =================

Day t=1, k=1:
  total_km   = 132.781 km
  route_cost = 331.953 €
  used edges:
    DEPOT -- Z0241002   (x=1, dist=1.579 km)
    DEPOT -- Z1169001   (x=1, dist=3.691 km)
    Z0241002 -- Z1119001   (x=1, dist=9.169 km)
    Z0284001 -- Z0951001   (x=1, dist=1.201 km)
    Z0284001 -- Z1119001   (x=1, dist=13.861 km)
    Z0386001 -- Z0951002   (x=1, dist=2.059 km)
    Z0386001 -- Z1367001   (x=1, dist=24.480 km)
    Z0646001 -- Z0646002   (x=1, dist=0.000 km)
    Z0646001 -- Z1524001   (x=1, dist=5.229 km)
    Z0646002 -- Z0899001   (x=1, dist=1.079 km)
    Z0899001 -- Z0908001   (x=1, dist=2.653 km)
    Z0908001 -- Z0972001   (x=1, dist=11.578 km)
    Z0951001 -- Z0951002   (x=1, dist=0.000 km)
    Z0972001 -- Z1769001   (x=1, dist=22.582 km)
    Z1169001 -- Z1524001   (x=1, dist=2.783 km)
    Z1367001 -- Z1665001   (x=1, dist=15.865 km)
    Z1665001 -- Z1769001   (x=1, dist=14.973 km)
  reconstructed tour: DEPOT -> Z0241002 -> Z1119001 -> Z0284001 -> Z0951001 -> Z0951002 -> Z0386001 -> Z1367001 -> Z1665001 -> Z1769001 -> Z0972001 -> Z0908001 -> Z0899001 -> Z0646002 -> Z0646001 -> Z1524001 -> Z1169001 -> DEPOT

Day t=2, k=1:
  total_km   = 108.560 km
  route_cost = 271.401 €
  used edges:
    DEPOT -- Z0386003   (x=1, dist=26.147 km)
    DEPOT -- Z1169001   (x=1, dist=3.691 km)
    Z0241003 -- Z0241004   (x=1, dist=0.000 km)
    Z0241003 -- Z0646002   (x=1, dist=8.867 km)
    Z0241004 -- Z0241007   (x=1, dist=0.000 km)
    Z0241007 -- Z1031002   (x=1, dist=4.766 km)
    Z0276001 -- Z0276002   (x=1, dist=0.000 km)
    Z0276001 -- Z0386002   (x=1, dist=14.161 km)
    Z0276002 -- Z1031002   (x=1, dist=6.645 km)
    Z0283001 -- Z0972001   (x=1, dist=11.570 km)
    Z0283001 -- Z1899002   (x=1, dist=12.063 km)
    Z0386002 -- Z0386003   (x=1, dist=0.000 km)
    Z0646002 -- Z0972001   (x=1, dist=15.267 km)
    Z1169001 -- Z2135001   (x=1, dist=4.017 km)
    Z1899001 -- Z1899002   (x=1, dist=0.000 km)
    Z1899001 -- Z2135002   (x=1, dist=1.367 km)
    Z2135001 -- Z2135002   (x=1, dist=0.000 km)
  reconstructed tour: DEPOT -> Z0386003 -> Z0386002 -> Z0276001 -> Z0276002 -> Z1031002 -> Z0241007 -> Z0241004 -> Z0241003 -> Z0646002 -> Z0972001 -> Z0283001 -> Z1899002 -> Z1899001 -> Z2135002 -> Z2135001 -> Z1169001 -> DEPOT

Day t=3, k=1:
  total_km   = 103.969 km
  route_cost = 259.922 €
  used edges:
    DEPOT -- Z0241002   (x=1, dist=1.579 km)
    DEPOT -- Z0899001   (x=1, dist=9.927 km)
    Z0241002 -- Z0241004   (x=1, dist=0.000 km)
    Z0241003 -- Z0241004   (x=1, dist=0.000 km)
    Z0241003 -- Z1119001   (x=1, dist=9.169 km)
    Z0284001 -- Z0951001   (x=1, dist=1.201 km)
    Z0284001 -- Z1119001   (x=1, dist=13.861 km)
    Z0899001 -- Z0908001   (x=1, dist=2.653 km)
    Z0908001 -- Z1769001   (x=1, dist=12.020 km)
    Z0951001 -- Z1367001   (x=1, dist=22.721 km)
    Z1367001 -- Z1665001   (x=1, dist=15.865 km)
    Z1665001 -- Z1769001   (x=1, dist=14.973 km)
  reconstructed tour: DEPOT -> Z0241002 -> Z0241004 -> Z0241003 -> Z1119001 -> Z0284001 -> Z0951001 -> Z1367001 -> Z1665001 -> Z1769001 -> Z0908001 -> Z0899001 -> DEPOT

Day t=4, k=1:
  total_km   = 79.213 km
  route_cost = 198.032 €
  used edges:
    DEPOT -- Z0284001   (x=1, dist=23.470 km)
    DEPOT -- Z1524001   (x=1, dist=3.630 km)
    Z0284001 -- Z0951002   (x=1, dist=1.201 km)
    Z0646001 -- Z0646002   (x=1, dist=0.000 km)
    Z0646001 -- Z1524001   (x=1, dist=5.229 km)
    Z0646002 -- Z0899001   (x=1, dist=1.079 km)
    Z0899001 -- Z1769001   (x=1, dist=10.077 km)
    Z0951002 -- Z1367001   (x=1, dist=22.721 km)
    Z1367001 -- Z2135001   (x=1, dist=9.890 km)
    Z1769001 -- Z2135001   (x=1, dist=1.916 km)
  reconstructed tour: DEPOT -> Z0284001 -> Z0951002 -> Z1367001 -> Z2135001 -> Z1769001 -> Z0899001 -> Z0646002 -> Z0646001 -> Z1524001 -> DEPOT

Day t=5, k=1: (no route)

Day t=6, k=1: (no route)

Day t=7, k=1: (no route)
================================================


-- Optimality diagnostics --
Status: 9
SolCount: 10
ObjVal   : 38038.097516
ObjBound : 28044.262221
MIPGap   : 0.2627322592
AbsGap   : 9993.835294

================================================================================
FINAL SUMMARY
Status: 9 | SolCount: 10
Objective: 38038.09751555698

================= OBJECTIVE BREAKDOWN =================
inv_cost      = 21864.941838
stockout_cost = 15111.847239
route_cost    = 1061.308438
sum(components)= 38038.097516
model.ObjVal   = 38038.097516
diff           = 4.365575e-11
=======================================================

Sanity checks passed? True
================================================================================

