Using atm_master_file: /Users/ahmetserdargeze/Desktop/selen/proje/outputs/weeklyavg_FIXED_end_20070225_atm_master.csv 2026-03-05 23:51:06.644075
Using edges_file     : /Users/ahmetserdargeze/Desktop/selen/proje/outputs/weeklyavg_FIXED_end_20070225_edges_dist_km.csv 2026-03-05 23:51:04.963497
Using r_file (DEMAND): /Users/ahmetserdargeze/Desktop/selen/proje/outputs/weeklyavg_Scenario1_end_20070701_r_nextweek.json 2026-03-07 01:19:49.586509
Using run_report_file: run_report_end_20070701.log
=== START OPTIMIZE ===
=== END OPTIMIZE ===

================= POST-SOLVE ANALYSIS =================
Status: TIME_LIMIT
Objective value: 58319.73564824429
Summary: total visits=45, total used-edges=49

-- Inventory/Shortage Summary --
Total inventory sum(I): 16515940.10
Max inventory: 258605.52 at ATM 34 t=4
Total shortage sum(S): 4102042.88
Shortage events count: 125
Max shortage: 214937.39 at ATM 21 t=2

================= SANITY CHECKS =================

-- Checking Inventory Balance --
Inventory balance checks: 294 checked, 0 failed

-- Checking Cassette Consistency (only when visited / q>0) --
✗ ATM 12, k=1, t=3 cassette mismatch: q=399999.736939 vs rhs=399999.738439
Cassette checks: 47 checked, 1 failed

-- Checking Pickup Logic (only when visited / p>0) --
Pickup checks: 46 checked, 0 failed

-- Checking Degree Constraints --
Degree checks: 301 checked, 0 failed

========================================
Some sanity checks FAILED.
========================================


================================================================================
FINAL SUMMARY
Status: 9 | SolCount: 10
Objective: 58319.73564824429
Sanity checks passed? False
================================================================================


================= SERVICE SUMMARY (COMPACT) =================
Objective (total cost): 58319.74
t=1 | ATM=Z0241004 | k=1 | y=1 | q=300000 | p=0 | w=1 | gamma=300000
t=1 | ATM=Z0276002 | k=1 | y=1 | q=300000 | p=0 | w=1 | gamma=300000
t=1 | ATM=Z0284001 | k=1 | y=1 | q=400000 | p=0 | w=2 | gamma=400000
t=1 | ATM=Z0386002 | k=1 | y=1 | q=300000 | p=0 | w=1 | gamma=300000
t=1 | ATM=Z0386003 | k=1 | y=1 | q=300000 | p=0 | w=1 | gamma=300000
t=1 | ATM=Z0646001 | k=1 | y=1 | q=400000 | p=0 | w=2 | gamma=400000
t=1 | ATM=Z0899001 | k=1 | y=1 | q=300000 | p=0 | w=1 | gamma=300000
t=1 | ATM=Z0908001 | k=1 | y=1 | q=300000 | p=0 | w=1 | gamma=300000
t=1 | ATM=Z0951001 | k=1 | y=1 | q=300000 | p=0 | w=1 | gamma=300000
t=1 | ATM=Z1031002 | k=1 | y=1 | q=300000 | p=0 | w=1 | gamma=300000
t=1 | ATM=Z1119001 | k=1 | y=1 | q=300000 | p=0 | w=1 | gamma=300000
t=1 | ATM=Z1367001 | k=1 | y=1 | q=300000 | p=0 | w=1 | gamma=300000
t=1 | ATM=Z1899001 | k=1 | y=1 | q=300000 | p=0 | w=1 | gamma=300000
t=1 | ATM=Z1899002 | k=1 | y=1 | q=300000 | p=0 | w=1 | gamma=300000
t=1 | ATM=Z2011001 | k=1 | y=1 | q=300000 | p=0 | w=1 | gamma=300000
t=1 | ATM=Z2135001 | k=1 | y=1 | q=300000 | p=0 | w=1 | gamma=300000
t=1 | used_edges=17
t=2 | ATM=Z0241002 | k=1 | y=1 | q=300000 | p=0 | w=1 | gamma=300000
t=2 | ATM=Z0241003 | k=1 | y=1 | q=300000 | p=0 | w=1 | gamma=300000
t=2 | ATM=Z0276001 | k=1 | y=1 | q=300000 | p=0 | w=1 | gamma=300000
t=2 | ATM=Z0283001 | k=1 | y=1 | q=300000 | p=0 | w=1 | gamma=300000
t=2 | ATM=Z0386001 | k=1 | y=1 | q=300000 | p=0 | w=1 | gamma=300000
t=2 | ATM=Z0646002 | k=1 | y=1 | q=400000 | p=0 | w=2 | gamma=400000
t=2 | ATM=Z0899001 | k=1 | y=1 | q=300000 | p=0 | w=1 | gamma=300000
t=2 | ATM=Z0908001 | k=1 | y=1 | q=300000 | p=72826 | w=1 | gamma=300000
t=2 | ATM=Z0951002 | k=1 | y=1 | q=400000 | p=0 | w=2 | gamma=400000
t=2 | ATM=Z0972001 | k=1 | y=1 | q=300000 | p=0 | w=1 | gamma=300000
t=2 | ATM=Z1119001 | k=1 | y=1 | q=300000 | p=35313 | w=1 | gamma=300000
t=2 | ATM=Z1169001 | k=1 | y=1 | q=300000 | p=0 | w=1 | gamma=300000
t=2 | ATM=Z1367001 | k=1 | y=1 | q=300000 | p=34845 | w=1 | gamma=300000
t=2 | ATM=Z1665001 | k=1 | y=1 | q=300000 | p=-0 | w=1 | gamma=300000
t=2 | ATM=Z1769001 | k=1 | y=1 | q=300000 | p=0 | w=1 | gamma=300000
t=2 | ATM=Z2135002 | k=1 | y=1 | q=300000 | p=0 | w=1 | gamma=300000
t=2 | used_edges=17
t=3 | ATM=Z0241004 | k=1 | y=1 | q=300000 | p=0 | w=1 | gamma=300000
t=3 | ATM=Z0284001 | k=1 | y=1 | q=400000 | p=0 | w=2 | gamma=400000
t=3 | ATM=Z0386002 | k=1 | y=1 | q=300000 | p=5997 | w=1 | gamma=300000
t=3 | ATM=Z0386003 | k=1 | y=1 | q=300000 | p=0 | w=1 | gamma=300000
t=3 | ATM=Z0646001 | k=1 | y=1 | q=300000 | p=0 | w=1 | gamma=300000
t=3 | ATM=Z0899001 | k=1 | y=1 | q=400000 | p=23175 | w=2 | gamma=400000
t=3 | ATM=Z0908001 | k=1 | y=1 | q=300000 | p=65009 | w=1 | gamma=300000
t=3 | ATM=Z0951001 | k=1 | y=1 | q=300000 | p=0 | w=1 | gamma=300000
t=3 | ATM=Z1119001 | k=1 | y=1 | q=300000 | p=44368 | w=1 | gamma=300000
t=3 | ATM=Z1169001 | k=1 | y=1 | q=300000 | p=82686 | w=1 | gamma=300000
t=3 | ATM=Z1367001 | k=1 | y=1 | q=300000 | p=18667 | w=1 | gamma=300000
t=3 | ATM=Z1524001 | k=1 | y=1 | q=300000 | p=0 | w=1 | gamma=300000
t=3 | ATM=Z2135001 | k=1 | y=1 | q=300000 | p=0 | w=1 | gamma=300000
t=3 | used_edges=14
t=4: (no service)
t=5: (no service)
t=6: (no service)
t=7: (no service)
=============================================================


================= DAILY ROUTES =================

Day t=1, k=1:
  total_km   = 89.820 km
  route_cost = 224.550 €
  used edges:
    DEPOT -- Z0241004   (x=1, dist=1.579 km)
    DEPOT -- Z0646001   (x=1, dist=8.856 km)
    Z0241004 -- Z1031002   (x=1, dist=4.766 km)
    Z0276002 -- Z0284001   (x=1, dist=11.309 km)
    Z0276002 -- Z1031002   (x=1, dist=6.645 km)
    Z0284001 -- Z0386003   (x=1, dist=3.043 km)
    Z0386002 -- Z0386003   (x=1, dist=0.000 km)
    Z0386002 -- Z0951001   (x=1, dist=2.059 km)
    Z0646001 -- Z0899001   (x=1, dist=1.079 km)
    Z0899001 -- Z0908001   (x=1, dist=2.653 km)
    Z0908001 -- Z2135001   (x=1, dist=11.847 km)
    Z0951001 -- Z1119001   (x=1, dist=14.443 km)
    Z1119001 -- Z1367001   (x=1, dist=9.926 km)
    Z1367001 -- Z2011001   (x=1, dist=10.184 km)
    Z1899001 -- Z1899002   (x=1, dist=0.000 km)
    Z1899001 -- Z2011001   (x=1, dist=0.066 km)
    Z1899002 -- Z2135001   (x=1, dist=1.367 km)
  reconstructed tour: DEPOT -> Z0241004 -> Z1031002 -> Z0276002 -> Z0284001 -> Z0386003 -> Z0386002 -> Z0951001 -> Z1119001 -> Z1367001 -> Z2011001 -> Z1899001 -> Z1899002 -> Z2135001 -> Z0908001 -> Z0899001 -> Z0646001 -> DEPOT

Day t=2, k=1:
  total_km   = 134.481 km
  route_cost = 336.202 €
  used edges:
    DEPOT -- Z0241002   (x=1, dist=1.579 km)
    DEPOT -- Z1169001   (x=1, dist=3.691 km)
    Z0241002 -- Z0241003   (x=1, dist=0.000 km)
    Z0241003 -- Z1119001   (x=1, dist=9.169 km)
    Z0276001 -- Z0951002   (x=1, dist=12.104 km)
    Z0276001 -- Z1119001   (x=1, dist=3.712 km)
    Z0283001 -- Z0972001   (x=1, dist=11.570 km)
    Z0283001 -- Z2135002   (x=1, dist=11.410 km)
    Z0386001 -- Z0951002   (x=1, dist=2.059 km)
    Z0386001 -- Z1367001   (x=1, dist=24.480 km)
    Z0646002 -- Z0899001   (x=1, dist=1.079 km)
    Z0646002 -- Z1169001   (x=1, dist=6.642 km)
    Z0899001 -- Z0908001   (x=1, dist=2.653 km)
    Z0908001 -- Z0972001   (x=1, dist=11.578 km)
    Z1367001 -- Z1665001   (x=1, dist=15.865 km)
    Z1665001 -- Z1769001   (x=1, dist=14.973 km)
    Z1769001 -- Z2135002   (x=1, dist=1.916 km)
  reconstructed tour: DEPOT -> Z0241002 -> Z0241003 -> Z1119001 -> Z0276001 -> Z0951002 -> Z0386001 -> Z1367001 -> Z1665001 -> Z1769001 -> Z2135002 -> Z0283001 -> Z0972001 -> Z0908001 -> Z0899001 -> Z0646002 -> Z1169001 -> DEPOT

Day t=3, k=1:
  total_km   = 89.046 km
  route_cost = 222.614 €
  used edges:
    DEPOT -- Z0241004   (x=1, dist=1.579 km)
    DEPOT -- Z1524001   (x=1, dist=3.630 km)
    Z0241004 -- Z1119001   (x=1, dist=9.169 km)
    Z0284001 -- Z0951001   (x=1, dist=1.201 km)
    Z0284001 -- Z1119001   (x=1, dist=13.861 km)
    Z0386002 -- Z0386003   (x=1, dist=0.000 km)
    Z0386002 -- Z1367001   (x=1, dist=24.480 km)
    Z0386003 -- Z0951001   (x=1, dist=2.059 km)
    Z0646001 -- Z0899001   (x=1, dist=1.079 km)
    Z0646001 -- Z1524001   (x=1, dist=5.229 km)
    Z0899001 -- Z0908001   (x=1, dist=2.653 km)
    Z0908001 -- Z1169001   (x=1, dist=10.199 km)
    Z1169001 -- Z2135001   (x=1, dist=4.017 km)
    Z1367001 -- Z2135001   (x=1, dist=9.890 km)
  reconstructed tour: DEPOT -> Z0241004 -> Z1119001 -> Z0284001 -> Z0951001 -> Z0386003 -> Z0386002 -> Z1367001 -> Z2135001 -> Z1169001 -> Z0908001 -> Z0899001 -> Z0646001 -> Z1524001 -> DEPOT

Day t=4, k=1: (no route)

Day t=5, k=1: (no route)

Day t=6, k=1: (no route)

Day t=7, k=1: (no route)
================================================


-- Optimality diagnostics --
Status: 9
SolCount: 10
ObjVal   : 58319.735648
ObjBound : 47038.960208
MIPGap   : 0.1934298109
AbsGap   : 11280.775440

================================================================================
FINAL SUMMARY
Status: 9 | SolCount: 10
Objective: 58319.73564824429

================= OBJECTIVE BREAKDOWN =================
inv_cost      = 16515.940099
stockout_cost = 41020.428795
route_cost    = 783.366754
sum(components)= 58319.735648
model.ObjVal   = 58319.735648
diff           = 2.182787e-11
=======================================================

Sanity checks passed? False
================================================================================

