Using atm_master_file: /Users/ahmetserdargeze/Desktop/selen/proje/outputs/weeklyavg_FIXED_end_20070225_atm_master.csv 2026-03-05 23:51:06.644075
Using edges_file     : /Users/ahmetserdargeze/Desktop/selen/proje/outputs/weeklyavg_FIXED_end_20070225_edges_dist_km.csv 2026-03-05 23:51:04.963497
Using r_file (DEMAND): /Users/ahmetserdargeze/Desktop/selen/proje/outputs/weeklyavg_Scenario1_end_20070610_r_nextweek.json 2026-03-07 00:08:38.295416
Using run_report_file: run_report_end_20070610.log
=== START OPTIMIZE ===
=== END OPTIMIZE ===

================= POST-SOLVE ANALYSIS =================
Status: TIME_LIMIT
Objective value: 42411.23375398725
Summary: total visits=44, total used-edges=48

-- Inventory/Shortage Summary --
Total inventory sum(I): 21844494.21
Max inventory: 275717.33 at ATM 34 t=2
Total shortage sum(S): 1973545.27
Shortage events count: 109
Max shortage: 93451.50 at ATM 25 t=2

================= SANITY CHECKS =================

-- Checking Inventory Balance --
Inventory balance checks: 294 checked, 0 failed

-- Checking Cassette Consistency (only when visited / q>0) --
Cassette checks: 50 checked, 0 failed

-- Checking Pickup Logic (only when visited / p>0) --
Pickup checks: 47 checked, 0 failed

-- Checking Degree Constraints --
Degree checks: 301 checked, 0 failed

========================================
All sanity checks PASSED.
========================================


================================================================================
FINAL SUMMARY
Status: 9 | SolCount: 10
Objective: 42411.23375398725
Sanity checks passed? True
================================================================================


================= SERVICE SUMMARY (COMPACT) =================
Objective (total cost): 42411.23
t=1 | ATM=Z0241002 | k=1 | y=1 | q=300000 | p=0 | w=1 | gamma=300000
t=1 | ATM=Z0241004 | k=1 | y=1 | q=300000 | p=0 | w=1 | gamma=300000
t=1 | ATM=Z0276002 | k=1 | y=1 | q=300000 | p=0 | w=1 | gamma=300000
t=1 | ATM=Z0284001 | k=1 | y=1 | q=300000 | p=0 | w=1 | gamma=300000
t=1 | ATM=Z0646001 | k=1 | y=1 | q=300000 | p=0 | w=1 | gamma=300000
t=1 | ATM=Z0646002 | k=1 | y=1 | q=300000 | p=0 | w=1 | gamma=300000
t=1 | ATM=Z0899001 | k=1 | y=1 | q=300000 | p=0 | w=1 | gamma=300000
t=1 | ATM=Z1119001 | k=1 | y=1 | q=300000 | p=0 | w=1 | gamma=300000
t=1 | ATM=Z1169001 | k=1 | y=1 | q=300000 | p=0 | w=1 | gamma=300000
t=1 | ATM=Z1367001 | k=1 | y=1 | q=400000 | p=0 | w=2 | gamma=400000
t=1 | ATM=Z1524001 | k=1 | y=1 | q=400000 | p=0 | w=2 | gamma=400000
t=1 | ATM=Z1665001 | k=1 | y=1 | q=300000 | p=0 | w=1 | gamma=300000
t=1 | ATM=Z1769001 | k=1 | y=1 | q=300000 | p=0 | w=1 | gamma=300000
t=1 | ATM=Z1899001 | k=1 | y=1 | q=300000 | p=0 | w=1 | gamma=300000
t=1 | ATM=Z2135001 | k=1 | y=1 | q=300000 | p=0 | w=1 | gamma=300000
t=1 | ATM=Z2135002 | k=1 | y=1 | q=300000 | p=0 | w=1 | gamma=300000
t=1 | used_edges=17
t=2 | ATM=Z0241003 | k=1 | y=1 | q=300000 | p=0 | w=1 | gamma=300000
t=2 | ATM=Z0241007 | k=1 | y=1 | q=300000 | p=0 | w=1 | gamma=300000
t=2 | ATM=Z0276001 | k=1 | y=1 | q=300000 | p=0 | w=1 | gamma=300000
t=2 | ATM=Z0283001 | k=1 | y=1 | q=300000 | p=0 | w=1 | gamma=300000
t=2 | ATM=Z0386001 | k=1 | y=1 | q=300000 | p=0 | w=1 | gamma=300000
t=2 | ATM=Z0386002 | k=1 | y=1 | q=300000 | p=0 | w=1 | gamma=300000
t=2 | ATM=Z0386003 | k=1 | y=1 | q=300000 | p=0 | w=1 | gamma=300000
t=2 | ATM=Z0899001 | k=1 | y=1 | q=300000 | p=124936 | w=1 | gamma=300000
t=2 | ATM=Z0908001 | k=1 | y=1 | q=400000 | p=0 | w=2 | gamma=400000
t=2 | ATM=Z0951001 | k=1 | y=1 | q=300000 | p=0 | w=1 | gamma=300000
t=2 | ATM=Z0951002 | k=1 | y=1 | q=300000 | p=0 | w=1 | gamma=300000
t=2 | ATM=Z0972001 | k=1 | y=1 | q=300000 | p=0 | w=1 | gamma=300000
t=2 | ATM=Z1031002 | k=1 | y=1 | q=300000 | p=0 | w=1 | gamma=300000
t=2 | ATM=Z1665001 | k=1 | y=1 | q=300000 | p=184239 | w=1 | gamma=300000
t=2 | ATM=Z1769001 | k=1 | y=1 | q=400000 | p=103837 | w=2 | gamma=400000
t=2 | ATM=Z1899002 | k=1 | y=1 | q=300000 | p=0 | w=1 | gamma=300000
t=2 | used_edges=17
t=3 | ATM=Z0284001 | k=1 | y=1 | q=400000 | p=58280 | w=2 | gamma=400000
t=3 | ATM=Z0646001 | k=1 | y=1 | q=300000 | p=21823 | w=1 | gamma=300000
t=3 | ATM=Z0646002 | k=1 | y=1 | q=300000 | p=31620 | w=1 | gamma=300000
t=3 | ATM=Z0899001 | k=1 | y=1 | q=300000 | p=71888 | w=1 | gamma=300000
t=3 | ATM=Z0951001 | k=1 | y=1 | q=300000 | p=191499 | w=1 | gamma=300000
t=3 | ATM=Z0951002 | k=1 | y=1 | q=300000 | p=181626 | w=1 | gamma=300000
t=3 | ATM=Z1367001 | k=1 | y=1 | q=300000 | p=14409 | w=1 | gamma=300000
t=3 | ATM=Z2135001 | k=1 | y=1 | q=300000 | p=13023 | w=1 | gamma=300000
t=3 | ATM=Z2135002 | k=1 | y=1 | q=300000 | p=11371 | w=1 | gamma=300000
t=3 | used_edges=10
t=4 | ATM=Z0241004 | k=1 | y=1 | q=300000 | p=12078 | w=1 | gamma=300000
t=4 | used_edges=1
t=5 | ATM=Z0241002 | k=1 | y=1 | q=300000 | p=8324 | w=1 | gamma=300000
t=5 | ATM=Z1119001 | k=1 | y=1 | q=300000 | p=2916 | w=1 | gamma=300000
t=5 | used_edges=3
t=6: (no service)
t=7: (no service)
=============================================================


================= DAILY ROUTES =================

Day t=1, k=1:
  total_km   = 102.866 km
  route_cost = 257.165 €
  used edges:
    DEPOT -- Z0241004   (x=1, dist=1.579 km)
    DEPOT -- Z1524001   (x=1, dist=3.630 km)
    Z0241002 -- Z0241004   (x=1, dist=0.000 km)
    Z0241002 -- Z0276002   (x=1, dist=11.386 km)
    Z0276002 -- Z0284001   (x=1, dist=11.309 km)
    Z0284001 -- Z1119001   (x=1, dist=13.861 km)
    Z0646001 -- Z0646002   (x=1, dist=0.000 km)
    Z0646001 -- Z0899001   (x=1, dist=1.079 km)
    Z0646002 -- Z1524001   (x=1, dist=5.229 km)
    Z0899001 -- Z1169001   (x=1, dist=7.601 km)
    Z1119001 -- Z1367001   (x=1, dist=9.926 km)
    Z1169001 -- Z2135002   (x=1, dist=4.017 km)
    Z1367001 -- Z1665001   (x=1, dist=15.865 km)
    Z1665001 -- Z1769001   (x=1, dist=14.973 km)
    Z1769001 -- Z1899001   (x=1, dist=1.046 km)
    Z1899001 -- Z2135001   (x=1, dist=1.367 km)
    Z2135001 -- Z2135002   (x=1, dist=0.000 km)
  reconstructed tour: DEPOT -> Z0241004 -> Z0241002 -> Z0276002 -> Z0284001 -> Z1119001 -> Z1367001 -> Z1665001 -> Z1769001 -> Z1899001 -> Z2135001 -> Z2135002 -> Z1169001 -> Z0899001 -> Z0646001 -> Z0646002 -> Z1524001 -> DEPOT

Day t=2, k=1:
  total_km   = 129.161 km
  route_cost = 322.902 €
  used edges:
    DEPOT -- Z0241007   (x=1, dist=1.579 km)
    DEPOT -- Z0899001   (x=1, dist=9.927 km)
    Z0241003 -- Z0241007   (x=1, dist=0.000 km)
    Z0241003 -- Z1031002   (x=1, dist=4.766 km)
    Z0276001 -- Z0951001   (x=1, dist=12.104 km)
    Z0276001 -- Z1031002   (x=1, dist=6.645 km)
    Z0283001 -- Z0972001   (x=1, dist=11.570 km)
    Z0283001 -- Z1769001   (x=1, dist=11.359 km)
    Z0386001 -- Z0386002   (x=1, dist=0.000 km)
    Z0386001 -- Z0386003   (x=1, dist=0.000 km)
    Z0386002 -- Z0951002   (x=1, dist=2.059 km)
    Z0386003 -- Z1665001   (x=1, dist=39.242 km)
    Z0899001 -- Z0908001   (x=1, dist=2.653 km)
    Z0908001 -- Z0972001   (x=1, dist=11.578 km)
    Z0951001 -- Z0951002   (x=1, dist=0.000 km)
    Z1665001 -- Z1899002   (x=1, dist=14.632 km)
    Z1769001 -- Z1899002   (x=1, dist=1.046 km)
  reconstructed tour: DEPOT -> Z0241007 -> Z0241003 -> Z1031002 -> Z0276001 -> Z0951001 -> Z0951002 -> Z0386002 -> Z0386001 -> Z0386003 -> Z1665001 -> Z1899002 -> Z1769001 -> Z0283001 -> Z0972001 -> Z0908001 -> Z0899001 -> DEPOT

Day t=3, k=1:
  total_km   = 76.835 km
  route_cost = 192.088 €
  used edges:
    DEPOT -- Z0284001   (x=1, dist=23.470 km)
    DEPOT -- Z0646002   (x=1, dist=8.856 km)
    Z0284001 -- Z0951001   (x=1, dist=1.201 km)
    Z0646001 -- Z0646002   (x=1, dist=0.000 km)
    Z0646001 -- Z0899001   (x=1, dist=1.079 km)
    Z0899001 -- Z2135001   (x=1, dist=9.619 km)
    Z0951001 -- Z0951002   (x=1, dist=0.000 km)
    Z0951002 -- Z1367001   (x=1, dist=22.721 km)
    Z1367001 -- Z2135002   (x=1, dist=9.890 km)
    Z2135001 -- Z2135002   (x=1, dist=0.000 km)
  reconstructed tour: DEPOT -> Z0284001 -> Z0951001 -> Z0951002 -> Z1367001 -> Z2135002 -> Z2135001 -> Z0899001 -> Z0646001 -> Z0646002 -> DEPOT

Day t=4, k=1:
  total_km   = 3.158 km
  route_cost = 7.895 €
  used edges:
    DEPOT -- Z0241004   (x=2, dist=1.579 km)
  reconstructed tour: DEPOT -> Z0241004 -> DEPOT

Day t=5, k=1:
  total_km   = 20.495 km
  route_cost = 51.237 €
  used edges:
    DEPOT -- Z0241002   (x=1, dist=1.579 km)
    DEPOT -- Z1119001   (x=1, dist=9.747 km)
    Z0241002 -- Z1119001   (x=1, dist=9.169 km)
  reconstructed tour: DEPOT -> Z0241002 -> Z1119001 -> DEPOT

Day t=6, k=1: (no route)

Day t=7, k=1: (no route)
================================================


-- Optimality diagnostics --
Status: 9
SolCount: 10
ObjVal   : 42411.233754
ObjBound : 30954.605518
MIPGap   : 0.2701319255
AbsGap   : 11456.628236

================================================================================
FINAL SUMMARY
Status: 9 | SolCount: 10
Objective: 42411.23375398725

================= OBJECTIVE BREAKDOWN =================
inv_cost      = 21844.494215
stockout_cost = 19735.452738
route_cost    = 831.286801
sum(components)= 42411.233754
model.ObjVal   = 42411.233754
diff           = 2.910383e-11
=======================================================

Sanity checks passed? True
================================================================================

