Using atm_master_file: /Users/ahmetserdargeze/Desktop/selen/proje/outputs/weeklyavg_FIXED_end_20070225_atm_master.csv 2026-03-05 23:51:06.644075
Using edges_file     : /Users/ahmetserdargeze/Desktop/selen/proje/outputs/weeklyavg_FIXED_end_20070225_edges_dist_km.csv 2026-03-05 23:51:04.963497
Using r_file (DEMAND): /Users/ahmetserdargeze/Desktop/selen/proje/outputs/weeklyavg_Scenario1_end_20070527_r_nextweek.json 2026-03-06 21:09:05.368236
Using run_report_file: run_report_end_20070527.log
=== START OPTIMIZE ===
=== END OPTIMIZE ===

================= POST-SOLVE ANALYSIS =================
Status: TIME_LIMIT
Objective value: 54916.27028157613
Summary: total visits=75, total used-edges=80

-- Inventory/Shortage Summary --
Total inventory sum(I): 21185699.35
Max inventory: 309268.29 at ATM 41 t=3
Total shortage sum(S): 3246736.58
Shortage events count: 97
Max shortage: 171012.95 at ATM 12 t=2

================= SANITY CHECKS =================

-- Checking Inventory Balance --
Inventory balance checks: 294 checked, 0 failed

-- Checking Cassette Consistency (only when visited / q>0) --
Cassette checks: 77 checked, 0 failed

-- Checking Pickup Logic (only when visited / p>0) --
Pickup checks: 76 checked, 0 failed

-- Checking Degree Constraints --
Degree checks: 301 checked, 0 failed

========================================
All sanity checks PASSED.
========================================


================================================================================
FINAL SUMMARY
Status: 9 | SolCount: 10
Objective: 54916.27028157613
Sanity checks passed? True
================================================================================


================= SERVICE SUMMARY (COMPACT) =================
Objective (total cost): 54916.27
t=1 | ATM=Z0241002 | k=1 | y=1 | q=300000 | p=0 | w=1 | gamma=300000
t=1 | ATM=Z0241004 | k=1 | y=1 | q=300000 | p=0 | w=1 | gamma=300000
t=1 | ATM=Z0386001 | k=1 | y=1 | q=300000 | p=0 | w=1 | gamma=300000
t=1 | ATM=Z0386002 | k=1 | y=1 | q=300000 | p=0 | w=1 | gamma=300000
t=1 | ATM=Z0646001 | k=1 | y=1 | q=400000 | p=0 | w=2 | gamma=400000
t=1 | ATM=Z0646002 | k=1 | y=1 | q=400000 | p=0 | w=2 | gamma=400000
t=1 | ATM=Z0899001 | k=1 | y=1 | q=300000 | p=0 | w=1 | gamma=300000
t=1 | ATM=Z0908001 | k=1 | y=1 | q=300000 | p=0 | w=1 | gamma=300000
t=1 | ATM=Z0951001 | k=1 | y=1 | q=300000 | p=0 | w=1 | gamma=300000
t=1 | ATM=Z0951002 | k=1 | y=1 | q=300000 | p=0 | w=1 | gamma=300000
t=1 | ATM=Z1119001 | k=1 | y=1 | q=300000 | p=0 | w=1 | gamma=300000
t=1 | ATM=Z1367001 | k=1 | y=1 | q=300000 | p=0 | w=1 | gamma=300000
t=1 | ATM=Z1524001 | k=1 | y=1 | q=300000 | p=0 | w=1 | gamma=300000
t=1 | ATM=Z1769001 | k=1 | y=1 | q=300000 | p=0 | w=1 | gamma=300000
t=1 | ATM=Z1899002 | k=1 | y=1 | q=300000 | p=0 | w=1 | gamma=300000
t=1 | ATM=Z2135001 | k=1 | y=1 | q=300000 | p=0 | w=1 | gamma=300000
t=1 | used_edges=17
t=2 | ATM=Z0241003 | k=1 | y=1 | q=300000 | p=0 | w=1 | gamma=300000
t=2 | ATM=Z0276001 | k=1 | y=1 | q=300000 | p=0 | w=1 | gamma=300000
t=2 | ATM=Z0276002 | k=1 | y=1 | q=300000 | p=0 | w=1 | gamma=300000
t=2 | ATM=Z0283001 | k=1 | y=1 | q=300000 | p=0 | w=1 | gamma=300000
t=2 | ATM=Z0284001 | k=1 | y=1 | q=300000 | p=0 | w=1 | gamma=300000
t=2 | ATM=Z0386003 | k=1 | y=1 | q=300000 | p=0 | w=1 | gamma=300000
t=2 | ATM=Z0899001 | k=1 | y=1 | q=300000 | p=22663 | w=1 | gamma=300000
t=2 | ATM=Z0972001 | k=1 | y=1 | q=400000 | p=0 | w=2 | gamma=400000
t=2 | ATM=Z1031001 | k=1 | y=1 | q=300000 | p=0 | w=1 | gamma=300000
t=2 | ATM=Z1031002 | k=1 | y=1 | q=300000 | p=0 | w=1 | gamma=300000
t=2 | ATM=Z1119001 | k=1 | y=1 | q=300000 | p=2317 | w=1 | gamma=300000
t=2 | ATM=Z1169001 | k=1 | y=1 | q=300000 | p=0 | w=1 | gamma=300000
t=2 | ATM=Z1367001 | k=1 | y=1 | q=300000 | p=216 | w=1 | gamma=300000
t=2 | ATM=Z1665001 | k=1 | y=1 | q=300000 | p=0 | w=1 | gamma=300000
t=2 | ATM=Z1899001 | k=1 | y=1 | q=300000 | p=0 | w=1 | gamma=300000
t=2 | ATM=Z2135002 | k=1 | y=1 | q=400000 | p=0 | w=2 | gamma=400000
t=2 | used_edges=17
t=3 | ATM=Z0241002 | k=1 | y=1 | q=300000 | p=8941 | w=1 | gamma=300000
t=3 | ATM=Z0241004 | k=1 | y=1 | q=300000 | p=30184 | w=1 | gamma=300000
t=3 | ATM=Z0241007 | k=1 | y=1 | q=300000 | p=0 | w=1 | gamma=300000
t=3 | ATM=Z0386001 | k=1 | y=1 | q=300000 | p=22227 | w=1 | gamma=300000
t=3 | ATM=Z0386002 | k=1 | y=1 | q=300000 | p=39964 | w=1 | gamma=300000
t=3 | ATM=Z0646001 | k=1 | y=1 | q=300000 | p=41083 | w=1 | gamma=300000
t=3 | ATM=Z0646002 | k=1 | y=1 | q=300000 | p=0 | w=1 | gamma=300000
t=3 | ATM=Z0899001 | k=1 | y=1 | q=300000 | p=47483 | w=1 | gamma=300000
t=3 | ATM=Z0908001 | k=1 | y=1 | q=300000 | p=14905 | w=1 | gamma=300000
t=3 | ATM=Z0951001 | k=1 | y=1 | q=300000 | p=6297 | w=1 | gamma=300000
t=3 | ATM=Z0951002 | k=1 | y=1 | q=300000 | p=0 | w=1 | gamma=300000
t=3 | ATM=Z1119001 | k=1 | y=1 | q=400000 | p=66314 | w=2 | gamma=400000
t=3 | ATM=Z1367001 | k=1 | y=1 | q=300000 | p=139874 | w=1 | gamma=300000
t=3 | ATM=Z1769001 | k=1 | y=1 | q=300000 | p=0 | w=1 | gamma=300000
t=3 | ATM=Z2011001 | k=1 | y=1 | q=300000 | p=0 | w=1 | gamma=300000
t=3 | ATM=Z2135001 | k=1 | y=1 | q=300000 | p=0 | w=1 | gamma=300000
t=3 | used_edges=17
t=4 | ATM=Z0241003 | k=1 | y=1 | q=300000 | p=120153 | w=1 | gamma=300000
t=4 | ATM=Z0241005 | k=1 | y=1 | q=300000 | p=0 | w=1 | gamma=300000
t=4 | ATM=Z0276001 | k=1 | y=1 | q=300000 | p=168877 | w=1 | gamma=300000
t=4 | ATM=Z0284001 | k=1 | y=1 | q=400000 | p=33902 | w=2 | gamma=400000
t=4 | ATM=Z0386001 | k=1 | y=1 | q=300000 | p=213471 | w=1 | gamma=300000
t=4 | ATM=Z0386007 | k=1 | y=1 | q=300000 | p=0 | w=1 | gamma=300000
t=4 | ATM=Z0899001 | k=1 | y=1 | q=300000 | p=105905 | w=1 | gamma=300000
t=4 | ATM=Z0908001 | k=1 | y=1 | q=400000 | p=208078 | w=2 | gamma=400000
t=4 | ATM=Z1031002 | k=1 | y=1 | q=300000 | p=130424 | w=1 | gamma=300000
t=4 | ATM=Z1169001 | k=1 | y=1 | q=300000 | p=53691 | w=1 | gamma=300000
t=4 | ATM=Z1367001 | k=1 | y=1 | q=300000 | p=91677 | w=1 | gamma=300000
t=4 | ATM=Z1524001 | k=1 | y=1 | q=300000 | p=29227 | w=1 | gamma=300000
t=4 | ATM=Z1665001 | k=1 | y=1 | q=300000 | p=35240 | w=1 | gamma=300000
t=4 | ATM=Z1899002 | k=1 | y=1 | q=300000 | p=0 | w=1 | gamma=300000
t=4 | used_edges=15
t=5 | ATM=Z0241002 | k=1 | y=1 | q=300000 | p=101215 | w=1 | gamma=300000
t=5 | ATM=Z0241004 | k=1 | y=1 | q=300000 | p=111582 | w=1 | gamma=300000
t=5 | ATM=Z0386002 | k=1 | y=1 | q=300000 | p=87899 | w=1 | gamma=300000
t=5 | ATM=Z0386003 | k=1 | y=1 | q=300000 | p=6951 | w=1 | gamma=300000
t=5 | ATM=Z0646001 | k=1 | y=1 | q=300000 | p=21223 | w=1 | gamma=300000
t=5 | ATM=Z0646002 | k=1 | y=1 | q=400000 | p=14149 | w=2 | gamma=400000
t=5 | ATM=Z0899001 | k=1 | y=1 | q=400000 | p=87979 | w=2 | gamma=400000
t=5 | ATM=Z0951001 | k=1 | y=1 | q=300000 | p=25207 | w=1 | gamma=300000
t=5 | ATM=Z0951002 | k=1 | y=1 | q=300000 | p=29510 | w=1 | gamma=300000
t=5 | ATM=Z1119001 | k=1 | y=1 | q=400000 | p=12124 | w=2 | gamma=400000
t=5 | ATM=Z1367001 | k=1 | y=1 | q=300000 | p=79550 | w=1 | gamma=300000
t=5 | ATM=Z1769001 | k=1 | y=1 | q=300000 | p=13618 | w=1 | gamma=300000
t=5 | ATM=Z2135001 | k=1 | y=1 | q=300000 | p=77266 | w=1 | gamma=300000
t=5 | used_edges=14
t=6: (no service)
t=7: (no service)
=============================================================


================= DAILY ROUTES =================

Day t=1, k=1:
  total_km   = 88.644 km
  route_cost = 221.610 €
  used edges:
    DEPOT -- Z0241004   (x=1, dist=1.579 km)
    DEPOT -- Z1524001   (x=1, dist=3.630 km)
    Z0241002 -- Z0241004   (x=1, dist=0.000 km)
    Z0241002 -- Z1119001   (x=1, dist=9.169 km)
    Z0386001 -- Z0386002   (x=1, dist=0.000 km)
    Z0386001 -- Z1367001   (x=1, dist=24.480 km)
    Z0386002 -- Z0951002   (x=1, dist=2.059 km)
    Z0646001 -- Z0646002   (x=1, dist=0.000 km)
    Z0646001 -- Z1524001   (x=1, dist=5.229 km)
    Z0646002 -- Z0899001   (x=1, dist=1.079 km)
    Z0899001 -- Z0908001   (x=1, dist=2.653 km)
    Z0908001 -- Z1769001   (x=1, dist=12.020 km)
    Z0951001 -- Z0951002   (x=1, dist=0.000 km)
    Z0951001 -- Z1119001   (x=1, dist=14.443 km)
    Z1367001 -- Z2135001   (x=1, dist=9.890 km)
    Z1769001 -- Z1899002   (x=1, dist=1.046 km)
    Z1899002 -- Z2135001   (x=1, dist=1.367 km)
  reconstructed tour: DEPOT -> Z0241004 -> Z0241002 -> Z1119001 -> Z0951001 -> Z0951002 -> Z0386002 -> Z0386001 -> Z1367001 -> Z2135001 -> Z1899002 -> Z1769001 -> Z0908001 -> Z0899001 -> Z0646002 -> Z0646001 -> Z1524001 -> DEPOT

Day t=2, k=1:
  total_km   = 134.066 km
  route_cost = 335.165 €
  used edges:
    DEPOT -- Z0241003   (x=1, dist=1.579 km)
    DEPOT -- Z1169001   (x=1, dist=3.691 km)
    Z0241003 -- Z1031002   (x=1, dist=4.766 km)
    Z0276001 -- Z0276002   (x=1, dist=0.000 km)
    Z0276001 -- Z1031001   (x=1, dist=6.645 km)
    Z0276002 -- Z0284001   (x=1, dist=11.309 km)
    Z0283001 -- Z0972001   (x=1, dist=11.570 km)
    Z0283001 -- Z2135002   (x=1, dist=11.410 km)
    Z0284001 -- Z0386003   (x=1, dist=3.043 km)
    Z0386003 -- Z1119001   (x=1, dist=16.438 km)
    Z0899001 -- Z0972001   (x=1, dist=14.225 km)
    Z0899001 -- Z1169001   (x=1, dist=7.601 km)
    Z1031001 -- Z1031002   (x=1, dist=0.000 km)
    Z1119001 -- Z1367001   (x=1, dist=9.926 km)
    Z1367001 -- Z1665001   (x=1, dist=15.865 km)
    Z1665001 -- Z1899001   (x=1, dist=14.632 km)
    Z1899001 -- Z2135002   (x=1, dist=1.367 km)
  reconstructed tour: DEPOT -> Z0241003 -> Z1031002 -> Z1031001 -> Z0276001 -> Z0276002 -> Z0284001 -> Z0386003 -> Z1119001 -> Z1367001 -> Z1665001 -> Z1899001 -> Z2135002 -> Z0283001 -> Z0972001 -> Z0899001 -> Z1169001 -> DEPOT

Day t=3, k=1:
  total_km   = 88.642 km
  route_cost = 221.604 €
  used edges:
    DEPOT -- Z0241007   (x=1, dist=1.579 km)
    DEPOT -- Z0646002   (x=1, dist=8.856 km)
    Z0241002 -- Z0241004   (x=1, dist=0.000 km)
    Z0241002 -- Z0241007   (x=1, dist=0.000 km)
    Z0241004 -- Z1119001   (x=1, dist=9.169 km)
    Z0386001 -- Z0386002   (x=1, dist=0.000 km)
    Z0386001 -- Z1367001   (x=1, dist=24.480 km)
    Z0386002 -- Z0951002   (x=1, dist=2.059 km)
    Z0646001 -- Z0646002   (x=1, dist=0.000 km)
    Z0646001 -- Z0899001   (x=1, dist=1.079 km)
    Z0899001 -- Z0908001   (x=1, dist=2.653 km)
    Z0908001 -- Z1769001   (x=1, dist=12.020 km)
    Z0951001 -- Z0951002   (x=1, dist=0.000 km)
    Z0951001 -- Z1119001   (x=1, dist=14.443 km)
    Z1367001 -- Z2135001   (x=1, dist=9.890 km)
    Z1769001 -- Z2011001   (x=1, dist=1.099 km)
    Z2011001 -- Z2135001   (x=1, dist=1.315 km)
  reconstructed tour: DEPOT -> Z0241007 -> Z0241002 -> Z0241004 -> Z1119001 -> Z0951001 -> Z0951002 -> Z0386002 -> Z0386001 -> Z1367001 -> Z2135001 -> Z2011001 -> Z1769001 -> Z0908001 -> Z0899001 -> Z0646001 -> Z0646002 -> DEPOT

Day t=4, k=1:
  total_km   = 110.383 km
  route_cost = 275.957 €
  used edges:
    DEPOT -- Z0241003   (x=1, dist=1.579 km)
    DEPOT -- Z1169001   (x=1, dist=3.691 km)
    Z0241003 -- Z0241005   (x=1, dist=0.000 km)
    Z0241005 -- Z1031002   (x=1, dist=4.766 km)
    Z0276001 -- Z0284001   (x=1, dist=11.309 km)
    Z0276001 -- Z1031002   (x=1, dist=6.645 km)
    Z0284001 -- Z0386007   (x=1, dist=3.043 km)
    Z0386001 -- Z0386007   (x=1, dist=0.000 km)
    Z0386001 -- Z1367001   (x=1, dist=24.480 km)
    Z0899001 -- Z0908001   (x=1, dist=2.653 km)
    Z0899001 -- Z1524001   (x=1, dist=6.303 km)
    Z0908001 -- Z1899002   (x=1, dist=12.634 km)
    Z1169001 -- Z1524001   (x=1, dist=2.783 km)
    Z1367001 -- Z1665001   (x=1, dist=15.865 km)
    Z1665001 -- Z1899002   (x=1, dist=14.632 km)
  reconstructed tour: DEPOT -> Z0241003 -> Z0241005 -> Z1031002 -> Z0276001 -> Z0284001 -> Z0386007 -> Z0386001 -> Z1367001 -> Z1665001 -> Z1899002 -> Z0908001 -> Z0899001 -> Z1524001 -> Z1169001 -> DEPOT

Day t=5, k=1:
  total_km   = 83.548 km
  route_cost = 208.869 €
  used edges:
    DEPOT -- Z0241002   (x=1, dist=1.579 km)
    DEPOT -- Z0646002   (x=1, dist=8.856 km)
    Z0241002 -- Z0241004   (x=1, dist=0.000 km)
    Z0241004 -- Z1119001   (x=1, dist=9.169 km)
    Z0386002 -- Z0386003   (x=1, dist=0.000 km)
    Z0386002 -- Z1367001   (x=1, dist=24.480 km)
    Z0386003 -- Z0951001   (x=1, dist=2.059 km)
    Z0646001 -- Z0646002   (x=1, dist=0.000 km)
    Z0646001 -- Z0899001   (x=1, dist=1.079 km)
    Z0899001 -- Z1769001   (x=1, dist=10.077 km)
    Z0951001 -- Z0951002   (x=1, dist=0.000 km)
    Z0951002 -- Z1119001   (x=1, dist=14.443 km)
    Z1367001 -- Z2135001   (x=1, dist=9.890 km)
    Z1769001 -- Z2135001   (x=1, dist=1.916 km)
  reconstructed tour: DEPOT -> Z0241002 -> Z0241004 -> Z1119001 -> Z0951002 -> Z0951001 -> Z0386003 -> Z0386002 -> Z1367001 -> Z2135001 -> Z1769001 -> Z0899001 -> Z0646001 -> Z0646002 -> DEPOT

Day t=6, k=1: (no route)

Day t=7, k=1: (no route)
================================================


-- Optimality diagnostics --
Status: 9
SolCount: 10
ObjVal   : 54916.270282
ObjBound : 45323.285176
MIPGap   : 0.1746838425
AbsGap   : 9592.985106

================================================================================
FINAL SUMMARY
Status: 9 | SolCount: 10
Objective: 54916.27028157613

================= OBJECTIVE BREAKDOWN =================
inv_cost      = 21185.699348
stockout_cost = 32467.365806
route_cost    = 1263.205127
sum(components)= 54916.270282
model.ObjVal   = 54916.270282
diff           = 4.365575e-11
=======================================================

Sanity checks passed? True
================================================================================

