Using atm_master_file: /Users/ahmetserdargeze/Desktop/selen/proje/outputs/weeklyavg_FIXED_end_20070225_atm_master.csv 2026-03-05 23:51:06.644075
Using edges_file     : /Users/ahmetserdargeze/Desktop/selen/proje/outputs/weeklyavg_FIXED_end_20070225_edges_dist_km.csv 2026-03-05 23:51:04.963497
Using r_file (DEMAND): /Users/ahmetserdargeze/Desktop/selen/proje/outputs/weeklyavg_Scenario1_end_20070624_r_nextweek.json 2026-03-07 00:55:29.063106
Using run_report_file: run_report_end_20070624.log
=== START OPTIMIZE ===
=== END OPTIMIZE ===

================= POST-SOLVE ANALYSIS =================
Status: TIME_LIMIT
Objective value: 47581.148358364146
Summary: total visits=78, total used-edges=83

-- Inventory/Shortage Summary --
Total inventory sum(I): 24085965.54
Max inventory: 277791.66 at ATM 2 t=4
Total shortage sum(S): 2210996.66
Shortage events count: 86
Max shortage: 93604.73 at ATM 14 t=2

================= SANITY CHECKS =================

-- Checking Inventory Balance --
Inventory balance checks: 294 checked, 0 failed

-- Checking Cassette Consistency (only when visited / q>0) --
Cassette checks: 83 checked, 0 failed

-- Checking Pickup Logic (only when visited / p>0) --
Pickup checks: 82 checked, 0 failed

-- Checking Degree Constraints --
Degree checks: 301 checked, 0 failed

========================================
All sanity checks PASSED.
========================================


================================================================================
FINAL SUMMARY
Status: 9 | SolCount: 10
Objective: 47581.148358364146
Sanity checks passed? True
================================================================================


================= SERVICE SUMMARY (COMPACT) =================
Objective (total cost): 47581.15
t=1 | ATM=Z0241004 | k=1 | y=1 | q=300000 | p=0 | w=1 | gamma=300000
t=1 | ATM=Z0284001 | k=1 | y=1 | q=300000 | p=0 | w=1 | gamma=300000
t=1 | ATM=Z0646001 | k=1 | y=1 | q=300000 | p=0 | w=1 | gamma=300000
t=1 | ATM=Z0646002 | k=1 | y=1 | q=300000 | p=0 | w=1 | gamma=300000
t=1 | ATM=Z0899001 | k=1 | y=1 | q=400000 | p=0 | w=2 | gamma=400000
t=1 | ATM=Z0908001 | k=1 | y=1 | q=400000 | p=0 | w=2 | gamma=400000
t=1 | ATM=Z0951001 | k=1 | y=1 | q=300000 | p=0 | w=1 | gamma=300000
t=1 | ATM=Z0951002 | k=1 | y=1 | q=300000 | p=0 | w=1 | gamma=300000
t=1 | ATM=Z0972001 | k=1 | y=1 | q=300000 | p=0 | w=1 | gamma=300000
t=1 | ATM=Z1119001 | k=1 | y=1 | q=300000 | p=0 | w=1 | gamma=300000
t=1 | ATM=Z1169001 | k=1 | y=1 | q=300000 | p=0 | w=1 | gamma=300000
t=1 | ATM=Z1367001 | k=1 | y=1 | q=300000 | p=0 | w=1 | gamma=300000
t=1 | ATM=Z1665001 | k=1 | y=1 | q=300000 | p=0 | w=1 | gamma=300000
t=1 | ATM=Z1769001 | k=1 | y=1 | q=300000 | p=0 | w=1 | gamma=300000
t=1 | ATM=Z2135001 | k=1 | y=1 | q=300000 | p=0 | w=1 | gamma=300000
t=1 | ATM=Z2135002 | k=1 | y=1 | q=300000 | p=0 | w=1 | gamma=300000
t=1 | used_edges=17
t=2 | ATM=Z0241002 | k=1 | y=1 | q=300000 | p=0 | w=1 | gamma=300000
t=2 | ATM=Z0241007 | k=1 | y=1 | q=300000 | p=0 | w=1 | gamma=300000
t=2 | ATM=Z0276001 | k=1 | y=1 | q=300000 | p=0 | w=1 | gamma=300000
t=2 | ATM=Z0276002 | k=1 | y=1 | q=300000 | p=0 | w=1 | gamma=300000
t=2 | ATM=Z0283001 | k=1 | y=1 | q=300000 | p=0 | w=1 | gamma=300000
t=2 | ATM=Z0284001 | k=1 | y=1 | q=400000 | p=136682 | w=2 | gamma=400000
t=2 | ATM=Z0386001 | k=1 | y=1 | q=300000 | p=0 | w=1 | gamma=300000
t=2 | ATM=Z0386002 | k=1 | y=1 | q=300000 | p=0 | w=1 | gamma=300000
t=2 | ATM=Z0386003 | k=1 | y=1 | q=300000 | p=0 | w=1 | gamma=300000
t=2 | ATM=Z1031001 | k=1 | y=1 | q=300000 | p=0 | w=1 | gamma=300000
t=2 | ATM=Z1031002 | k=1 | y=1 | q=300000 | p=0 | w=1 | gamma=300000
t=2 | ATM=Z1367001 | k=1 | y=1 | q=300000 | p=93954 | w=1 | gamma=300000
t=2 | ATM=Z1524001 | k=1 | y=1 | q=300000 | p=0 | w=1 | gamma=300000
t=2 | ATM=Z1899001 | k=1 | y=1 | q=300000 | p=0 | w=1 | gamma=300000
t=2 | ATM=Z1899002 | k=1 | y=1 | q=300000 | p=0 | w=1 | gamma=300000
t=2 | ATM=Z2136001 | k=1 | y=1 | q=300000 | p=0 | w=1 | gamma=300000
t=2 | used_edges=17
t=3 | ATM=Z0241002 | k=1 | y=1 | q=300000 | p=195884 | w=1 | gamma=300000
t=3 | ATM=Z0241003 | k=1 | y=1 | q=300000 | p=0 | w=1 | gamma=300000
t=3 | ATM=Z0241004 | k=1 | y=1 | q=300000 | p=97982 | w=1 | gamma=300000
t=3 | ATM=Z0241005 | k=1 | y=1 | q=300000 | p=0 | w=1 | gamma=300000
t=3 | ATM=Z0646001 | k=1 | y=1 | q=300000 | p=101473 | w=1 | gamma=300000
t=3 | ATM=Z0646002 | k=1 | y=1 | q=300000 | p=105458 | w=1 | gamma=300000
t=3 | ATM=Z0899001 | k=1 | y=1 | q=300000 | p=0 | w=1 | gamma=300000
t=3 | ATM=Z0908001 | k=1 | y=1 | q=300000 | p=26 | w=1 | gamma=300000
t=3 | ATM=Z0951001 | k=1 | y=1 | q=300000 | p=67075 | w=1 | gamma=300000
t=3 | ATM=Z0951002 | k=1 | y=1 | q=300000 | p=63452 | w=1 | gamma=300000
t=3 | ATM=Z1119001 | k=1 | y=1 | q=300000 | p=0 | w=1 | gamma=300000
t=3 | ATM=Z1169001 | k=1 | y=1 | q=300000 | p=0 | w=1 | gamma=300000
t=3 | ATM=Z1367001 | k=1 | y=1 | q=300000 | p=31928 | w=1 | gamma=300000
t=3 | ATM=Z1665001 | k=1 | y=1 | q=300000 | p=67875 | w=1 | gamma=300000
t=3 | ATM=Z1769001 | k=1 | y=1 | q=300000 | p=36999 | w=1 | gamma=300000
t=3 | ATM=Z2011001 | k=1 | y=1 | q=300000 | p=0 | w=1 | gamma=300000
t=3 | used_edges=17
t=4 | ATM=Z0276001 | k=1 | y=1 | q=300000 | p=145774 | w=1 | gamma=300000
t=4 | ATM=Z0284001 | k=1 | y=1 | q=400000 | p=59801 | w=2 | gamma=400000
t=4 | ATM=Z0899001 | k=1 | y=1 | q=300000 | p=136999 | w=1 | gamma=300000
t=4 | ATM=Z0908001 | k=1 | y=1 | q=400000 | p=105056 | w=2 | gamma=400000
t=4 | ATM=Z0972001 | k=1 | y=1 | q=300000 | p=18685 | w=1 | gamma=300000
t=4 | ATM=Z1031002 | k=1 | y=1 | q=300000 | p=164095 | w=1 | gamma=300000
t=4 | ATM=Z1119001 | k=1 | y=1 | q=300000 | p=95891 | w=1 | gamma=300000
t=4 | ATM=Z1169001 | k=1 | y=1 | q=400000 | p=180957 | w=2 | gamma=400000
t=4 | ATM=Z1367001 | k=1 | y=1 | q=300000 | p=143182 | w=1 | gamma=300000
t=4 | ATM=Z1524001 | k=1 | y=1 | q=300000 | p=173365 | w=1 | gamma=300000
t=4 | ATM=Z1665001 | k=1 | y=1 | q=300000 | p=196843 | w=1 | gamma=300000
t=4 | ATM=Z1769001 | k=1 | y=1 | q=400000 | p=190502 | w=2 | gamma=400000
t=4 | ATM=Z1899002 | k=1 | y=1 | q=300000 | p=187129 | w=1 | gamma=300000
t=4 | ATM=Z2135001 | k=1 | y=1 | q=400000 | p=11669 | w=2 | gamma=400000
t=4 | ATM=Z2135002 | k=1 | y=1 | q=300000 | p=18458 | w=1 | gamma=300000
t=4 | used_edges=16
t=5 | ATM=Z0241002 | k=1 | y=1 | q=300000 | p=74303 | w=1 | gamma=300000
t=5 | ATM=Z0241004 | k=1 | y=1 | q=300000 | p=57159 | w=1 | gamma=300000
t=5 | ATM=Z0386001 | k=1 | y=1 | q=300000 | p=40966 | w=1 | gamma=300000
t=5 | ATM=Z0386002 | k=1 | y=1 | q=300000 | p=19568 | w=1 | gamma=300000
t=5 | ATM=Z0386003 | k=1 | y=1 | q=300000 | p=10075 | w=1 | gamma=300000
t=5 | ATM=Z0386007 | k=1 | y=1 | q=300000 | p=0 | w=1 | gamma=300000
t=5 | ATM=Z0646001 | k=1 | y=1 | q=300000 | p=6710 | w=1 | gamma=300000
t=5 | ATM=Z0646002 | k=1 | y=1 | q=300000 | p=3059 | w=1 | gamma=300000
t=5 | ATM=Z0899001 | k=1 | y=1 | q=300000 | p=72820 | w=1 | gamma=300000
t=5 | ATM=Z0951001 | k=1 | y=1 | q=300000 | p=29614 | w=1 | gamma=300000
t=5 | ATM=Z0951002 | k=1 | y=1 | q=300000 | p=14541 | w=1 | gamma=300000
t=5 | ATM=Z1119001 | k=1 | y=1 | q=300000 | p=28161 | w=1 | gamma=300000
t=5 | ATM=Z1367001 | k=1 | y=1 | q=300000 | p=20814 | w=1 | gamma=300000
t=5 | ATM=Z2135002 | k=1 | y=1 | q=300000 | p=185459 | w=1 | gamma=300000
t=5 | used_edges=15
t=6 | ATM=Z1119001 | k=1 | y=1 | q=300000 | p=38194 | w=1 | gamma=300000
t=6 | used_edges=1
t=7: (no service)
=============================================================


================= DAILY ROUTES =================

Day t=1, k=1:
  total_km   = 129.815 km
  route_cost = 324.537 €
  used edges:
    DEPOT -- Z0241004   (x=1, dist=1.579 km)
    DEPOT -- Z1169001   (x=1, dist=3.691 km)
    Z0241004 -- Z1119001   (x=1, dist=9.169 km)
    Z0284001 -- Z0951001   (x=1, dist=1.201 km)
    Z0284001 -- Z1119001   (x=1, dist=13.861 km)
    Z0646001 -- Z0646002   (x=1, dist=0.000 km)
    Z0646001 -- Z1169001   (x=1, dist=6.642 km)
    Z0646002 -- Z0899001   (x=1, dist=1.079 km)
    Z0899001 -- Z0908001   (x=1, dist=2.653 km)
    Z0908001 -- Z0972001   (x=1, dist=11.578 km)
    Z0951001 -- Z0951002   (x=1, dist=0.000 km)
    Z0951002 -- Z1367001   (x=1, dist=22.721 km)
    Z0972001 -- Z2135001   (x=1, dist=22.888 km)
    Z1367001 -- Z1665001   (x=1, dist=15.865 km)
    Z1665001 -- Z1769001   (x=1, dist=14.973 km)
    Z1769001 -- Z2135002   (x=1, dist=1.916 km)
    Z2135001 -- Z2135002   (x=1, dist=0.000 km)
  reconstructed tour: DEPOT -> Z0241004 -> Z1119001 -> Z0284001 -> Z0951001 -> Z0951002 -> Z1367001 -> Z1665001 -> Z1769001 -> Z2135002 -> Z2135001 -> Z0972001 -> Z0908001 -> Z0899001 -> Z0646002 -> Z0646001 -> Z1169001 -> DEPOT

Day t=2, k=1:
  total_km   = 87.228 km
  route_cost = 218.070 €
  used edges:
    DEPOT -- Z0241002   (x=1, dist=1.579 km)
    DEPOT -- Z1524001   (x=1, dist=3.630 km)
    Z0241002 -- Z0241007   (x=1, dist=0.000 km)
    Z0241007 -- Z1031002   (x=1, dist=4.766 km)
    Z0276001 -- Z0276002   (x=1, dist=0.000 km)
    Z0276001 -- Z1031001   (x=1, dist=6.645 km)
    Z0276002 -- Z0284001   (x=1, dist=11.309 km)
    Z0283001 -- Z1524001   (x=1, dist=9.399 km)
    Z0283001 -- Z2136001   (x=1, dist=9.097 km)
    Z0284001 -- Z0386003   (x=1, dist=3.043 km)
    Z0386001 -- Z0386002   (x=1, dist=0.000 km)
    Z0386001 -- Z0386003   (x=1, dist=0.000 km)
    Z0386002 -- Z1367001   (x=1, dist=24.480 km)
    Z1031001 -- Z1031002   (x=1, dist=0.000 km)
    Z1367001 -- Z1899002   (x=1, dist=10.238 km)
    Z1899001 -- Z1899002   (x=1, dist=0.000 km)
    Z1899001 -- Z2136001   (x=1, dist=3.042 km)
  reconstructed tour: DEPOT -> Z0241002 -> Z0241007 -> Z1031002 -> Z1031001 -> Z0276001 -> Z0276002 -> Z0284001 -> Z0386003 -> Z0386001 -> Z0386002 -> Z1367001 -> Z1899002 -> Z1899001 -> Z2136001 -> Z0283001 -> Z1524001 -> DEPOT

Day t=3, k=1:
  total_km   = 105.615 km
  route_cost = 264.039 €
  used edges:
    DEPOT -- Z0241002   (x=1, dist=1.579 km)
    DEPOT -- Z1169001   (x=1, dist=3.691 km)
    Z0241002 -- Z0241004   (x=1, dist=0.000 km)
    Z0241003 -- Z0241004   (x=1, dist=0.000 km)
    Z0241003 -- Z0241005   (x=1, dist=0.000 km)
    Z0241005 -- Z1119001   (x=1, dist=9.169 km)
    Z0646001 -- Z0646002   (x=1, dist=0.000 km)
    Z0646001 -- Z0899001   (x=1, dist=1.079 km)
    Z0646002 -- Z1169001   (x=1, dist=6.642 km)
    Z0899001 -- Z0908001   (x=1, dist=2.653 km)
    Z0908001 -- Z1769001   (x=1, dist=12.020 km)
    Z0951001 -- Z0951002   (x=1, dist=0.000 km)
    Z0951001 -- Z1367001   (x=1, dist=22.721 km)
    Z0951002 -- Z1119001   (x=1, dist=14.443 km)
    Z1367001 -- Z1665001   (x=1, dist=15.865 km)
    Z1665001 -- Z2011001   (x=1, dist=14.656 km)
    Z1769001 -- Z2011001   (x=1, dist=1.099 km)
  reconstructed tour: DEPOT -> Z0241002 -> Z0241004 -> Z0241003 -> Z0241005 -> Z1119001 -> Z0951002 -> Z0951001 -> Z1367001 -> Z1665001 -> Z2011001 -> Z1769001 -> Z0908001 -> Z0899001 -> Z0646001 -> Z0646002 -> Z1169001 -> DEPOT

Day t=4, k=1:
  total_km   = 130.762 km
  route_cost = 326.905 €
  used edges:
    DEPOT -- Z1031002   (x=1, dist=5.875 km)
    DEPOT -- Z1169001   (x=1, dist=3.691 km)
    Z0276001 -- Z0284001   (x=1, dist=11.309 km)
    Z0276001 -- Z1031002   (x=1, dist=6.645 km)
    Z0284001 -- Z1119001   (x=1, dist=13.861 km)
    Z0899001 -- Z0908001   (x=1, dist=2.653 km)
    Z0899001 -- Z1524001   (x=1, dist=6.303 km)
    Z0908001 -- Z0972001   (x=1, dist=11.578 km)
    Z0972001 -- Z2135001   (x=1, dist=22.888 km)
    Z1119001 -- Z1367001   (x=1, dist=9.926 km)
    Z1169001 -- Z1524001   (x=1, dist=2.783 km)
    Z1367001 -- Z1665001   (x=1, dist=15.865 km)
    Z1665001 -- Z1769001   (x=1, dist=14.973 km)
    Z1769001 -- Z1899002   (x=1, dist=1.046 km)
    Z1899002 -- Z2135002   (x=1, dist=1.367 km)
    Z2135001 -- Z2135002   (x=1, dist=0.000 km)
  reconstructed tour: DEPOT -> Z1031002 -> Z0276001 -> Z0284001 -> Z1119001 -> Z1367001 -> Z1665001 -> Z1769001 -> Z1899002 -> Z2135002 -> Z2135001 -> Z0972001 -> Z0908001 -> Z0899001 -> Z1524001 -> Z1169001 -> DEPOT

Day t=5, k=1:
  total_km   = 81.173 km
  route_cost = 202.933 €
  used edges:
    DEPOT -- Z0241004   (x=1, dist=1.579 km)
    DEPOT -- Z0646001   (x=1, dist=8.856 km)
    Z0241002 -- Z0241004   (x=1, dist=0.000 km)
    Z0241002 -- Z1119001   (x=1, dist=9.169 km)
    Z0386001 -- Z0386003   (x=1, dist=0.000 km)
    Z0386001 -- Z1367001   (x=1, dist=24.480 km)
    Z0386002 -- Z0386007   (x=1, dist=0.000 km)
    Z0386002 -- Z0951001   (x=1, dist=2.059 km)
    Z0386003 -- Z0386007   (x=1, dist=0.000 km)
    Z0646001 -- Z0646002   (x=1, dist=0.000 km)
    Z0646002 -- Z0899001   (x=1, dist=1.079 km)
    Z0899001 -- Z2135002   (x=1, dist=9.619 km)
    Z0951001 -- Z0951002   (x=1, dist=0.000 km)
    Z0951002 -- Z1119001   (x=1, dist=14.443 km)
    Z1367001 -- Z2135002   (x=1, dist=9.890 km)
  reconstructed tour: DEPOT -> Z0241004 -> Z0241002 -> Z1119001 -> Z0951002 -> Z0951001 -> Z0386002 -> Z0386007 -> Z0386003 -> Z0386001 -> Z1367001 -> Z2135002 -> Z0899001 -> Z0646002 -> Z0646001 -> DEPOT

Day t=6, k=1:
  total_km   = 19.493 km
  route_cost = 48.733 €
  used edges:
    DEPOT -- Z1119001   (x=2, dist=9.747 km)
  reconstructed tour: DEPOT -> Z1119001 -> DEPOT

Day t=7, k=1: (no route)
================================================


-- Optimality diagnostics --
Status: 9
SolCount: 10
ObjVal   : 47581.148358
ObjBound : 37802.089463
MIPGap   : 0.2055238100
AbsGap   : 9779.058896

================================================================================
FINAL SUMMARY
Status: 9 | SolCount: 10
Objective: 47581.148358364146

================= OBJECTIVE BREAKDOWN =================
inv_cost      = 24085.965544
stockout_cost = 22109.966643
route_cost    = 1385.216172
sum(components)= 47581.148358
model.ObjVal   = 47581.148358
diff           = 3.637979e-11
=======================================================

Sanity checks passed? True
================================================================================

