Using atm_master_file: /Users/ahmetserdargeze/Desktop/selen/proje/outputs/weeklyavg_FIXED_end_20070225_atm_master.csv 2026-03-05 23:51:06.644075
Using edges_file     : /Users/ahmetserdargeze/Desktop/selen/proje/outputs/weeklyavg_FIXED_end_20070225_edges_dist_km.csv 2026-03-05 23:51:04.963497
Using r_file (DEMAND): /Users/ahmetserdargeze/Desktop/selen/proje/outputs/weeklyavg_Scenario1_end_20070722_r_nextweek.json 2026-03-07 02:43:23.940724
Using run_report_file: run_report_end_20070722.log
=== START OPTIMIZE ===
=== END OPTIMIZE ===

================= POST-SOLVE ANALYSIS =================
Status: TIME_LIMIT
Objective value: 44978.927415596816
Summary: total visits=78, total used-edges=83

-- Inventory/Shortage Summary --
Total inventory sum(I): 22936193.83
Max inventory: 294315.20 at ATM 40 t=2
Total shortage sum(S): 2070923.18
Shortage events count: 101
Max shortage: 76314.40 at ATM 25 t=2

================= SANITY CHECKS =================

-- Checking Inventory Balance --
Inventory balance checks: 294 checked, 0 failed

-- Checking Cassette Consistency (only when visited / q>0) --
✗ ATM 3, k=1, t=5 cassette mismatch: q=300000.009739 vs rhs=300000.000000
✗ ATM 3, k=1, t=7 cassette mismatch: q=0.046762 vs rhs=0.000000
Cassette checks: 79 checked, 2 failed

-- Checking Pickup Logic (only when visited / p>0) --
Pickup checks: 79 checked, 0 failed

-- Checking Degree Constraints --
Degree checks: 301 checked, 0 failed

========================================
Some sanity checks FAILED.
========================================


================================================================================
FINAL SUMMARY
Status: 9 | SolCount: 10
Objective: 44978.927415596816
Sanity checks passed? False
================================================================================


================= SERVICE SUMMARY (COMPACT) =================
Objective (total cost): 44978.93
t=1 | ATM=Z0241002 | k=1 | y=1 | q=400000 | p=0 | w=2 | gamma=400000
t=1 | ATM=Z0241003 | k=1 | y=1 | q=300000 | p=0 | w=1 | gamma=300000
t=1 | ATM=Z0241004 | k=1 | y=1 | q=300000 | p=0 | w=1 | gamma=300000
t=1 | ATM=Z0241007 | k=1 | y=1 | q=300000 | p=0 | w=1 | gamma=300000
t=1 | ATM=Z0241008 | k=1 | y=1 | q=300000 | p=0 | w=1 | gamma=300000
t=1 | ATM=Z0276001 | k=1 | y=1 | q=300000 | p=0 | w=1 | gamma=300000
t=1 | ATM=Z0276002 | k=1 | y=1 | q=300000 | p=0 | w=1 | gamma=300000
t=1 | ATM=Z0284001 | k=1 | y=1 | q=300000 | p=0 | w=1 | gamma=300000
t=1 | ATM=Z0899001 | k=1 | y=1 | q=300000 | p=0 | w=1 | gamma=300000
t=1 | ATM=Z0951001 | k=1 | y=1 | q=300000 | p=0 | w=1 | gamma=300000
t=1 | ATM=Z1119001 | k=1 | y=1 | q=300000 | p=0 | w=1 | gamma=300000
t=1 | ATM=Z1169001 | k=1 | y=1 | q=300000 | p=0 | w=1 | gamma=300000
t=1 | ATM=Z1367001 | k=1 | y=1 | q=300000 | p=0 | w=1 | gamma=300000
t=1 | ATM=Z1524001 | k=1 | y=1 | q=300000 | p=0 | w=1 | gamma=300000
t=1 | ATM=Z1665001 | k=1 | y=1 | q=300000 | p=0 | w=1 | gamma=300000
t=1 | ATM=Z2135001 | k=1 | y=1 | q=400000 | p=0 | w=2 | gamma=400000
t=1 | used_edges=17
t=2 | ATM=Z0241004 | k=1 | y=1 | q=300000 | p=131899 | w=1 | gamma=300000
t=2 | ATM=Z0283001 | k=1 | y=1 | q=300000 | p=0 | w=1 | gamma=300000
t=2 | ATM=Z0284001 | k=1 | y=1 | q=400000 | p=135127 | w=2 | gamma=400000
t=2 | ATM=Z0386001 | k=1 | y=1 | q=300000 | p=0 | w=1 | gamma=300000
t=2 | ATM=Z0386002 | k=1 | y=1 | q=300000 | p=0 | w=1 | gamma=300000
t=2 | ATM=Z0386003 | k=1 | y=1 | q=300000 | p=0 | w=1 | gamma=300000
t=2 | ATM=Z0386007 | k=1 | y=1 | q=300000 | p=0 | w=1 | gamma=300000
t=2 | ATM=Z0646001 | k=1 | y=1 | q=300000 | p=0 | w=1 | gamma=300000
t=2 | ATM=Z0646002 | k=1 | y=1 | q=300000 | p=0 | w=1 | gamma=300000
t=2 | ATM=Z0908001 | k=1 | y=1 | q=400000 | p=0 | w=2 | gamma=400000
t=2 | ATM=Z0951002 | k=1 | y=1 | q=300000 | p=0 | w=1 | gamma=300000
t=2 | ATM=Z0972001 | k=1 | y=1 | q=300000 | p=0 | w=1 | gamma=300000
t=2 | ATM=Z1031001 | k=1 | y=1 | q=300000 | p=0 | w=1 | gamma=300000
t=2 | ATM=Z1769001 | k=1 | y=1 | q=300000 | p=0 | w=1 | gamma=300000
t=2 | ATM=Z2011001 | k=1 | y=1 | q=300000 | p=0 | w=1 | gamma=300000
t=2 | ATM=Z2135002 | k=1 | y=1 | q=300000 | p=0 | w=1 | gamma=300000
t=2 | used_edges=17
t=3 | ATM=Z0241002 | k=1 | y=1 | q=300000 | p=0 | w=1 | gamma=300000
t=3 | ATM=Z0241003 | k=1 | y=1 | q=300000 | p=0 | w=1 | gamma=300000
t=3 | ATM=Z0241004 | k=1 | y=1 | q=300000 | p=34923 | w=1 | gamma=300000
t=3 | ATM=Z0241007 | k=1 | y=1 | q=300000 | p=118404 | w=1 | gamma=300000
t=3 | ATM=Z0284001 | k=1 | y=1 | q=400000 | p=72392 | w=2 | gamma=400000
t=3 | ATM=Z0899001 | k=1 | y=1 | q=300000 | p=0 | w=1 | gamma=300000
t=3 | ATM=Z0908001 | k=1 | y=1 | q=300000 | p=0 | w=1 | gamma=300000
t=3 | ATM=Z0972001 | k=1 | y=1 | q=300000 | p=183440 | w=1 | gamma=300000
t=3 | ATM=Z1119001 | k=1 | y=1 | q=300000 | p=119128 | w=1 | gamma=300000
t=3 | ATM=Z1169001 | k=1 | y=1 | q=300000 | p=0 | w=1 | gamma=300000
t=3 | ATM=Z1367001 | k=1 | y=1 | q=300000 | p=0 | w=1 | gamma=300000
t=3 | ATM=Z1899001 | k=1 | y=1 | q=300000 | p=0 | w=1 | gamma=300000
t=3 | ATM=Z2011001 | k=1 | y=1 | q=300000 | p=230395 | w=1 | gamma=300000
t=3 | ATM=Z2135001 | k=1 | y=1 | q=300000 | p=0 | w=1 | gamma=300000
t=3 | ATM=Z2136001 | k=1 | y=1 | q=300000 | p=0 | w=1 | gamma=300000
t=3 | used_edges=16
t=4 | ATM=Z0241005 | k=1 | y=1 | q=300000 | p=0 | w=1 | gamma=300000
t=4 | ATM=Z0276002 | k=1 | y=1 | q=300000 | p=3501 | w=1 | gamma=300000
t=4 | ATM=Z0284001 | k=1 | y=1 | q=400000 | p=36409 | w=2 | gamma=400000
t=4 | ATM=Z0386002 | k=1 | y=1 | q=300000 | p=148222 | w=1 | gamma=300000
t=4 | ATM=Z0899001 | k=1 | y=1 | q=300000 | p=65516 | w=1 | gamma=300000
t=4 | ATM=Z0908001 | k=1 | y=1 | q=400000 | p=146114 | w=2 | gamma=400000
t=4 | ATM=Z0951001 | k=1 | y=1 | q=300000 | p=48212 | w=1 | gamma=300000
t=4 | ATM=Z1031002 | k=1 | y=1 | q=300000 | p=0 | w=1 | gamma=300000
t=4 | ATM=Z1119001 | k=1 | y=1 | q=300000 | p=131761 | w=1 | gamma=300000
t=4 | ATM=Z1169001 | k=1 | y=1 | q=300000 | p=152046 | w=1 | gamma=300000
t=4 | ATM=Z1367001 | k=1 | y=1 | q=300000 | p=118139 | w=1 | gamma=300000
t=4 | ATM=Z1665001 | k=1 | y=1 | q=300000 | p=0 | w=1 | gamma=300000
t=4 | ATM=Z1769001 | k=1 | y=1 | q=300000 | p=10963 | w=1 | gamma=300000
t=4 | ATM=Z1899002 | k=1 | y=1 | q=300000 | p=0 | w=1 | gamma=300000
t=4 | ATM=Z2135001 | k=1 | y=1 | q=300000 | p=66960 | w=1 | gamma=300000
t=4 | ATM=Z2135002 | k=1 | y=1 | q=300000 | p=11438 | w=1 | gamma=300000
t=4 | used_edges=17
t=5 | ATM=Z0241002 | k=1 | y=1 | q=300000 | p=0 | w=1 | gamma=300000
t=5 | ATM=Z0241003 | k=1 | y=1 | q=300000 | p=27059 | w=1 | gamma=300000
t=5 | ATM=Z0241004 | k=1 | y=1 | q=300000 | p=0 | w=1 | gamma=300000
t=5 | ATM=Z0276001 | k=1 | y=1 | q=300000 | p=48766 | w=1 | gamma=300000
t=5 | ATM=Z0386003 | k=1 | y=1 | q=300000 | p=46716 | w=1 | gamma=300000
t=5 | ATM=Z0646001 | k=1 | y=1 | q=300000 | p=4885 | w=1 | gamma=300000
t=5 | ATM=Z0646002 | k=1 | y=1 | q=300000 | p=26623 | w=1 | gamma=300000
t=5 | ATM=Z0899001 | k=1 | y=1 | q=300000 | p=128368 | w=1 | gamma=300000
t=5 | ATM=Z0951001 | k=1 | y=1 | q=300000 | p=183344 | w=1 | gamma=300000
t=5 | ATM=Z0951002 | k=1 | y=1 | q=300000 | p=0 | w=1 | gamma=300000
t=5 | ATM=Z1119001 | k=1 | y=1 | q=300000 | p=99719 | w=1 | gamma=300000
t=5 | ATM=Z1367001 | k=1 | y=1 | q=300000 | p=134540 | w=1 | gamma=300000
t=5 | ATM=Z1524001 | k=1 | y=1 | q=300000 | p=44443 | w=1 | gamma=300000
t=5 | ATM=Z2135001 | k=1 | y=1 | q=400000 | p=104467 | w=2 | gamma=400000
t=5 | used_edges=15
t=6 | ATM=Z1119001 | k=1 | y=1 | q=300000 | p=0 | w=1 | gamma=300000
t=6 | used_edges=1
t=7: (no service)
=============================================================


================= DAILY ROUTES =================

Day t=1, k=1:
  total_km   = 102.920 km
  route_cost = 257.301 €
  used edges:
    DEPOT -- Z0241002   (x=1, dist=1.579 km)
    DEPOT -- Z1524001   (x=1, dist=3.630 km)
    Z0241002 -- Z0241003   (x=1, dist=0.000 km)
    Z0241003 -- Z0241007   (x=1, dist=0.000 km)
    Z0241004 -- Z0241007   (x=1, dist=0.000 km)
    Z0241004 -- Z0241008   (x=1, dist=0.000 km)
    Z0241008 -- Z1119001   (x=1, dist=9.169 km)
    Z0276001 -- Z0276002   (x=1, dist=0.000 km)
    Z0276001 -- Z1119001   (x=1, dist=3.712 km)
    Z0276002 -- Z0284001   (x=1, dist=11.309 km)
    Z0284001 -- Z0951001   (x=1, dist=1.201 km)
    Z0899001 -- Z1169001   (x=1, dist=7.601 km)
    Z0899001 -- Z1524001   (x=1, dist=6.303 km)
    Z0951001 -- Z1367001   (x=1, dist=22.721 km)
    Z1169001 -- Z2135001   (x=1, dist=4.017 km)
    Z1367001 -- Z1665001   (x=1, dist=15.865 km)
    Z1665001 -- Z2135001   (x=1, dist=15.813 km)
  reconstructed tour: DEPOT -> Z0241002 -> Z0241003 -> Z0241007 -> Z0241004 -> Z0241008 -> Z1119001 -> Z0276001 -> Z0276002 -> Z0284001 -> Z0951001 -> Z1367001 -> Z1665001 -> Z2135001 -> Z1169001 -> Z0899001 -> Z1524001 -> DEPOT

Day t=2, k=1:
  total_km   = 108.520 km
  route_cost = 271.300 €
  used edges:
    DEPOT -- Z0951002   (x=1, dist=24.129 km)
    DEPOT -- Z2135002   (x=1, dist=7.077 km)
    Z0241004 -- Z0646001   (x=1, dist=8.867 km)
    Z0241004 -- Z1031001   (x=1, dist=4.766 km)
    Z0283001 -- Z0972001   (x=1, dist=11.570 km)
    Z0283001 -- Z1769001   (x=1, dist=11.359 km)
    Z0284001 -- Z0386001   (x=1, dist=3.043 km)
    Z0284001 -- Z1031001   (x=1, dist=17.942 km)
    Z0386001 -- Z0386002   (x=1, dist=0.000 km)
    Z0386002 -- Z0386003   (x=1, dist=0.000 km)
    Z0386003 -- Z0386007   (x=1, dist=0.000 km)
    Z0386007 -- Z0951002   (x=1, dist=2.059 km)
    Z0646001 -- Z0646002   (x=1, dist=0.000 km)
    Z0646002 -- Z0908001   (x=1, dist=3.716 km)
    Z0908001 -- Z0972001   (x=1, dist=11.578 km)
    Z1769001 -- Z2011001   (x=1, dist=1.099 km)
    Z2011001 -- Z2135002   (x=1, dist=1.315 km)
  reconstructed tour: DEPOT -> Z0951002 -> Z0386007 -> Z0386003 -> Z0386002 -> Z0386001 -> Z0284001 -> Z1031001 -> Z0241004 -> Z0646001 -> Z0646002 -> Z0908001 -> Z0972001 -> Z0283001 -> Z1769001 -> Z2011001 -> Z2135002 -> DEPOT

Day t=3, k=1:
  total_km   = 107.106 km
  route_cost = 267.766 €
  used edges:
    DEPOT -- Z0241003   (x=1, dist=1.579 km)
    DEPOT -- Z1169001   (x=1, dist=3.691 km)
    Z0241002 -- Z0241003   (x=1, dist=0.000 km)
    Z0241002 -- Z0241004   (x=1, dist=0.000 km)
    Z0241004 -- Z0241007   (x=1, dist=0.000 km)
    Z0241007 -- Z1119001   (x=1, dist=9.169 km)
    Z0284001 -- Z1119001   (x=1, dist=13.861 km)
    Z0284001 -- Z1367001   (x=1, dist=22.466 km)
    Z0899001 -- Z0908001   (x=1, dist=2.653 km)
    Z0899001 -- Z1169001   (x=1, dist=7.601 km)
    Z0908001 -- Z0972001   (x=1, dist=11.578 km)
    Z0972001 -- Z2136001   (x=1, dist=20.546 km)
    Z1367001 -- Z2011001   (x=1, dist=10.184 km)
    Z1899001 -- Z2011001   (x=1, dist=0.066 km)
    Z1899001 -- Z2135001   (x=1, dist=1.367 km)
    Z2135001 -- Z2136001   (x=1, dist=2.346 km)
  reconstructed tour: DEPOT -> Z0241003 -> Z0241002 -> Z0241004 -> Z0241007 -> Z1119001 -> Z0284001 -> Z1367001 -> Z2011001 -> Z1899001 -> Z2135001 -> Z2136001 -> Z0972001 -> Z0908001 -> Z0899001 -> Z1169001 -> DEPOT

Day t=4, k=1:
  total_km   = 112.811 km
  route_cost = 282.028 €
  used edges:
    DEPOT -- Z0241005   (x=1, dist=1.579 km)
    DEPOT -- Z1169001   (x=1, dist=3.691 km)
    Z0241005 -- Z1031002   (x=1, dist=4.766 km)
    Z0276002 -- Z0284001   (x=1, dist=11.309 km)
    Z0276002 -- Z1031002   (x=1, dist=6.645 km)
    Z0284001 -- Z0386002   (x=1, dist=3.043 km)
    Z0386002 -- Z0951001   (x=1, dist=2.059 km)
    Z0899001 -- Z0908001   (x=1, dist=2.653 km)
    Z0899001 -- Z1169001   (x=1, dist=7.601 km)
    Z0908001 -- Z2135002   (x=1, dist=11.847 km)
    Z0951001 -- Z1119001   (x=1, dist=14.443 km)
    Z1119001 -- Z1367001   (x=1, dist=9.926 km)
    Z1367001 -- Z1665001   (x=1, dist=15.865 km)
    Z1665001 -- Z1769001   (x=1, dist=14.973 km)
    Z1769001 -- Z1899002   (x=1, dist=1.046 km)
    Z1899002 -- Z2135001   (x=1, dist=1.367 km)
    Z2135001 -- Z2135002   (x=1, dist=0.000 km)
  reconstructed tour: DEPOT -> Z0241005 -> Z1031002 -> Z0276002 -> Z0284001 -> Z0386002 -> Z0951001 -> Z1119001 -> Z1367001 -> Z1665001 -> Z1769001 -> Z1899002 -> Z2135001 -> Z2135002 -> Z0908001 -> Z0899001 -> Z1169001 -> DEPOT

Day t=5, k=1:
  total_km   = 82.550 km
  route_cost = 206.375 €
  used edges:
    DEPOT -- Z0241004   (x=1, dist=1.579 km)
    DEPOT -- Z1524001   (x=1, dist=3.630 km)
    Z0241002 -- Z0241003   (x=1, dist=0.000 km)
    Z0241002 -- Z0241004   (x=1, dist=0.000 km)
    Z0241003 -- Z1119001   (x=1, dist=9.169 km)
    Z0276001 -- Z0951002   (x=1, dist=12.104 km)
    Z0276001 -- Z1119001   (x=1, dist=3.712 km)
    Z0386003 -- Z0951001   (x=1, dist=2.059 km)
    Z0386003 -- Z1367001   (x=1, dist=24.480 km)
    Z0646001 -- Z0646002   (x=1, dist=0.000 km)
    Z0646001 -- Z1524001   (x=1, dist=5.229 km)
    Z0646002 -- Z0899001   (x=1, dist=1.079 km)
    Z0899001 -- Z2135001   (x=1, dist=9.619 km)
    Z0951001 -- Z0951002   (x=1, dist=0.000 km)
    Z1367001 -- Z2135001   (x=1, dist=9.890 km)
  reconstructed tour: DEPOT -> Z0241004 -> Z0241002 -> Z0241003 -> Z1119001 -> Z0276001 -> Z0951002 -> Z0951001 -> Z0386003 -> Z1367001 -> Z2135001 -> Z0899001 -> Z0646002 -> Z0646001 -> Z1524001 -> DEPOT

Day t=6, k=1:
  total_km   = 19.493 km
  route_cost = 48.733 €
  used edges:
    DEPOT -- Z1119001   (x=2, dist=9.747 km)
  reconstructed tour: DEPOT -> Z1119001 -> DEPOT

Day t=7, k=1: (no route)
================================================


-- Optimality diagnostics --
Status: 9
SolCount: 10
ObjVal   : 44978.927416
ObjBound : 35212.100602
MIPGap   : 0.2171422792
AbsGap   : 9766.826814

================================================================================
FINAL SUMMARY
Status: 9 | SolCount: 10
Objective: 44978.927415596816

================= OBJECTIVE BREAKDOWN =================
inv_cost      = 22936.193830
stockout_cost = 20709.231757
route_cost    = 1333.501828
sum(components)= 44978.927416
model.ObjVal   = 44978.927416
diff           = 1.455192e-11
=======================================================

Sanity checks passed? False
================================================================================

