Using atm_master_file: /Users/ahmetserdargeze/Desktop/selen/proje/outputs/weeklyavg_FIXED_end_20070225_atm_master.csv 2026-03-05 23:51:06.644075
Using edges_file     : /Users/ahmetserdargeze/Desktop/selen/proje/outputs/weeklyavg_FIXED_end_20070225_edges_dist_km.csv 2026-03-05 23:51:04.963497
Using r_file (DEMAND): /Users/ahmetserdargeze/Desktop/selen/proje/outputs/weeklyavg_Scenario1_end_20070805_r_nextweek.json 2026-03-07 03:46:46.299266
Using run_report_file: run_report_end_20070805.log
=== START OPTIMIZE ===
=== END OPTIMIZE ===

================= POST-SOLVE ANALYSIS =================
Status: TIME_LIMIT
Objective value: 42429.10893042947
Summary: total visits=38, total used-edges=43

-- Inventory/Shortage Summary --
Total inventory sum(I): 25786181.60
Max inventory: 328136.68 at ATM 12 t=3
Total shortage sum(S): 1594013.11
Shortage events count: 118
Max shortage: 42239.29 at ATM 31 t=2

================= SANITY CHECKS =================

-- Checking Inventory Balance --
Inventory balance checks: 294 checked, 0 failed

-- Checking Cassette Consistency (only when visited / q>0) --
✗ ATM 3, k=1, t=2 cassette mismatch: q=300000.006753 vs rhs=300000.000000
Cassette checks: 39 checked, 1 failed

-- Checking Pickup Logic (only when visited / p>0) --
Pickup checks: 38 checked, 0 failed

-- Checking Degree Constraints --
Degree checks: 301 checked, 0 failed

========================================
Some sanity checks FAILED.
========================================


================================================================================
FINAL SUMMARY
Status: 9 | SolCount: 10
Objective: 42429.10893042947
Sanity checks passed? False
================================================================================


================= SERVICE SUMMARY (COMPACT) =================
Objective (total cost): 42429.11
t=1 | ATM=Z0284001 | k=1 | y=1 | q=300000 | p=0 | w=1 | gamma=300000
t=1 | ATM=Z0386001 | k=1 | y=1 | q=300000 | p=0 | w=1 | gamma=300000
t=1 | ATM=Z0386002 | k=1 | y=1 | q=300000 | p=0 | w=1 | gamma=300000
t=1 | ATM=Z0386003 | k=1 | y=1 | q=300000 | p=0 | w=1 | gamma=300000
t=1 | ATM=Z0646001 | k=1 | y=1 | q=300000 | p=0 | w=1 | gamma=300000
t=1 | ATM=Z0646002 | k=1 | y=1 | q=300000 | p=0 | w=1 | gamma=300000
t=1 | ATM=Z0899001 | k=1 | y=1 | q=300000 | p=0 | w=1 | gamma=300000
t=1 | ATM=Z0908001 | k=1 | y=1 | q=300000 | p=0 | w=1 | gamma=300000
t=1 | ATM=Z0951001 | k=1 | y=1 | q=300000 | p=0 | w=1 | gamma=300000
t=1 | ATM=Z0972001 | k=1 | y=1 | q=300000 | p=0 | w=1 | gamma=300000
t=1 | ATM=Z1169001 | k=1 | y=1 | q=300000 | p=0 | w=1 | gamma=300000
t=1 | ATM=Z1367001 | k=1 | y=1 | q=300000 | p=0 | w=1 | gamma=300000
t=1 | ATM=Z1524001 | k=1 | y=1 | q=300000 | p=0 | w=1 | gamma=300000
t=1 | ATM=Z1665001 | k=1 | y=1 | q=300000 | p=0 | w=1 | gamma=300000
t=1 | ATM=Z1769001 | k=1 | y=1 | q=300000 | p=0 | w=1 | gamma=300000
t=1 | ATM=Z2135001 | k=1 | y=1 | q=300000 | p=0 | w=1 | gamma=300000
t=1 | used_edges=17
t=2 | ATM=Z0241002 | k=1 | y=1 | q=300000 | p=0 | w=1 | gamma=300000
t=2 | ATM=Z0241004 | k=1 | y=1 | q=300000 | p=0 | w=1 | gamma=300000
t=2 | ATM=Z0276001 | k=1 | y=1 | q=300000 | p=0 | w=1 | gamma=300000
t=2 | ATM=Z0276002 | k=1 | y=1 | q=300000 | p=0 | w=1 | gamma=300000
t=2 | ATM=Z0283001 | k=1 | y=1 | q=300000 | p=0 | w=1 | gamma=300000
t=2 | ATM=Z0284001 | k=1 | y=1 | q=400000 | p=239213 | w=2 | gamma=400000
t=2 | ATM=Z0646002 | k=1 | y=1 | q=300000 | p=255648 | w=1 | gamma=300000
t=2 | ATM=Z0908001 | k=1 | y=1 | q=300000 | p=252926 | w=1 | gamma=300000
t=2 | ATM=Z0951001 | k=1 | y=1 | q=300000 | p=253544 | w=1 | gamma=300000
t=2 | ATM=Z0951002 | k=1 | y=1 | q=300000 | p=0 | w=1 | gamma=300000
t=2 | ATM=Z1119001 | k=1 | y=1 | q=300000 | p=0 | w=1 | gamma=300000
t=2 | used_edges=12
t=3 | ATM=Z0241007 | k=1 | y=1 | q=300000 | p=0 | w=1 | gamma=300000
t=3 | ATM=Z1031002 | k=1 | y=1 | q=300000 | p=0 | w=1 | gamma=300000
t=3 | ATM=Z1119001 | k=1 | y=1 | q=300000 | p=264183 | w=1 | gamma=300000
t=3 | ATM=Z1367001 | k=1 | y=1 | q=300000 | p=172302 | w=1 | gamma=300000
t=3 | ATM=Z1899001 | k=1 | y=1 | q=300000 | p=0 | w=1 | gamma=300000
t=3 | ATM=Z1899002 | k=1 | y=1 | q=300000 | p=0 | w=1 | gamma=300000
t=3 | ATM=Z2135002 | k=1 | y=1 | q=300000 | p=0 | w=1 | gamma=300000
t=3 | used_edges=8
t=4 | ATM=Z0646001 | k=1 | y=1 | q=300000 | p=146391 | w=1 | gamma=300000
t=4 | ATM=Z0899001 | k=1 | y=1 | q=300000 | p=70704 | w=1 | gamma=300000
t=4 | ATM=Z1769001 | k=1 | y=1 | q=300000 | p=139699 | w=1 | gamma=300000
t=4 | used_edges=4
t=5: (no service)
t=6 | ATM=Z0241005 | k=1 | y=1 | q=300000 | p=0 | w=1 | gamma=300000
t=6 | used_edges=1
t=7: (no service)
=============================================================


================= DAILY ROUTES =================

Day t=1, k=1:
  total_km   = 133.865 km
  route_cost = 334.662 €
  used edges:
    DEPOT -- Z0284001   (x=1, dist=23.470 km)
    DEPOT -- Z1169001   (x=1, dist=3.691 km)
    Z0284001 -- Z0951001   (x=1, dist=1.201 km)
    Z0386001 -- Z0386002   (x=1, dist=0.000 km)
    Z0386001 -- Z0386003   (x=1, dist=0.000 km)
    Z0386002 -- Z0951001   (x=1, dist=2.059 km)
    Z0386003 -- Z1367001   (x=1, dist=24.480 km)
    Z0646001 -- Z0646002   (x=1, dist=0.000 km)
    Z0646001 -- Z0899001   (x=1, dist=1.079 km)
    Z0646002 -- Z1524001   (x=1, dist=5.229 km)
    Z0899001 -- Z0908001   (x=1, dist=2.653 km)
    Z0908001 -- Z0972001   (x=1, dist=11.578 km)
    Z0972001 -- Z2135001   (x=1, dist=22.888 km)
    Z1169001 -- Z1524001   (x=1, dist=2.783 km)
    Z1367001 -- Z1665001   (x=1, dist=15.865 km)
    Z1665001 -- Z1769001   (x=1, dist=14.973 km)
    Z1769001 -- Z2135001   (x=1, dist=1.916 km)
  reconstructed tour: DEPOT -> Z0284001 -> Z0951001 -> Z0386002 -> Z0386001 -> Z0386003 -> Z1367001 -> Z1665001 -> Z1769001 -> Z2135001 -> Z0972001 -> Z0908001 -> Z0899001 -> Z0646001 -> Z0646002 -> Z1524001 -> Z1169001 -> DEPOT

Day t=2, k=1:
  total_km   = 75.128 km
  route_cost = 187.821 €
  used edges:
    DEPOT -- Z0283001   (x=1, dist=12.982 km)
    DEPOT -- Z1119001   (x=1, dist=9.747 km)
    Z0241002 -- Z0241004   (x=1, dist=0.000 km)
    Z0241002 -- Z0276001   (x=1, dist=11.386 km)
    Z0241004 -- Z0646002   (x=1, dist=8.867 km)
    Z0276001 -- Z0276002   (x=1, dist=0.000 km)
    Z0276002 -- Z0284001   (x=1, dist=11.309 km)
    Z0283001 -- Z0908001   (x=1, dist=1.478 km)
    Z0284001 -- Z0951002   (x=1, dist=1.201 km)
    Z0646002 -- Z0908001   (x=1, dist=3.716 km)
    Z0951001 -- Z0951002   (x=1, dist=0.000 km)
    Z0951001 -- Z1119001   (x=1, dist=14.443 km)
  reconstructed tour: DEPOT -> Z0283001 -> Z0908001 -> Z0646002 -> Z0241004 -> Z0241002 -> Z0276001 -> Z0276002 -> Z0284001 -> Z0951002 -> Z0951001 -> Z1119001 -> DEPOT

Day t=3, k=1:
  total_km   = 39.987 km
  route_cost = 99.968 €
  used edges:
    DEPOT -- Z0241007   (x=1, dist=1.579 km)
    DEPOT -- Z2135002   (x=1, dist=7.077 km)
    Z0241007 -- Z1031002   (x=1, dist=4.766 km)
    Z1031002 -- Z1119001   (x=1, dist=5.034 km)
    Z1119001 -- Z1367001   (x=1, dist=9.926 km)
    Z1367001 -- Z1899001   (x=1, dist=10.238 km)
    Z1899001 -- Z1899002   (x=1, dist=0.000 km)
    Z1899002 -- Z2135002   (x=1, dist=1.367 km)
  reconstructed tour: DEPOT -> Z0241007 -> Z1031002 -> Z1119001 -> Z1367001 -> Z1899001 -> Z1899002 -> Z2135002 -> DEPOT

Day t=4, k=1:
  total_km   = 28.980 km
  route_cost = 72.450 €
  used edges:
    DEPOT -- Z0646001   (x=1, dist=8.856 km)
    DEPOT -- Z1769001   (x=1, dist=8.968 km)
    Z0646001 -- Z0899001   (x=1, dist=1.079 km)
    Z0899001 -- Z1769001   (x=1, dist=10.077 km)
  reconstructed tour: DEPOT -> Z0646001 -> Z0899001 -> Z1769001 -> DEPOT

Day t=5, k=1: (no route)

Day t=6, k=1:
  total_km   = 3.158 km
  route_cost = 7.895 €
  used edges:
    DEPOT -- Z0241005   (x=2, dist=1.579 km)
  reconstructed tour: DEPOT -> Z0241005 -> DEPOT

Day t=7, k=1: (no route)
================================================


-- Optimality diagnostics --
Status: 9
SolCount: 10
ObjVal   : 42429.108930
ObjBound : 27177.886663
MIPGap   : 0.3594518634
AbsGap   : 15251.222268

================================================================================
FINAL SUMMARY
Status: 9 | SolCount: 10
Objective: 42429.10893042947

================= OBJECTIVE BREAKDOWN =================
inv_cost      = 25786.181595
stockout_cost = 15940.131137
route_cost    = 702.796198
sum(components)= 42429.108930
model.ObjVal   = 42429.108930
diff           = 2.182787e-11
=======================================================

Sanity checks passed? False
================================================================================

