Using atm_master_file: /Users/ahmetserdargeze/Desktop/selen/proje/outputs/weeklyavg_FIXED_end_20070225_atm_master.csv 2026-03-05 23:51:06.644075
Using edges_file     : /Users/ahmetserdargeze/Desktop/selen/proje/outputs/weeklyavg_FIXED_end_20070225_edges_dist_km.csv 2026-03-05 23:51:04.963497
Using r_file (DEMAND): /Users/ahmetserdargeze/Desktop/selen/proje/outputs/weeklyavg_Scenario1_end_20070401_r_nextweek.json 2026-03-06 17:53:39.598137
Using run_report_file: run_report_end_20070401.log
=== START OPTIMIZE ===
=== END OPTIMIZE ===

================= POST-SOLVE ANALYSIS =================
Status: TIME_LIMIT
Objective value: 50073.99121431679
Summary: total visits=34, total used-edges=38

-- Inventory/Shortage Summary --
Total inventory sum(I): 16233631.21
Max inventory: 270599.80 at ATM 41 t=4
Total shortage sum(S): 3323923.86
Shortage events count: 141
Max shortage: 189755.45 at ATM 26 t=2

================= SANITY CHECKS =================

-- Checking Inventory Balance --
Inventory balance checks: 294 checked, 0 failed

-- Checking Cassette Consistency (only when visited / q>0) --
✗ ATM 7, k=1, t=3 cassette mismatch: q=0.019693 vs rhs=0.000000
Cassette checks: 42 checked, 1 failed

-- Checking Pickup Logic (only when visited / p>0) --
Pickup checks: 38 checked, 0 failed

-- Checking Degree Constraints --
Degree checks: 301 checked, 0 failed

========================================
Some sanity checks FAILED.
========================================


================================================================================
FINAL SUMMARY
Status: 9 | SolCount: 10
Objective: 50073.99121431679
Sanity checks passed? False
================================================================================


================= SERVICE SUMMARY (COMPACT) =================
Objective (total cost): 50073.99
t=1 | ATM=Z0241003 | k=1 | y=1 | q=300000 | p=0 | w=1 | gamma=300000
t=1 | ATM=Z0241004 | k=1 | y=1 | q=300000 | p=0 | w=1 | gamma=300000
t=1 | ATM=Z0284001 | k=1 | y=1 | q=300000 | p=0 | w=1 | gamma=300000
t=1 | ATM=Z0386003 | k=1 | y=1 | q=300000 | p=0 | w=1 | gamma=300000
t=1 | ATM=Z0646001 | k=1 | y=1 | q=300000 | p=0 | w=1 | gamma=300000
t=1 | ATM=Z0646002 | k=1 | y=1 | q=300000 | p=0 | w=1 | gamma=300000
t=1 | ATM=Z0899001 | k=1 | y=1 | q=400000 | p=0 | w=2 | gamma=400000
t=1 | ATM=Z0908001 | k=1 | y=1 | q=300000 | p=0 | w=1 | gamma=300000
t=1 | ATM=Z0972001 | k=1 | y=1 | q=300000 | p=0 | w=1 | gamma=300000
t=1 | ATM=Z1031002 | k=1 | y=1 | q=300000 | p=0 | w=1 | gamma=300000
t=1 | ATM=Z1119001 | k=1 | y=1 | q=300000 | p=0 | w=1 | gamma=300000
t=1 | ATM=Z1169001 | k=1 | y=1 | q=300000 | p=0 | w=1 | gamma=300000
t=1 | ATM=Z1367001 | k=1 | y=1 | q=400000 | p=0 | w=2 | gamma=400000
t=1 | ATM=Z1665001 | k=1 | y=1 | q=300000 | p=0 | w=1 | gamma=300000
t=1 | ATM=Z1769001 | k=1 | y=1 | q=300000 | p=0 | w=1 | gamma=300000
t=1 | ATM=Z2135001 | k=1 | y=1 | q=300000 | p=0 | w=1 | gamma=300000
t=1 | used_edges=17
t=2 | ATM=Z0241002 | k=1 | y=1 | q=300000 | p=0 | w=1 | gamma=300000
t=2 | ATM=Z0276001 | k=1 | y=1 | q=300000 | p=0 | w=1 | gamma=300000
t=2 | ATM=Z0284001 | k=1 | y=1 | q=300000 | p=0 | w=1 | gamma=300000
t=2 | ATM=Z0386001 | k=1 | y=1 | q=300000 | p=0 | w=1 | gamma=300000
t=2 | ATM=Z0386002 | k=1 | y=1 | q=300000 | p=0 | w=1 | gamma=300000
t=2 | ATM=Z0646001 | k=1 | y=1 | q=300000 | p=69606 | w=1 | gamma=300000
t=2 | ATM=Z0646002 | k=1 | y=1 | q=300000 | p=72768 | w=1 | gamma=300000
t=2 | ATM=Z0899001 | k=1 | y=1 | q=300000 | p=8384 | w=1 | gamma=300000
t=2 | ATM=Z0908001 | k=1 | y=1 | q=300000 | p=35008 | w=1 | gamma=300000
t=2 | ATM=Z0951001 | k=1 | y=1 | q=300000 | p=0 | w=1 | gamma=300000
t=2 | ATM=Z0951002 | k=1 | y=1 | q=300000 | p=0 | w=1 | gamma=300000
t=2 | ATM=Z1119001 | k=1 | y=1 | q=300000 | p=62348 | w=1 | gamma=300000
t=2 | ATM=Z1169001 | k=1 | y=1 | q=300000 | p=57833 | w=1 | gamma=300000
t=2 | ATM=Z1367001 | k=1 | y=1 | q=300000 | p=37367 | w=1 | gamma=300000
t=2 | ATM=Z1524001 | k=1 | y=1 | q=300000 | p=0 | w=1 | gamma=300000
t=2 | ATM=Z1769001 | k=1 | y=1 | q=300000 | p=26134 | w=1 | gamma=300000
t=2 | used_edges=17
t=3 | ATM=Z2135001 | k=1 | y=1 | q=300000 | p=25996 | w=1 | gamma=300000
t=3 | ATM=Z2135002 | k=1 | y=1 | q=300000 | p=0 | w=1 | gamma=300000
t=3 | used_edges=3
t=4: (no service)
t=5: (no service)
t=6: (no service)
t=7: (no service)
=============================================================


================= DAILY ROUTES =================

Day t=1, k=1:
  total_km   = 134.047 km
  route_cost = 335.118 €
  used edges:
    DEPOT -- Z0241003   (x=1, dist=1.579 km)
    DEPOT -- Z1169001   (x=1, dist=3.691 km)
    Z0241003 -- Z0241004   (x=1, dist=0.000 km)
    Z0241004 -- Z1031002   (x=1, dist=4.766 km)
    Z0284001 -- Z0386003   (x=1, dist=3.043 km)
    Z0284001 -- Z1119001   (x=1, dist=13.861 km)
    Z0386003 -- Z1367001   (x=1, dist=24.480 km)
    Z0646001 -- Z0646002   (x=1, dist=0.000 km)
    Z0646001 -- Z0899001   (x=1, dist=1.079 km)
    Z0646002 -- Z1169001   (x=1, dist=6.642 km)
    Z0899001 -- Z0908001   (x=1, dist=2.653 km)
    Z0908001 -- Z0972001   (x=1, dist=11.578 km)
    Z0972001 -- Z2135001   (x=1, dist=22.888 km)
    Z1031002 -- Z1119001   (x=1, dist=5.034 km)
    Z1367001 -- Z1665001   (x=1, dist=15.865 km)
    Z1665001 -- Z1769001   (x=1, dist=14.973 km)
    Z1769001 -- Z2135001   (x=1, dist=1.916 km)
  reconstructed tour: DEPOT -> Z0241003 -> Z0241004 -> Z1031002 -> Z1119001 -> Z0284001 -> Z0386003 -> Z1367001 -> Z1665001 -> Z1769001 -> Z2135001 -> Z0972001 -> Z0908001 -> Z0899001 -> Z0646001 -> Z0646002 -> Z1169001 -> DEPOT

Day t=2, k=1:
  total_km   = 92.247 km
  route_cost = 230.617 €
  used edges:
    DEPOT -- Z0241002   (x=1, dist=1.579 km)
    DEPOT -- Z1169001   (x=1, dist=3.691 km)
    Z0241002 -- Z1119001   (x=1, dist=9.169 km)
    Z0276001 -- Z0284001   (x=1, dist=11.309 km)
    Z0276001 -- Z1119001   (x=1, dist=3.712 km)
    Z0284001 -- Z0951001   (x=1, dist=1.201 km)
    Z0386001 -- Z0386002   (x=1, dist=0.000 km)
    Z0386001 -- Z1367001   (x=1, dist=24.480 km)
    Z0386002 -- Z0951002   (x=1, dist=2.059 km)
    Z0646001 -- Z0646002   (x=1, dist=0.000 km)
    Z0646001 -- Z0899001   (x=1, dist=1.079 km)
    Z0646002 -- Z1524001   (x=1, dist=5.229 km)
    Z0899001 -- Z0908001   (x=1, dist=2.653 km)
    Z0908001 -- Z1769001   (x=1, dist=12.020 km)
    Z0951001 -- Z0951002   (x=1, dist=0.000 km)
    Z1169001 -- Z1524001   (x=1, dist=2.783 km)
    Z1367001 -- Z1769001   (x=1, dist=11.282 km)
  reconstructed tour: DEPOT -> Z0241002 -> Z1119001 -> Z0276001 -> Z0284001 -> Z0951001 -> Z0951002 -> Z0386002 -> Z0386001 -> Z1367001 -> Z1769001 -> Z0908001 -> Z0899001 -> Z0646001 -> Z0646002 -> Z1524001 -> Z1169001 -> DEPOT

Day t=3, k=1:
  total_km   = 14.155 km
  route_cost = 35.387 €
  used edges:
    DEPOT -- Z2135001   (x=1, dist=7.077 km)
    DEPOT -- Z2135002   (x=1, dist=7.077 km)
    Z2135001 -- Z2135002   (x=1, dist=0.000 km)
  reconstructed tour: DEPOT -> Z2135001 -> Z2135002 -> DEPOT

Day t=4, k=1: (no route)

Day t=5, k=1: (no route)

Day t=6, k=1: (no route)

Day t=7, k=1: (no route)
================================================


-- Optimality diagnostics --
Status: 9
SolCount: 10
ObjVal   : 50073.991214
ObjBound : 38705.405657
MIPGap   : 0.2270357381
AbsGap   : 11368.585557

================================================================================
FINAL SUMMARY
Status: 9 | SolCount: 10
Objective: 50073.99121431679

================= OBJECTIVE BREAKDOWN =================
inv_cost      = 16233.631208
stockout_cost = 33239.238624
route_cost    = 601.121383
sum(components)= 50073.991214
model.ObjVal   = 50073.991214
diff           = 1.455192e-11
=======================================================

Sanity checks passed? False
================================================================================

